C:\Program Files\Microsoft Visual Studio\2022\Community\MSBuild\Microsoft\VC\v160\Microsoft.CppCommon.targets(39,5): warning MSB4211: a propriedade "IntermediateOutputPath" está sendo definida para um valor pela primeira vez, mas já foi consumida em "C:\Program Files\Microsoft Visual Studio\2022\Community\MSBuild\Microsoft\VC\v160\Microsoft.CppCommon.targets (38,5)".
C:\Program Files\Microsoft Visual Studio\2022\Community\MSBuild\Microsoft\VC\v160\Microsoft.BuildSteps.Targets(30,5): warning MSB4211: a propriedade "DebugType" está sendo definida para um valor pela primeira vez, mas já foi consumida em "C:\Program Files\Microsoft Visual Studio\2022\Community\MSBuild\Microsoft\VC\v160\Microsoft.BuildSteps.Targets (29,5)".
C:\Program Files\Microsoft Visual Studio\2022\Community\MSBuild\Current\Bin\amd64\Microsoft.Common.CurrentVersion.targets(373,5): warning MSB4211: a propriedade "CleanFile" está sendo definida para um valor pela primeira vez, mas já foi consumida em "C:\Program Files\Microsoft Visual Studio\2022\Community\MSBuild\Microsoft\VC\v160\Microsoft.CppCommon.targets (38,5)".
C:\Program Files\Microsoft Visual Studio\2022\Community\MSBuild\Microsoft\VC\v160\Microsoft.CppBuild.targets(1095,5): warning MSB4211: a propriedade "GetTargetPathDependsOn" está sendo definida para um valor pela primeira vez, mas já foi consumida em "C:\Program Files\Microsoft Visual Studio\2022\Community\MSBuild\Current\Bin\amd64\Microsoft.Common.CurrentVersion.targets (2243,5)".
cl : linha de comando warning D9035: opção 'Gm' foi preterida e será removida em uma versão futura
  CSigMngr.cpp
  csdm_util.cpp
F:\SteamFAST\steamapps\common\Half-Life\cstrike\addons\amxmodx\modules\src\amxxmodule.h(16,10): fatal error C1083: Não é possível abrir arquivo incluir: 'extdll.h': No such file or directory
  csdm_timer.cpp
F:\SteamFAST\steamapps\common\Half-Life\cstrike\addons\amxmodx\modules\src\amxxmodule.h(16,10): fatal error C1083: Não é possível abrir arquivo incluir: 'extdll.h': No such file or directory
  csdm_tasks.cpp
F:\SteamFAST\steamapps\common\Half-Life\cstrike\addons\amxmodx\modules\src\amxxmodule.h(16,10): fatal error C1083: Não é possível abrir arquivo incluir: 'extdll.h': No such file or directory
  csdm_spawning.cpp
F:\SteamFAST\steamapps\common\Half-Life\cstrike\addons\amxmodx\modules\src\amxxmodule.h(16,10): fatal error C1083: Não é possível abrir arquivo incluir: 'extdll.h': No such file or directory
  csdm_player.cpp
F:\SteamFAST\steamapps\common\Half-Life\cstrike\addons\amxmodx\modules\src\amxxmodule.h(16,10): fatal error C1083: Não é possível abrir arquivo incluir: 'extdll.h': No such file or directory
  csdm_natives.cpp
F:\SteamFAST\steamapps\common\Half-Life\cstrike\addons\amxmodx\modules\src\amxxmodule.h(16,10): fatal error C1083: Não é possível abrir arquivo incluir: 'extdll.h': No such file or directory
  csdm_mm.cpp
F:\SteamFAST\steamapps\common\Half-Life\cstrike\addons\amxmodx\modules\src\amxxmodule.h(16,10): fatal error C1083: Não é possível abrir arquivo incluir: 'extdll.h': No such file or directory
  csdm_message.cpp
F:\SteamFAST\steamapps\common\Half-Life\cstrike\addons\amxmodx\modules\src\CString.h(78,3): warning C4996: 'strcat': This function or variable may be unsafe. Consider using strcat_s instead. To disable deprecation, use _CRT_SECURE_NO_WARNINGS. See online help for details.
F:\SteamFAST\steamapps\common\Half-Life\cstrike\addons\amxmodx\modules\src\CString.h(93,3): warning C4996: 'strcat': This function or variable may be unsafe. Consider using strcat_s instead. To disable deprecation, use _CRT_SECURE_NO_WARNINGS. See online help for details.
F:\SteamFAST\steamapps\common\Half-Life\cstrike\addons\amxmodx\modules\src\CString.h(108,4): warning C4996: 'strcpy': This function or variable may be unsafe. Consider using strcpy_s instead. To disable deprecation, use _CRT_SECURE_NO_WARNINGS. See online help for details.
F:\SteamFAST\steamapps\common\Half-Life\cstrike\addons\amxmodx\modules\src\CString.h(114,4): warning C4996: 'strcpy': This function or variable may be unsafe. Consider using strcpy_s instead. To disable deprecation, use _CRT_SECURE_NO_WARNINGS. See online help for details.
F:\SteamFAST\steamapps\common\Half-Life\cstrike\addons\amxmodx\modules\src\CString.h(391,5): warning C4996: 'strcpy': This function or variable may be unsafe. Consider using strcpy_s instead. To disable deprecation, use _CRT_SECURE_NO_WARNINGS. See online help for details.
  csdm_config.cpp
F:\SteamFAST\steamapps\common\Half-Life\cstrike\addons\amxmodx\modules\src\amxxmodule.h(16,10): fatal error C1083: Não é possível abrir arquivo incluir: 'extdll.h': No such file or directory
  csdm_amxx.cpp
F:\SteamFAST\steamapps\common\Half-Life\cstrike\addons\amxmodx\modules\src\amxxmodule.h(16,10): fatal error C1083: Não é possível abrir arquivo incluir: 'extdll.h': No such file or directory
  amxxmodule.cpp
F:\SteamFAST\steamapps\common\Half-Life\cstrike\addons\amxmodx\modules\src\amxxmodule.h(16,10): fatal error C1083: Não é possível abrir arquivo incluir: 'extdll.h': No such file or directory
  Gerando Código...
