L 03/01/2026 - 19:38:59: Log file started (file "cstrike/addons/amxmodx/logs/dmaplog0301.log") (game "cstrike") (amx "1.10.0.5474")
L 03/01/2026 - 19:38:59: Did not ban any maps from mapstoban.ini file
L 03/01/2026 - 19:38:59: Loaded 0 Maps into the maps that will be picked for the vote
L 03/01/2026 - 19:38:59: 0 Maps were not loaded because they were the last maps played, or defined twice, or banned
L 03/01/2026 - 19:38:59: Found 16 Maps in your mapcycle.txt/allmaps.txt file, 14 are available for filling slots
L 03/01/2026 - 19:40:01: Did not ban any maps from mapstoban.ini file
L 03/01/2026 - 19:40:01: Loaded 0 Maps into the maps that will be picked for the vote
L 03/01/2026 - 19:40:01: 0 Maps were not loaded because they were the last maps played, or defined twice, or banned
L 03/01/2026 - 19:40:02: Found 16 Maps in your mapcycle.txt/allmaps.txt file, 15 are available for filling slots
L 03/01/2026 - 19:45:38: Did not ban any maps from mapstoban.ini file
L 03/01/2026 - 19:45:38: Loaded 0 Maps into the maps that will be picked for the vote
L 03/01/2026 - 19:45:38: 0 Maps were not loaded because they were the last maps played, or defined twice, or banned
L 03/01/2026 - 19:45:38: Found 16 Maps in your mapcycle.txt/allmaps.txt file, 15 are available for filling slots
L 03/01/2026 - 19:48:17: Did not ban any maps from mapstoban.ini file
L 03/01/2026 - 19:48:17: Loaded 0 Maps into the maps that will be picked for the vote
L 03/01/2026 - 19:48:17: 0 Maps were not loaded because they were the last maps played, or defined twice, or banned
L 03/01/2026 - 19:48:17: Found 16 Maps in your mapcycle.txt/allmaps.txt file, 15 are available for filling slots
L 03/01/2026 - 19:50:41: Did not ban any maps from mapstoban.ini file
L 03/01/2026 - 19:50:41: Loaded 0 Maps into the maps that will be picked for the vote
L 03/01/2026 - 19:50:41: 0 Maps were not loaded because they were the last maps played, or defined twice, or banned
L 03/01/2026 - 19:50:42: Found 16 Maps in your mapcycle.txt/allmaps.txt file, 16 are available for filling slots
L 03/01/2026 - 19:59:56: Did not ban any maps from mapstoban.ini file
L 03/01/2026 - 19:59:56: Loaded 0 Maps into the maps that will be picked for the vote
L 03/01/2026 - 19:59:56: 0 Maps were not loaded because they were the last maps played, or defined twice, or banned
L 03/01/2026 - 19:59:56: Found 16 Maps in your mapcycle.txt/allmaps.txt file, 16 are available for filling slots
L 03/01/2026 - 20:18:08: Nominations for the map vote: 0 out of 5 possible nominations
L 03/01/2026 - 20:18:08: Filled 12 slots in the fill maps array with maps from mapcycle.txt, 0 are custom
L 03/01/2026 - 20:18:08: Randomly Filling slots for the vote with 5 out of 12
L 03/01/2026 - 20:18:08: Filled 5 vote slots with random maps, 0 are custom
L 03/01/2026 - 20:18:08: Vote: Voting for the nextmap started
L 03/01/2026 - 20:18:28: Vote: Voting for the nextmap finished. The nextmap will be cs_office
L 03/01/2026 - 20:37:55: Did not ban any maps from mapstoban.ini file
L 03/01/2026 - 20:37:56: Loaded 0 Maps into the maps that will be picked for the vote
L 03/01/2026 - 20:37:56: 0 Maps were not loaded because they were the last maps played, or defined twice, or banned
L 03/01/2026 - 20:37:56: Found 16 Maps in your mapcycle.txt/allmaps.txt file, 16 are available for filling slots
L 03/01/2026 - 20:44:45: Did not ban any maps from mapstoban.ini file
L 03/01/2026 - 20:44:45: Loaded 0 Maps into the maps that will be picked for the vote
L 03/01/2026 - 20:44:45: 0 Maps were not loaded because they were the last maps played, or defined twice, or banned
L 03/01/2026 - 20:44:45: Found 16 Maps in your mapcycle.txt/allmaps.txt file, 16 are available for filling slots
L 03/01/2026 - 21:00:27: Did not ban any maps from mapstoban.ini file
L 03/01/2026 - 21:00:27: Loaded 0 Maps into the maps that will be picked for the vote
L 03/01/2026 - 21:00:27: 0 Maps were not loaded because they were the last maps played, or defined twice, or banned
L 03/01/2026 - 21:00:27: Found 16 Maps in your mapcycle.txt/allmaps.txt file, 16 are available for filling slots
