L 03/03/2026 - 14:24:24: Log file started (file "cstrike/addons/amxmodx/logs/dmaplog0303.log") (game "cstrike") (amx "1.10.0.5474")
L 03/03/2026 - 14:24:24: Did not ban any maps from mapstoban.ini file
L 03/03/2026 - 14:24:24: Loaded 0 Maps into the maps that will be picked for the vote
L 03/03/2026 - 14:24:24: 0 Maps were not loaded because they were the last maps played, or defined twice, or banned
L 03/03/2026 - 14:24:24: Found 16 Maps in your mapcycle.txt/allmaps.txt file, 16 are available for filling slots
L 03/03/2026 - 14:42:36: Nominations for the map vote: 0 out of 5 possible nominations
L 03/03/2026 - 14:42:36: Filled 12 slots in the fill maps array with maps from mapcycle.txt, 0 are custom
L 03/03/2026 - 14:42:36: Randomly Filling slots for the vote with 5 out of 12
L 03/03/2026 - 14:42:36: Filled 5 vote slots with random maps, 0 are custom
L 03/03/2026 - 14:42:36: Vote: Voting for the nextmap started
L 03/03/2026 - 14:42:56: Vote: Voting for the nextmap finished. The nextmap will be de_cbble
L 03/03/2026 - 14:43:41: Did not ban any maps from mapstoban.ini file
L 03/03/2026 - 14:43:41: Loaded 0 Maps into the maps that will be picked for the vote
L 03/03/2026 - 14:43:41: 0 Maps were not loaded because they were the last maps played, or defined twice, or banned
L 03/03/2026 - 14:43:41: Found 16 Maps in your mapcycle.txt/allmaps.txt file, 15 are available for filling slots
L 03/03/2026 - 14:46:26: Did not ban any maps from mapstoban.ini file
L 03/03/2026 - 14:46:27: Loaded 0 Maps into the maps that will be picked for the vote
L 03/03/2026 - 14:46:27: 0 Maps were not loaded because they were the last maps played, or defined twice, or banned
L 03/03/2026 - 14:46:27: Found 16 Maps in your mapcycle.txt/allmaps.txt file, 15 are available for filling slots
L 03/03/2026 - 14:52:21: Did not ban any maps from mapstoban.ini file
L 03/03/2026 - 14:52:21: Loaded 0 Maps into the maps that will be picked for the vote
L 03/03/2026 - 14:52:21: 0 Maps were not loaded because they were the last maps played, or defined twice, or banned
L 03/03/2026 - 14:52:21: Found 16 Maps in your mapcycle.txt/allmaps.txt file, 15 are available for filling slots
L 03/03/2026 - 15:06:29: Did not ban any maps from mapstoban.ini file
L 03/03/2026 - 15:06:29: Loaded 0 Maps into the maps that will be picked for the vote
L 03/03/2026 - 15:06:29: 0 Maps were not loaded because they were the last maps played, or defined twice, or banned
L 03/03/2026 - 15:06:29: Found 16 Maps in your mapcycle.txt/allmaps.txt file, 15 are available for filling slots
L 03/03/2026 - 15:24:23: Did not ban any maps from mapstoban.ini file
L 03/03/2026 - 15:24:23: Loaded 0 Maps into the maps that will be picked for the vote
L 03/03/2026 - 15:24:23: 0 Maps were not loaded because they were the last maps played, or defined twice, or banned
L 03/03/2026 - 15:24:23: Found 16 Maps in your mapcycle.txt/allmaps.txt file, 15 are available for filling slots
L 03/03/2026 - 15:38:58: Did not ban any maps from mapstoban.ini file
L 03/03/2026 - 15:38:58: Loaded 0 Maps into the maps that will be picked for the vote
L 03/03/2026 - 15:38:58: 0 Maps were not loaded because they were the last maps played, or defined twice, or banned
L 03/03/2026 - 15:38:58: Found 16 Maps in your mapcycle.txt/allmaps.txt file, 15 are available for filling slots
L 03/03/2026 - 15:50:33: Did not ban any maps from mapstoban.ini file
L 03/03/2026 - 15:50:33: Loaded 0 Maps into the maps that will be picked for the vote
L 03/03/2026 - 15:50:33: 0 Maps were not loaded because they were the last maps played, or defined twice, or banned
L 03/03/2026 - 15:50:34: Found 16 Maps in your mapcycle.txt/allmaps.txt file, 15 are available for filling slots
L 03/03/2026 - 16:02:31: Did not ban any maps from mapstoban.ini file
L 03/03/2026 - 16:02:31: Loaded 0 Maps into the maps that will be picked for the vote
L 03/03/2026 - 16:02:31: 0 Maps were not loaded because they were the last maps played, or defined twice, or banned
L 03/03/2026 - 16:02:31: Found 16 Maps in your mapcycle.txt/allmaps.txt file, 16 are available for filling slots
L 03/03/2026 - 16:06:22: Did not ban any maps from mapstoban.ini file
L 03/03/2026 - 16:06:22: Loaded 0 Maps into the maps that will be picked for the vote
L 03/03/2026 - 16:06:22: 0 Maps were not loaded because they were the last maps played, or defined twice, or banned
L 03/03/2026 - 16:06:22: Found 16 Maps in your mapcycle.txt/allmaps.txt file, 16 are available for filling slots
L 03/03/2026 - 16:14:57: Did not ban any maps from mapstoban.ini file
L 03/03/2026 - 16:14:57: Loaded 0 Maps into the maps that will be picked for the vote
L 03/03/2026 - 16:14:57: 0 Maps were not loaded because they were the last maps played, or defined twice, or banned
L 03/03/2026 - 16:14:57: Found 16 Maps in your mapcycle.txt/allmaps.txt file, 16 are available for filling slots
L 03/03/2026 - 16:17:13: Did not ban any maps from mapstoban.ini file
L 03/03/2026 - 16:17:13: Loaded 0 Maps into the maps that will be picked for the vote
L 03/03/2026 - 16:17:13: 0 Maps were not loaded because they were the last maps played, or defined twice, or banned
L 03/03/2026 - 16:17:13: Found 16 Maps in your mapcycle.txt/allmaps.txt file, 16 are available for filling slots
L 03/03/2026 - 16:23:25: Did not ban any maps from mapstoban.ini file
L 03/03/2026 - 16:23:25: Loaded 0 Maps into the maps that will be picked for the vote
L 03/03/2026 - 16:23:25: 0 Maps were not loaded because they were the last maps played, or defined twice, or banned
L 03/03/2026 - 16:23:25: Found 16 Maps in your mapcycle.txt/allmaps.txt file, 16 are available for filling slots
L 03/03/2026 - 16:36:18: Did not ban any maps from mapstoban.ini file
L 03/03/2026 - 16:36:18: Loaded 0 Maps into the maps that will be picked for the vote
L 03/03/2026 - 16:36:18: 0 Maps were not loaded because they were the last maps played, or defined twice, or banned
L 03/03/2026 - 16:36:19: Found 16 Maps in your mapcycle.txt/allmaps.txt file, 16 are available for filling slots
L 03/03/2026 - 16:38:42: Did not ban any maps from mapstoban.ini file
L 03/03/2026 - 16:38:42: Loaded 0 Maps into the maps that will be picked for the vote
L 03/03/2026 - 16:38:42: 0 Maps were not loaded because they were the last maps played, or defined twice, or banned
L 03/03/2026 - 16:38:42: Found 16 Maps in your mapcycle.txt/allmaps.txt file, 16 are available for filling slots
L 03/03/2026 - 16:42:03: Did not ban any maps from mapstoban.ini file
L 03/03/2026 - 16:42:03: Loaded 0 Maps into the maps that will be picked for the vote
L 03/03/2026 - 16:42:03: 0 Maps were not loaded because they were the last maps played, or defined twice, or banned
L 03/03/2026 - 16:42:03: Found 16 Maps in your mapcycle.txt/allmaps.txt file, 16 are available for filling slots
L 03/03/2026 - 16:42:51: Did not ban any maps from mapstoban.ini file
L 03/03/2026 - 16:42:51: Loaded 0 Maps into the maps that will be picked for the vote
L 03/03/2026 - 16:42:51: 0 Maps were not loaded because they were the last maps played, or defined twice, or banned
L 03/03/2026 - 16:42:51: Found 16 Maps in your mapcycle.txt/allmaps.txt file, 16 are available for filling slots
L 03/03/2026 - 16:52:39: Did not ban any maps from mapstoban.ini file
L 03/03/2026 - 16:52:39: Loaded 0 Maps into the maps that will be picked for the vote
L 03/03/2026 - 16:52:39: 0 Maps were not loaded because they were the last maps played, or defined twice, or banned
L 03/03/2026 - 16:52:39: Found 16 Maps in your mapcycle.txt/allmaps.txt file, 16 are available for filling slots
L 03/03/2026 - 17:12:06: Nominations for the map vote: 0 out of 5 possible nominations
L 03/03/2026 - 17:12:06: Filled 12 slots in the fill maps array with maps from mapcycle.txt, 0 are custom
L 03/03/2026 - 17:12:06: Randomly Filling slots for the vote with 5 out of 12
L 03/03/2026 - 17:12:06: Filled 5 vote slots with random maps, 0 are custom
L 03/03/2026 - 17:12:06: Vote: Voting for the nextmap started
L 03/03/2026 - 17:12:26: Vote: Voting for the nextmap finished. The nextmap will be cs_747
L 03/03/2026 - 17:13:01: Did not ban any maps from mapstoban.ini file
L 03/03/2026 - 17:13:01: Loaded 0 Maps into the maps that will be picked for the vote
L 03/03/2026 - 17:13:01: 0 Maps were not loaded because they were the last maps played, or defined twice, or banned
L 03/03/2026 - 17:13:02: Found 16 Maps in your mapcycle.txt/allmaps.txt file, 15 are available for filling slots
L 03/03/2026 - 17:29:24: Did not ban any maps from mapstoban.ini file
L 03/03/2026 - 17:29:24: Loaded 0 Maps into the maps that will be picked for the vote
L 03/03/2026 - 17:29:24: 0 Maps were not loaded because they were the last maps played, or defined twice, or banned
L 03/03/2026 - 17:29:24: Found 16 Maps in your mapcycle.txt/allmaps.txt file, 15 are available for filling slots
L 03/03/2026 - 17:41:46: Did not ban any maps from mapstoban.ini file
L 03/03/2026 - 17:41:46: Loaded 0 Maps into the maps that will be picked for the vote
L 03/03/2026 - 17:41:46: 0 Maps were not loaded because they were the last maps played, or defined twice, or banned
L 03/03/2026 - 17:41:47: Found 16 Maps in your mapcycle.txt/allmaps.txt file, 15 are available for filling slots
L 03/03/2026 - 17:52:19: Did not ban any maps from mapstoban.ini file
L 03/03/2026 - 17:52:19: Loaded 0 Maps into the maps that will be picked for the vote
L 03/03/2026 - 17:52:19: 0 Maps were not loaded because they were the last maps played, or defined twice, or banned
L 03/03/2026 - 17:52:19: Found 16 Maps in your mapcycle.txt/allmaps.txt file, 15 are available for filling slots
L 03/03/2026 - 17:57:50: Did not ban any maps from mapstoban.ini file
L 03/03/2026 - 17:57:50: Loaded 0 Maps into the maps that will be picked for the vote
L 03/03/2026 - 17:57:50: 0 Maps were not loaded because they were the last maps played, or defined twice, or banned
L 03/03/2026 - 17:57:50: Found 16 Maps in your mapcycle.txt/allmaps.txt file, 15 are available for filling slots
L 03/03/2026 - 17:58:53: Did not ban any maps from mapstoban.ini file
L 03/03/2026 - 17:58:53: Loaded 0 Maps into the maps that will be picked for the vote
L 03/03/2026 - 17:58:53: 0 Maps were not loaded because they were the last maps played, or defined twice, or banned
L 03/03/2026 - 17:58:54: Found 16 Maps in your mapcycle.txt/allmaps.txt file, 16 are available for filling slots
L 03/03/2026 - 17:59:51: Did not ban any maps from mapstoban.ini file
L 03/03/2026 - 17:59:51: Loaded 0 Maps into the maps that will be picked for the vote
L 03/03/2026 - 17:59:51: 0 Maps were not loaded because they were the last maps played, or defined twice, or banned
L 03/03/2026 - 17:59:51: Found 16 Maps in your mapcycle.txt/allmaps.txt file, 16 are available for filling slots
L 03/03/2026 - 18:01:41: Did not ban any maps from mapstoban.ini file
L 03/03/2026 - 18:01:41: Loaded 0 Maps into the maps that will be picked for the vote
L 03/03/2026 - 18:01:41: 0 Maps were not loaded because they were the last maps played, or defined twice, or banned
L 03/03/2026 - 18:01:41: Found 16 Maps in your mapcycle.txt/allmaps.txt file, 16 are available for filling slots
L 03/03/2026 - 18:05:36: Did not ban any maps from mapstoban.ini file
L 03/03/2026 - 18:05:36: Loaded 0 Maps into the maps that will be picked for the vote
L 03/03/2026 - 18:05:36: 0 Maps were not loaded because they were the last maps played, or defined twice, or banned
L 03/03/2026 - 18:05:36: Found 16 Maps in your mapcycle.txt/allmaps.txt file, 16 are available for filling slots
L 03/03/2026 - 18:10:13: Did not ban any maps from mapstoban.ini file
L 03/03/2026 - 18:10:13: Loaded 0 Maps into the maps that will be picked for the vote
L 03/03/2026 - 18:10:13: 0 Maps were not loaded because they were the last maps played, or defined twice, or banned
L 03/03/2026 - 18:10:13: Found 16 Maps in your mapcycle.txt/allmaps.txt file, 16 are available for filling slots
L 03/03/2026 - 18:12:15: Did not ban any maps from mapstoban.ini file
L 03/03/2026 - 18:12:15: Loaded 0 Maps into the maps that will be picked for the vote
L 03/03/2026 - 18:12:15: 0 Maps were not loaded because they were the last maps played, or defined twice, or banned
L 03/03/2026 - 18:12:15: Found 16 Maps in your mapcycle.txt/allmaps.txt file, 16 are available for filling slots
L 03/03/2026 - 18:16:47: Did not ban any maps from mapstoban.ini file
L 03/03/2026 - 18:16:47: Loaded 0 Maps into the maps that will be picked for the vote
L 03/03/2026 - 18:16:47: 0 Maps were not loaded because they were the last maps played, or defined twice, or banned
L 03/03/2026 - 18:16:47: Found 16 Maps in your mapcycle.txt/allmaps.txt file, 16 are available for filling slots
L 03/03/2026 - 18:21:12: Did not ban any maps from mapstoban.ini file
L 03/03/2026 - 18:21:12: Loaded 0 Maps into the maps that will be picked for the vote
L 03/03/2026 - 18:21:12: 0 Maps were not loaded because they were the last maps played, or defined twice, or banned
L 03/03/2026 - 18:21:12: Found 16 Maps in your mapcycle.txt/allmaps.txt file, 16 are available for filling slots
L 03/03/2026 - 18:39:39: Nominations for the map vote: 0 out of 5 possible nominations
L 03/03/2026 - 18:39:39: Filled 12 slots in the fill maps array with maps from mapcycle.txt, 0 are custom
L 03/03/2026 - 18:39:39: Randomly Filling slots for the vote with 5 out of 12
L 03/03/2026 - 18:39:39: Filled 5 vote slots with random maps, 0 are custom
L 03/03/2026 - 18:39:39: Vote: Voting for the nextmap started
L 03/03/2026 - 18:39:59: Vote: Voting for the nextmap finished. The nextmap will be cs_assault
L 03/03/2026 - 18:40:36: Did not ban any maps from mapstoban.ini file
L 03/03/2026 - 18:40:36: Loaded 0 Maps into the maps that will be picked for the vote
L 03/03/2026 - 18:40:36: 0 Maps were not loaded because they were the last maps played, or defined twice, or banned
L 03/03/2026 - 18:40:36: Found 16 Maps in your mapcycle.txt/allmaps.txt file, 15 are available for filling slots
L 03/03/2026 - 18:58:49: Nominations for the map vote: 0 out of 5 possible nominations
L 03/03/2026 - 18:58:49: Filled 12 slots in the fill maps array with maps from mapcycle.txt, 0 are custom
L 03/03/2026 - 18:58:49: Randomly Filling slots for the vote with 5 out of 12
L 03/03/2026 - 18:58:49: Filled 5 vote slots with random maps, 0 are custom
L 03/03/2026 - 18:58:49: Vote: Voting for the nextmap started
L 03/03/2026 - 18:59:09: Vote: Voting for the nextmap finished. The nextmap will be cs_office
L 03/03/2026 - 19:20:57: Did not ban any maps from mapstoban.ini file
L 03/03/2026 - 19:20:57: Loaded 0 Maps into the maps that will be picked for the vote
L 03/03/2026 - 19:20:57: 0 Maps were not loaded because they were the last maps played, or defined twice, or banned
L 03/03/2026 - 19:20:57: Found 16 Maps in your mapcycle.txt/allmaps.txt file, 15 are available for filling slots
L 03/03/2026 - 19:27:43: Did not ban any maps from mapstoban.ini file
L 03/03/2026 - 19:27:43: Loaded 0 Maps into the maps that will be picked for the vote
L 03/03/2026 - 19:27:43: 0 Maps were not loaded because they were the last maps played, or defined twice, or banned
L 03/03/2026 - 19:27:43: Found 16 Maps in your mapcycle.txt/allmaps.txt file, 15 are available for filling slots
L 03/03/2026 - 19:35:50: Did not ban any maps from mapstoban.ini file
L 03/03/2026 - 19:35:50: Loaded 0 Maps into the maps that will be picked for the vote
L 03/03/2026 - 19:35:50: 0 Maps were not loaded because they were the last maps played, or defined twice, or banned
L 03/03/2026 - 19:35:50: Found 16 Maps in your mapcycle.txt/allmaps.txt file, 15 are available for filling slots
L 03/03/2026 - 19:39:32: Did not ban any maps from mapstoban.ini file
L 03/03/2026 - 19:39:32: Loaded 0 Maps into the maps that will be picked for the vote
L 03/03/2026 - 19:39:32: 0 Maps were not loaded because they were the last maps played, or defined twice, or banned
L 03/03/2026 - 19:39:32: Found 16 Maps in your mapcycle.txt/allmaps.txt file, 15 are available for filling slots
L 03/03/2026 - 19:42:10: Did not ban any maps from mapstoban.ini file
L 03/03/2026 - 19:42:10: Loaded 0 Maps into the maps that will be picked for the vote
L 03/03/2026 - 19:42:10: 0 Maps were not loaded because they were the last maps played, or defined twice, or banned
L 03/03/2026 - 19:42:10: Found 16 Maps in your mapcycle.txt/allmaps.txt file, 16 are available for filling slots
L 03/03/2026 - 19:44:58: Did not ban any maps from mapstoban.ini file
L 03/03/2026 - 19:44:58: Loaded 0 Maps into the maps that will be picked for the vote
L 03/03/2026 - 19:44:58: 0 Maps were not loaded because they were the last maps played, or defined twice, or banned
L 03/03/2026 - 19:44:58: Found 16 Maps in your mapcycle.txt/allmaps.txt file, 16 are available for filling slots
L 03/03/2026 - 19:49:42: Did not ban any maps from mapstoban.ini file
L 03/03/2026 - 19:49:42: Loaded 0 Maps into the maps that will be picked for the vote
L 03/03/2026 - 19:49:42: 0 Maps were not loaded because they were the last maps played, or defined twice, or banned
L 03/03/2026 - 19:49:42: Found 16 Maps in your mapcycle.txt/allmaps.txt file, 16 are available for filling slots
L 03/03/2026 - 19:50:36: Did not ban any maps from mapstoban.ini file
L 03/03/2026 - 19:50:36: Loaded 0 Maps into the maps that will be picked for the vote
L 03/03/2026 - 19:50:36: 0 Maps were not loaded because they were the last maps played, or defined twice, or banned
L 03/03/2026 - 19:50:36: Found 16 Maps in your mapcycle.txt/allmaps.txt file, 16 are available for filling slots
L 03/03/2026 - 19:51:51: Did not ban any maps from mapstoban.ini file
L 03/03/2026 - 19:51:51: Loaded 0 Maps into the maps that will be picked for the vote
L 03/03/2026 - 19:51:51: 0 Maps were not loaded because they were the last maps played, or defined twice, or banned
L 03/03/2026 - 19:51:51: Found 16 Maps in your mapcycle.txt/allmaps.txt file, 16 are available for filling slots
L 03/03/2026 - 19:59:27: Did not ban any maps from mapstoban.ini file
L 03/03/2026 - 19:59:28: Loaded 0 Maps into the maps that will be picked for the vote
L 03/03/2026 - 19:59:28: 0 Maps were not loaded because they were the last maps played, or defined twice, or banned
L 03/03/2026 - 19:59:28: Found 16 Maps in your mapcycle.txt/allmaps.txt file, 16 are available for filling slots
L 03/03/2026 - 22:21:50: Did not ban any maps from mapstoban.ini file
L 03/03/2026 - 22:21:50: Loaded 0 Maps into the maps that will be picked for the vote
L 03/03/2026 - 22:21:50: 0 Maps were not loaded because they were the last maps played, or defined twice, or banned
L 03/03/2026 - 22:21:50: Found 16 Maps in your mapcycle.txt/allmaps.txt file, 16 are available for filling slots
L 03/03/2026 - 22:24:11: Did not ban any maps from mapstoban.ini file
L 03/03/2026 - 22:24:11: Loaded 0 Maps into the maps that will be picked for the vote
L 03/03/2026 - 22:24:11: 0 Maps were not loaded because they were the last maps played, or defined twice, or banned
L 03/03/2026 - 22:24:11: Found 16 Maps in your mapcycle.txt/allmaps.txt file, 16 are available for filling slots
L 03/03/2026 - 22:28:31: Did not ban any maps from mapstoban.ini file
L 03/03/2026 - 22:28:31: Loaded 0 Maps into the maps that will be picked for the vote
L 03/03/2026 - 22:28:31: 0 Maps were not loaded because they were the last maps played, or defined twice, or banned
L 03/03/2026 - 22:28:31: Found 16 Maps in your mapcycle.txt/allmaps.txt file, 16 are available for filling slots
L 03/03/2026 - 22:38:18: Did not ban any maps from mapstoban.ini file
L 03/03/2026 - 22:38:18: Loaded 0 Maps into the maps that will be picked for the vote
L 03/03/2026 - 22:38:18: 0 Maps were not loaded because they were the last maps played, or defined twice, or banned
L 03/03/2026 - 22:38:18: Found 16 Maps in your mapcycle.txt/allmaps.txt file, 16 are available for filling slots
L 03/03/2026 - 22:50:59: Did not ban any maps from mapstoban.ini file
L 03/03/2026 - 22:50:59: Loaded 0 Maps into the maps that will be picked for the vote
L 03/03/2026 - 22:50:59: 0 Maps were not loaded because they were the last maps played, or defined twice, or banned
L 03/03/2026 - 22:50:59: Found 16 Maps in your mapcycle.txt/allmaps.txt file, 16 are available for filling slots
L 03/03/2026 - 23:01:47: Did not ban any maps from mapstoban.ini file
L 03/03/2026 - 23:01:47: Loaded 0 Maps into the maps that will be picked for the vote
L 03/03/2026 - 23:01:47: 0 Maps were not loaded because they were the last maps played, or defined twice, or banned
L 03/03/2026 - 23:01:47: Found 16 Maps in your mapcycle.txt/allmaps.txt file, 16 are available for filling slots
