L 02/17/2026 - 17:50:42: Log file started (file "cstrike/addons/amxmodx/logs/dmaplog0217.log") (game "cstrike") (amx "1.10.0.5474")
L 02/17/2026 - 17:50:42: [DMM] FATAL: INVALID DICTIONARY FILE! Current version: 0. Expected version: 540 to 549.
L 02/17/2026 - 17:50:52: [DMM] FATAL: INVALID DICTIONARY FILE! Current version: 0. Expected version: 540 to 549.
L 02/17/2026 - 17:51:02: [DMM] FATAL: INVALID DICTIONARY FILE! Current version: 0. Expected version: 540 to 549.
L 02/17/2026 - 17:51:12: [DMM] FATAL: INVALID DICTIONARY FILE! Current version: 0. Expected version: 540 to 549.
L 02/17/2026 - 17:51:23: [DMM] FATAL: INVALID DICTIONARY FILE! Current version: 0. Expected version: 540 to 549.
L 02/17/2026 - 17:51:33: [DMM] FATAL: INVALID DICTIONARY FILE! Current version: 0. Expected version: 540 to 549.
L 02/17/2026 - 17:51:43: [DMM] FATAL: INVALID DICTIONARY FILE! Current version: 0. Expected version: 540 to 549.
L 02/17/2026 - 17:51:53: [DMM] FATAL: INVALID DICTIONARY FILE! Current version: 0. Expected version: 540 to 549.
L 02/17/2026 - 17:52:03: [DMM] FATAL: INVALID DICTIONARY FILE! Current version: 0. Expected version: 540 to 549.
L 02/17/2026 - 17:52:13: [DMM] FATAL: INVALID DICTIONARY FILE! Current version: 0. Expected version: 540 to 549.
L 02/17/2026 - 17:52:23: [DMM] FATAL: INVALID DICTIONARY FILE! Current version: 0. Expected version: 540 to 549.
L 02/17/2026 - 17:52:33: [DMM] FATAL: INVALID DICTIONARY FILE! Current version: 0. Expected version: 540 to 549.
L 02/17/2026 - 17:52:43: [DMM] FATAL: INVALID DICTIONARY FILE! Current version: 0. Expected version: 540 to 549.
L 02/17/2026 - 17:52:53: [DMM] FATAL: INVALID DICTIONARY FILE! Current version: 0. Expected version: 540 to 549.
L 02/17/2026 - 17:53:03: [DMM] FATAL: INVALID DICTIONARY FILE! Current version: 0. Expected version: 540 to 549.
L 02/17/2026 - 17:53:13: [DMM] FATAL: INVALID DICTIONARY FILE! Current version: 0. Expected version: 540 to 549.
L 02/17/2026 - 17:53:23: [DMM] FATAL: INVALID DICTIONARY FILE! Current version: 0. Expected version: 540 to 549.
L 02/17/2026 - 17:53:33: [DMM] FATAL: INVALID DICTIONARY FILE! Current version: 0. Expected version: 540 to 549.
L 02/17/2026 - 17:53:43: [DMM] FATAL: INVALID DICTIONARY FILE! Current version: 0. Expected version: 540 to 549.
L 02/17/2026 - 17:53:53: [DMM] FATAL: INVALID DICTIONARY FILE! Current version: 0. Expected version: 540 to 549.
L 02/17/2026 - 17:54:03: [DMM] FATAL: INVALID DICTIONARY FILE! Current version: 0. Expected version: 540 to 549.
L 02/17/2026 - 17:54:13: [DMM] FATAL: INVALID DICTIONARY FILE! Current version: 0. Expected version: 540 to 549.
L 02/17/2026 - 17:54:24: [DMM] FATAL: INVALID DICTIONARY FILE! Current version: 0. Expected version: 540 to 549.
L 02/17/2026 - 17:54:34: [DMM] FATAL: INVALID DICTIONARY FILE! Current version: 0. Expected version: 540 to 549.
L 02/17/2026 - 17:54:44: [DMM] FATAL: INVALID DICTIONARY FILE! Current version: 0. Expected version: 540 to 549.
L 02/17/2026 - 17:54:54: [DMM] FATAL: INVALID DICTIONARY FILE! Current version: 0. Expected version: 540 to 549.
L 02/17/2026 - 17:55:04: [DMM] FATAL: INVALID DICTIONARY FILE! Current version: 0. Expected version: 540 to 549.
L 02/17/2026 - 17:55:14: [DMM] FATAL: INVALID DICTIONARY FILE! Current version: 0. Expected version: 540 to 549.
L 02/17/2026 - 17:55:24: [DMM] FATAL: INVALID DICTIONARY FILE! Current version: 0. Expected version: 540 to 549.
L 02/17/2026 - 17:55:34: [DMM] FATAL: INVALID DICTIONARY FILE! Current version: 0. Expected version: 540 to 549.
L 02/17/2026 - 17:55:44: [DMM] FATAL: INVALID DICTIONARY FILE! Current version: 0. Expected version: 540 to 549.
L 02/17/2026 - 17:55:54: [DMM] FATAL: INVALID DICTIONARY FILE! Current version: 0. Expected version: 540 to 549.
L 02/17/2026 - 17:56:04: [DMM] FATAL: INVALID DICTIONARY FILE! Current version: 0. Expected version: 540 to 549.
L 02/17/2026 - 17:56:14: [DMM] FATAL: INVALID DICTIONARY FILE! Current version: 0. Expected version: 540 to 549.
L 02/17/2026 - 17:56:24: [DMM] FATAL: INVALID DICTIONARY FILE! Current version: 0. Expected version: 540 to 549.
L 02/17/2026 - 17:56:34: [DMM] FATAL: INVALID DICTIONARY FILE! Current version: 0. Expected version: 540 to 549.
L 02/17/2026 - 17:56:44: [DMM] FATAL: INVALID DICTIONARY FILE! Current version: 0. Expected version: 540 to 549.
L 02/17/2026 - 17:56:54: [DMM] FATAL: INVALID DICTIONARY FILE! Current version: 0. Expected version: 540 to 549.
L 02/17/2026 - 17:57:04: [DMM] FATAL: INVALID DICTIONARY FILE! Current version: 0. Expected version: 540 to 549.
L 02/17/2026 - 17:57:14: [DMM] FATAL: INVALID DICTIONARY FILE! Current version: 0. Expected version: 540 to 549.
L 02/17/2026 - 17:57:24: [DMM] FATAL: INVALID DICTIONARY FILE! Current version: 0. Expected version: 540 to 549.
L 02/17/2026 - 17:57:34: [DMM] FATAL: INVALID DICTIONARY FILE! Current version: 0. Expected version: 540 to 549.
L 02/17/2026 - 17:57:44: [DMM] FATAL: INVALID DICTIONARY FILE! Current version: 0. Expected version: 540 to 549.
L 02/17/2026 - 17:57:54: [DMM] FATAL: INVALID DICTIONARY FILE! Current version: 0. Expected version: 540 to 549.
L 02/17/2026 - 17:58:04: [DMM] FATAL: INVALID DICTIONARY FILE! Current version: 0. Expected version: 540 to 549.
L 02/17/2026 - 17:58:15: [DMM] FATAL: INVALID DICTIONARY FILE! Current version: 0. Expected version: 540 to 549.
L 02/17/2026 - 17:58:25: [DMM] FATAL: INVALID DICTIONARY FILE! Current version: 0. Expected version: 540 to 549.
L 02/17/2026 - 17:58:35: [DMM] FATAL: INVALID DICTIONARY FILE! Current version: 0. Expected version: 540 to 549.
L 02/17/2026 - 17:58:45: [DMM] FATAL: INVALID DICTIONARY FILE! Current version: 0. Expected version: 540 to 549.
L 02/17/2026 - 17:58:55: [DMM] FATAL: INVALID DICTIONARY FILE! Current version: 0. Expected version: 540 to 549.
L 02/17/2026 - 17:59:05: [DMM] FATAL: INVALID DICTIONARY FILE! Current version: 0. Expected version: 540 to 549.
L 02/17/2026 - 17:59:15: [DMM] FATAL: INVALID DICTIONARY FILE! Current version: 0. Expected version: 540 to 549.
L 02/17/2026 - 17:59:25: [DMM] FATAL: INVALID DICTIONARY FILE! Current version: 0. Expected version: 540 to 549.
L 02/17/2026 - 17:59:35: [DMM] FATAL: INVALID DICTIONARY FILE! Current version: 0. Expected version: 540 to 549.
L 02/17/2026 - 17:59:45: [DMM] FATAL: INVALID DICTIONARY FILE! Current version: 0. Expected version: 540 to 549.
L 02/17/2026 - 17:59:55: [DMM] FATAL: INVALID DICTIONARY FILE! Current version: 0. Expected version: 540 to 549.
L 02/17/2026 - 18:00:05: [DMM] FATAL: INVALID DICTIONARY FILE! Current version: 0. Expected version: 540 to 549.
L 02/17/2026 - 18:00:15: [DMM] FATAL: INVALID DICTIONARY FILE! Current version: 0. Expected version: 540 to 549.
L 02/17/2026 - 18:00:25: [DMM] FATAL: INVALID DICTIONARY FILE! Current version: 0. Expected version: 540 to 549.
L 02/17/2026 - 18:00:35: [DMM] FATAL: INVALID DICTIONARY FILE! Current version: 0. Expected version: 540 to 549.
L 02/17/2026 - 18:00:45: [DMM] FATAL: INVALID DICTIONARY FILE! Current version: 0. Expected version: 540 to 549.
L 02/17/2026 - 18:00:55: [DMM] FATAL: INVALID DICTIONARY FILE! Current version: 0. Expected version: 540 to 549.
L 02/17/2026 - 18:01:05: [DMM] FATAL: INVALID DICTIONARY FILE! Current version: 0. Expected version: 540 to 549.
L 02/17/2026 - 18:01:15: [DMM] FATAL: INVALID DICTIONARY FILE! Current version: 0. Expected version: 540 to 549.
L 02/17/2026 - 18:01:25: [DMM] FATAL: INVALID DICTIONARY FILE! Current version: 0. Expected version: 540 to 549.
L 02/17/2026 - 18:01:35: [DMM] FATAL: INVALID DICTIONARY FILE! Current version: 0. Expected version: 540 to 549.
L 02/17/2026 - 18:01:46: [DMM] FATAL: INVALID DICTIONARY FILE! Current version: 0. Expected version: 540 to 549.
L 02/17/2026 - 18:01:56: [DMM] FATAL: INVALID DICTIONARY FILE! Current version: 0. Expected version: 540 to 549.
L 02/17/2026 - 18:02:06: [DMM] FATAL: INVALID DICTIONARY FILE! Current version: 0. Expected version: 540 to 549.
L 02/17/2026 - 18:02:16: [DMM] FATAL: INVALID DICTIONARY FILE! Current version: 0. Expected version: 540 to 549.
L 02/17/2026 - 18:02:26: [DMM] FATAL: INVALID DICTIONARY FILE! Current version: 0. Expected version: 540 to 549.
L 02/17/2026 - 18:02:36: [DMM] FATAL: INVALID DICTIONARY FILE! Current version: 0. Expected version: 540 to 549.
L 02/17/2026 - 18:02:46: [DMM] FATAL: INVALID DICTIONARY FILE! Current version: 0. Expected version: 540 to 549.
L 02/17/2026 - 18:02:56: [DMM] FATAL: INVALID DICTIONARY FILE! Current version: 0. Expected version: 540 to 549.
L 02/17/2026 - 18:03:06: [DMM] FATAL: INVALID DICTIONARY FILE! Current version: 0. Expected version: 540 to 549.
L 02/17/2026 - 18:03:16: [DMM] FATAL: INVALID DICTIONARY FILE! Current version: 0. Expected version: 540 to 549.
L 02/17/2026 - 18:03:26: [DMM] FATAL: INVALID DICTIONARY FILE! Current version: 0. Expected version: 540 to 549.
L 02/17/2026 - 18:03:36: [DMM] FATAL: INVALID DICTIONARY FILE! Current version: 0. Expected version: 540 to 549.
L 02/17/2026 - 18:03:46: [DMM] FATAL: INVALID DICTIONARY FILE! Current version: 0. Expected version: 540 to 549.
L 02/17/2026 - 18:03:56: [DMM] FATAL: INVALID DICTIONARY FILE! Current version: 0. Expected version: 540 to 549.
L 02/17/2026 - 18:04:06: [DMM] FATAL: INVALID DICTIONARY FILE! Current version: 0. Expected version: 540 to 549.
L 02/17/2026 - 18:04:16: [DMM] FATAL: INVALID DICTIONARY FILE! Current version: 0. Expected version: 540 to 549.
L 02/17/2026 - 18:04:26: [DMM] FATAL: INVALID DICTIONARY FILE! Current version: 0. Expected version: 540 to 549.
L 02/17/2026 - 18:04:36: [DMM] FATAL: INVALID DICTIONARY FILE! Current version: 0. Expected version: 540 to 549.
L 02/17/2026 - 18:04:46: [DMM] FATAL: INVALID DICTIONARY FILE! Current version: 0. Expected version: 540 to 549.
L 02/17/2026 - 18:04:56: [DMM] FATAL: INVALID DICTIONARY FILE! Current version: 0. Expected version: 540 to 549.
L 02/17/2026 - 18:05:07: [DMM] FATAL: INVALID DICTIONARY FILE! Current version: 0. Expected version: 540 to 549.
L 02/17/2026 - 18:05:14: Did not ban any maps from mapstoban.ini file
L 02/17/2026 - 18:05:14: Loaded 0 Maps into the maps that will be picked for the vote
L 02/17/2026 - 18:05:14: 0 Maps were not loaded because they were the last maps played, or defined twice, or banned
L 02/17/2026 - 18:05:14: Found 16 Maps in your mapcycle.txt/allmaps.txt file, 15 are available for filling slots
L 02/17/2026 - 18:06:05: Did not ban any maps from mapstoban.ini file
L 02/17/2026 - 18:06:05: Loaded 0 Maps into the maps that will be picked for the vote
L 02/17/2026 - 18:06:05: 0 Maps were not loaded because they were the last maps played, or defined twice, or banned
L 02/17/2026 - 18:06:06: Found 16 Maps in your mapcycle.txt/allmaps.txt file, 15 are available for filling slots
L 02/17/2026 - 18:24:18: Nominations for the map vote: 0 out of 5 possible nominations
L 02/17/2026 - 18:24:18: Filled 12 slots in the fill maps array with maps from mapcycle.txt, 0 are custom
L 02/17/2026 - 18:24:18: Randomly Filling slots for the vote with 5 out of 12
L 02/17/2026 - 18:24:18: Filled 5 vote slots with random maps, 0 are custom
L 02/17/2026 - 18:24:18: Vote: Voting for the nextmap started
L 02/17/2026 - 18:24:38: Vote: Voting for the nextmap finished. The nextmap will be de_aztec
L 02/17/2026 - 18:25:13: Did not ban any maps from mapstoban.ini file
L 02/17/2026 - 18:25:13: Loaded 0 Maps into the maps that will be picked for the vote
L 02/17/2026 - 18:25:13: 0 Maps were not loaded because they were the last maps played, or defined twice, or banned
L 02/17/2026 - 18:25:13: Found 16 Maps in your mapcycle.txt/allmaps.txt file, 14 are available for filling slots
L 02/17/2026 - 18:31:17: Did not ban any maps from mapstoban.ini file
L 02/17/2026 - 18:31:17: Loaded 0 Maps into the maps that will be picked for the vote
L 02/17/2026 - 18:31:17: 0 Maps were not loaded because they were the last maps played, or defined twice, or banned
L 02/17/2026 - 18:31:17: Found 16 Maps in your mapcycle.txt/allmaps.txt file, 14 are available for filling slots
L 02/17/2026 - 18:49:51: Nominations for the map vote: 0 out of 5 possible nominations
L 02/17/2026 - 18:49:51: Filled 12 slots in the fill maps array with maps from mapcycle.txt, 0 are custom
L 02/17/2026 - 18:49:51: Randomly Filling slots for the vote with 5 out of 12
L 02/17/2026 - 18:49:51: Filled 5 vote slots with random maps, 0 are custom
L 02/17/2026 - 18:49:51: Vote: Voting for the nextmap started
L 02/17/2026 - 18:50:11: Vote: Voting for the nextmap finished. The nextmap will be cs_office
L 02/17/2026 - 22:33:53: Did not ban any maps from mapstoban.ini file
L 02/17/2026 - 22:33:53: Loaded 0 Maps into the maps that will be picked for the vote
L 02/17/2026 - 22:33:53: 0 Maps were not loaded because they were the last maps played, or defined twice, or banned
L 02/17/2026 - 22:33:53: Found 16 Maps in your mapcycle.txt/allmaps.txt file, 14 are available for filling slots
L 02/17/2026 - 22:37:49: Did not ban any maps from mapstoban.ini file
L 02/17/2026 - 22:37:49: Loaded 0 Maps into the maps that will be picked for the vote
L 02/17/2026 - 22:37:49: 0 Maps were not loaded because they were the last maps played, or defined twice, or banned
L 02/17/2026 - 22:37:50: Found 16 Maps in your mapcycle.txt/allmaps.txt file, 14 are available for filling slots
