L 03/04/2026 - 13:37:41: Log file started (file "cstrike/addons/amxmodx/logs/dmaplog0304.log") (game "cstrike") (amx "1.10.0.5474")
L 03/04/2026 - 13:37:41: Did not ban any maps from mapstoban.ini file
L 03/04/2026 - 13:37:41: Loaded 0 Maps into the maps that will be picked for the vote
L 03/04/2026 - 13:37:41: 0 Maps were not loaded because they were the last maps played, or defined twice, or banned
L 03/04/2026 - 13:37:41: Found 16 Maps in your mapcycle.txt/allmaps.txt file, 16 are available for filling slots
L 03/04/2026 - 13:45:12: Did not ban any maps from mapstoban.ini file
L 03/04/2026 - 13:45:12: Loaded 0 Maps into the maps that will be picked for the vote
L 03/04/2026 - 13:45:12: 0 Maps were not loaded because they were the last maps played, or defined twice, or banned
L 03/04/2026 - 13:45:12: Found 16 Maps in your mapcycle.txt/allmaps.txt file, 16 are available for filling slots
L 03/04/2026 - 15:07:00: Did not ban any maps from mapstoban.ini file
L 03/04/2026 - 15:07:00: Loaded 0 Maps into the maps that will be picked for the vote
L 03/04/2026 - 15:07:00: 0 Maps were not loaded because they were the last maps played, or defined twice, or banned
L 03/04/2026 - 15:07:00: Found 16 Maps in your mapcycle.txt/allmaps.txt file, 16 are available for filling slots
L 03/04/2026 - 15:34:44: Did not ban any maps from mapstoban.ini file
L 03/04/2026 - 15:34:44: Loaded 0 Maps into the maps that will be picked for the vote
L 03/04/2026 - 15:34:44: 0 Maps were not loaded because they were the last maps played, or defined twice, or banned
L 03/04/2026 - 15:34:44: Found 16 Maps in your mapcycle.txt/allmaps.txt file, 16 are available for filling slots
L 03/04/2026 - 15:39:17: Did not ban any maps from mapstoban.ini file
L 03/04/2026 - 15:39:17: Loaded 0 Maps into the maps that will be picked for the vote
L 03/04/2026 - 15:39:17: 0 Maps were not loaded because they were the last maps played, or defined twice, or banned
L 03/04/2026 - 15:39:17: Found 16 Maps in your mapcycle.txt/allmaps.txt file, 16 are available for filling slots
L 03/04/2026 - 15:43:21: Did not ban any maps from mapstoban.ini file
L 03/04/2026 - 15:43:21: Loaded 0 Maps into the maps that will be picked for the vote
L 03/04/2026 - 15:43:21: 0 Maps were not loaded because they were the last maps played, or defined twice, or banned
L 03/04/2026 - 15:43:21: Found 16 Maps in your mapcycle.txt/allmaps.txt file, 16 are available for filling slots
L 03/04/2026 - 15:44:55: Did not ban any maps from mapstoban.ini file
L 03/04/2026 - 15:44:55: Loaded 0 Maps into the maps that will be picked for the vote
L 03/04/2026 - 15:44:55: 0 Maps were not loaded because they were the last maps played, or defined twice, or banned
L 03/04/2026 - 15:44:55: Found 16 Maps in your mapcycle.txt/allmaps.txt file, 16 are available for filling slots
L 03/04/2026 - 15:52:57: Did not ban any maps from mapstoban.ini file
L 03/04/2026 - 15:52:58: Loaded 0 Maps into the maps that will be picked for the vote
L 03/04/2026 - 15:52:58: 0 Maps were not loaded because they were the last maps played, or defined twice, or banned
L 03/04/2026 - 15:52:58: Found 16 Maps in your mapcycle.txt/allmaps.txt file, 16 are available for filling slots
L 03/04/2026 - 15:58:36: Did not ban any maps from mapstoban.ini file
L 03/04/2026 - 15:58:36: Loaded 0 Maps into the maps that will be picked for the vote
L 03/04/2026 - 15:58:36: 0 Maps were not loaded because they were the last maps played, or defined twice, or banned
L 03/04/2026 - 15:58:37: Found 16 Maps in your mapcycle.txt/allmaps.txt file, 16 are available for filling slots
L 03/04/2026 - 16:03:38: Did not ban any maps from mapstoban.ini file
L 03/04/2026 - 16:03:38: Loaded 0 Maps into the maps that will be picked for the vote
L 03/04/2026 - 16:03:38: 0 Maps were not loaded because they were the last maps played, or defined twice, or banned
L 03/04/2026 - 16:03:38: Found 16 Maps in your mapcycle.txt/allmaps.txt file, 16 are available for filling slots
L 03/04/2026 - 16:21:52: Nominations for the map vote: 0 out of 5 possible nominations
L 03/04/2026 - 16:21:52: Filled 12 slots in the fill maps array with maps from mapcycle.txt, 0 are custom
L 03/04/2026 - 16:21:52: Randomly Filling slots for the vote with 5 out of 12
L 03/04/2026 - 16:21:52: Filled 5 vote slots with random maps, 0 are custom
L 03/04/2026 - 16:21:52: Vote: Voting for the nextmap started
L 03/04/2026 - 16:22:12: Vote: Voting for the nextmap finished. The nextmap will be de_airstrip
L 03/04/2026 - 16:22:57: Did not ban any maps from mapstoban.ini file
L 03/04/2026 - 16:22:57: Loaded 0 Maps into the maps that will be picked for the vote
L 03/04/2026 - 16:22:57: 0 Maps were not loaded because they were the last maps played, or defined twice, or banned
L 03/04/2026 - 16:22:58: Found 16 Maps in your mapcycle.txt/allmaps.txt file, 15 are available for filling slots
L 03/04/2026 - 16:41:10: Nominations for the map vote: 0 out of 5 possible nominations
L 03/04/2026 - 16:41:10: Filled 12 slots in the fill maps array with maps from mapcycle.txt, 0 are custom
L 03/04/2026 - 16:41:10: Randomly Filling slots for the vote with 5 out of 12
L 03/04/2026 - 16:41:10: Filled 5 vote slots with random maps, 0 are custom
L 03/04/2026 - 16:41:10: Vote: Voting for the nextmap started
L 03/04/2026 - 16:41:30: Vote: Voting for the nextmap finished. The nextmap will be cs_havana
L 03/04/2026 - 16:57:23: Did not ban any maps from mapstoban.ini file
L 03/04/2026 - 16:57:23: Loaded 0 Maps into the maps that will be picked for the vote
L 03/04/2026 - 16:57:23: 0 Maps were not loaded because they were the last maps played, or defined twice, or banned
L 03/04/2026 - 16:57:24: Found 16 Maps in your mapcycle.txt/allmaps.txt file, 15 are available for filling slots
L 03/04/2026 - 16:59:40: Did not ban any maps from mapstoban.ini file
L 03/04/2026 - 16:59:40: Loaded 0 Maps into the maps that will be picked for the vote
L 03/04/2026 - 16:59:40: 0 Maps were not loaded because they were the last maps played, or defined twice, or banned
L 03/04/2026 - 16:59:40: Found 16 Maps in your mapcycle.txt/allmaps.txt file, 15 are available for filling slots
L 03/04/2026 - 17:17:53: Nominations for the map vote: 0 out of 5 possible nominations
L 03/04/2026 - 17:17:53: Filled 12 slots in the fill maps array with maps from mapcycle.txt, 0 are custom
L 03/04/2026 - 17:17:53: Randomly Filling slots for the vote with 5 out of 12
L 03/04/2026 - 17:17:53: Filled 5 vote slots with random maps, 0 are custom
L 03/04/2026 - 17:17:53: Vote: Voting for the nextmap started
L 03/04/2026 - 17:18:13: Vote: Voting for the nextmap finished. The nextmap will be cs_italy
L 03/04/2026 - 17:18:51: Did not ban any maps from mapstoban.ini file
L 03/04/2026 - 17:18:51: Loaded 0 Maps into the maps that will be picked for the vote
L 03/04/2026 - 17:18:51: 0 Maps were not loaded because they were the last maps played, or defined twice, or banned
L 03/04/2026 - 17:18:51: Found 16 Maps in your mapcycle.txt/allmaps.txt file, 14 are available for filling slots
L 03/04/2026 - 17:37:03: Nominations for the map vote: 0 out of 5 possible nominations
L 03/04/2026 - 17:37:04: Filled 12 slots in the fill maps array with maps from mapcycle.txt, 0 are custom
L 03/04/2026 - 17:37:04: Randomly Filling slots for the vote with 5 out of 12
L 03/04/2026 - 17:37:04: Filled 5 vote slots with random maps, 0 are custom
L 03/04/2026 - 17:37:04: Vote: Voting for the nextmap started
L 03/04/2026 - 17:37:24: Vote: Voting for the nextmap finished. The nextmap will be cs_backalley
L 03/04/2026 - 18:59:13: Did not ban any maps from mapstoban.ini file
L 03/04/2026 - 18:59:13: Loaded 0 Maps into the maps that will be picked for the vote
L 03/04/2026 - 18:59:13: 0 Maps were not loaded because they were the last maps played, or defined twice, or banned
L 03/04/2026 - 18:59:13: Found 16 Maps in your mapcycle.txt/allmaps.txt file, 14 are available for filling slots
L 03/04/2026 - 19:02:40: Did not ban any maps from mapstoban.ini file
L 03/04/2026 - 19:02:40: Loaded 0 Maps into the maps that will be picked for the vote
L 03/04/2026 - 19:02:40: 0 Maps were not loaded because they were the last maps played, or defined twice, or banned
L 03/04/2026 - 19:02:40: Found 16 Maps in your mapcycle.txt/allmaps.txt file, 15 are available for filling slots
L 03/04/2026 - 19:07:14: Did not ban any maps from mapstoban.ini file
L 03/04/2026 - 19:07:14: Loaded 0 Maps into the maps that will be picked for the vote
L 03/04/2026 - 19:07:14: 0 Maps were not loaded because they were the last maps played, or defined twice, or banned
L 03/04/2026 - 19:07:14: Found 16 Maps in your mapcycle.txt/allmaps.txt file, 15 are available for filling slots
L 03/04/2026 - 19:12:54: Did not ban any maps from mapstoban.ini file
L 03/04/2026 - 19:12:54: Loaded 0 Maps into the maps that will be picked for the vote
L 03/04/2026 - 19:12:54: 0 Maps were not loaded because they were the last maps played, or defined twice, or banned
L 03/04/2026 - 19:12:54: Found 16 Maps in your mapcycle.txt/allmaps.txt file, 15 are available for filling slots
L 03/04/2026 - 19:19:53: Did not ban any maps from mapstoban.ini file
L 03/04/2026 - 19:19:53: Loaded 0 Maps into the maps that will be picked for the vote
L 03/04/2026 - 19:19:53: 0 Maps were not loaded because they were the last maps played, or defined twice, or banned
L 03/04/2026 - 19:19:53: Found 16 Maps in your mapcycle.txt/allmaps.txt file, 16 are available for filling slots
L 03/04/2026 - 19:21:49: Did not ban any maps from mapstoban.ini file
L 03/04/2026 - 19:21:49: Loaded 0 Maps into the maps that will be picked for the vote
L 03/04/2026 - 19:21:49: 0 Maps were not loaded because they were the last maps played, or defined twice, or banned
L 03/04/2026 - 19:21:49: Found 16 Maps in your mapcycle.txt/allmaps.txt file, 16 are available for filling slots
L 03/04/2026 - 19:23:32: Did not ban any maps from mapstoban.ini file
L 03/04/2026 - 19:23:32: Loaded 0 Maps into the maps that will be picked for the vote
L 03/04/2026 - 19:23:32: 0 Maps were not loaded because they were the last maps played, or defined twice, or banned
L 03/04/2026 - 19:23:32: Found 16 Maps in your mapcycle.txt/allmaps.txt file, 16 are available for filling slots
L 03/04/2026 - 19:24:32: Did not ban any maps from mapstoban.ini file
L 03/04/2026 - 19:24:32: Loaded 0 Maps into the maps that will be picked for the vote
L 03/04/2026 - 19:24:32: 0 Maps were not loaded because they were the last maps played, or defined twice, or banned
L 03/04/2026 - 19:24:32: Found 16 Maps in your mapcycle.txt/allmaps.txt file, 16 are available for filling slots
L 03/04/2026 - 19:25:07: Did not ban any maps from mapstoban.ini file
L 03/04/2026 - 19:25:07: Loaded 0 Maps into the maps that will be picked for the vote
L 03/04/2026 - 19:25:07: 0 Maps were not loaded because they were the last maps played, or defined twice, or banned
L 03/04/2026 - 19:25:08: Found 16 Maps in your mapcycle.txt/allmaps.txt file, 16 are available for filling slots
L 03/04/2026 - 19:27:49: Did not ban any maps from mapstoban.ini file
L 03/04/2026 - 19:27:49: Loaded 0 Maps into the maps that will be picked for the vote
L 03/04/2026 - 19:27:49: 0 Maps were not loaded because they were the last maps played, or defined twice, or banned
L 03/04/2026 - 19:27:49: Found 16 Maps in your mapcycle.txt/allmaps.txt file, 16 are available for filling slots
L 03/04/2026 - 19:44:08: Did not ban any maps from mapstoban.ini file
L 03/04/2026 - 19:44:08: Loaded 0 Maps into the maps that will be picked for the vote
L 03/04/2026 - 19:44:08: 0 Maps were not loaded because they were the last maps played, or defined twice, or banned
L 03/04/2026 - 19:44:08: Found 16 Maps in your mapcycle.txt/allmaps.txt file, 16 are available for filling slots
L 03/04/2026 - 19:44:48: Did not ban any maps from mapstoban.ini file
L 03/04/2026 - 19:44:48: Loaded 0 Maps into the maps that will be picked for the vote
L 03/04/2026 - 19:44:48: 0 Maps were not loaded because they were the last maps played, or defined twice, or banned
L 03/04/2026 - 19:44:49: Found 16 Maps in your mapcycle.txt/allmaps.txt file, 16 are available for filling slots
L 03/04/2026 - 19:45:46: Did not ban any maps from mapstoban.ini file
L 03/04/2026 - 19:45:46: Loaded 0 Maps into the maps that will be picked for the vote
L 03/04/2026 - 19:45:46: 0 Maps were not loaded because they were the last maps played, or defined twice, or banned
L 03/04/2026 - 19:45:46: Found 16 Maps in your mapcycle.txt/allmaps.txt file, 16 are available for filling slots
L 03/04/2026 - 19:46:59: Did not ban any maps from mapstoban.ini file
L 03/04/2026 - 19:46:59: Loaded 0 Maps into the maps that will be picked for the vote
L 03/04/2026 - 19:46:59: 0 Maps were not loaded because they were the last maps played, or defined twice, or banned
L 03/04/2026 - 19:46:59: Found 16 Maps in your mapcycle.txt/allmaps.txt file, 16 are available for filling slots
L 03/04/2026 - 19:48:15: Did not ban any maps from mapstoban.ini file
L 03/04/2026 - 19:48:15: Loaded 0 Maps into the maps that will be picked for the vote
L 03/04/2026 - 19:48:15: 0 Maps were not loaded because they were the last maps played, or defined twice, or banned
L 03/04/2026 - 19:48:15: Found 16 Maps in your mapcycle.txt/allmaps.txt file, 16 are available for filling slots
L 03/04/2026 - 19:49:50: Did not ban any maps from mapstoban.ini file
L 03/04/2026 - 19:49:50: Loaded 0 Maps into the maps that will be picked for the vote
L 03/04/2026 - 19:49:50: 0 Maps were not loaded because they were the last maps played, or defined twice, or banned
L 03/04/2026 - 19:49:50: Found 16 Maps in your mapcycle.txt/allmaps.txt file, 16 are available for filling slots
L 03/04/2026 - 20:00:06: Did not ban any maps from mapstoban.ini file
L 03/04/2026 - 20:00:06: Loaded 0 Maps into the maps that will be picked for the vote
L 03/04/2026 - 20:00:06: 0 Maps were not loaded because they were the last maps played, or defined twice, or banned
L 03/04/2026 - 20:00:06: Found 16 Maps in your mapcycle.txt/allmaps.txt file, 16 are available for filling slots
L 03/04/2026 - 20:07:41: Did not ban any maps from mapstoban.ini file
L 03/04/2026 - 20:07:41: Loaded 0 Maps into the maps that will be picked for the vote
L 03/04/2026 - 20:07:41: 0 Maps were not loaded because they were the last maps played, or defined twice, or banned
L 03/04/2026 - 20:07:41: Found 16 Maps in your mapcycle.txt/allmaps.txt file, 16 are available for filling slots
L 03/04/2026 - 20:25:42: Did not ban any maps from mapstoban.ini file
L 03/04/2026 - 20:25:43: Loaded 0 Maps into the maps that will be picked for the vote
L 03/04/2026 - 20:25:43: 0 Maps were not loaded because they were the last maps played, or defined twice, or banned
L 03/04/2026 - 20:25:43: Found 16 Maps in your mapcycle.txt/allmaps.txt file, 16 are available for filling slots
L 03/04/2026 - 20:27:03: Did not ban any maps from mapstoban.ini file
L 03/04/2026 - 20:27:03: Loaded 0 Maps into the maps that will be picked for the vote
L 03/04/2026 - 20:27:03: 0 Maps were not loaded because they were the last maps played, or defined twice, or banned
L 03/04/2026 - 20:27:04: Found 16 Maps in your mapcycle.txt/allmaps.txt file, 16 are available for filling slots
L 03/04/2026 - 20:31:56: Did not ban any maps from mapstoban.ini file
L 03/04/2026 - 20:31:56: Loaded 0 Maps into the maps that will be picked for the vote
L 03/04/2026 - 20:31:56: 0 Maps were not loaded because they were the last maps played, or defined twice, or banned
L 03/04/2026 - 20:31:56: Found 16 Maps in your mapcycle.txt/allmaps.txt file, 16 are available for filling slots
L 03/04/2026 - 20:32:34: Did not ban any maps from mapstoban.ini file
L 03/04/2026 - 20:32:34: Loaded 0 Maps into the maps that will be picked for the vote
L 03/04/2026 - 20:32:34: 0 Maps were not loaded because they were the last maps played, or defined twice, or banned
L 03/04/2026 - 20:32:35: Found 16 Maps in your mapcycle.txt/allmaps.txt file, 16 are available for filling slots
L 03/04/2026 - 20:32:54: Did not ban any maps from mapstoban.ini file
L 03/04/2026 - 20:32:54: Loaded 0 Maps into the maps that will be picked for the vote
L 03/04/2026 - 20:32:54: 0 Maps were not loaded because they were the last maps played, or defined twice, or banned
L 03/04/2026 - 20:32:54: Found 16 Maps in your mapcycle.txt/allmaps.txt file, 16 are available for filling slots
L 03/04/2026 - 20:33:28: Did not ban any maps from mapstoban.ini file
L 03/04/2026 - 20:33:28: Loaded 0 Maps into the maps that will be picked for the vote
L 03/04/2026 - 20:33:28: 0 Maps were not loaded because they were the last maps played, or defined twice, or banned
L 03/04/2026 - 20:33:28: Found 16 Maps in your mapcycle.txt/allmaps.txt file, 16 are available for filling slots
L 03/04/2026 - 20:46:49: Did not ban any maps from mapstoban.ini file
L 03/04/2026 - 20:46:49: Loaded 0 Maps into the maps that will be picked for the vote
L 03/04/2026 - 20:46:49: 0 Maps were not loaded because they were the last maps played, or defined twice, or banned
L 03/04/2026 - 20:46:50: Found 16 Maps in your mapcycle.txt/allmaps.txt file, 16 are available for filling slots
