L 05/25/2026 - 18:20:32: Start of error session.
L 05/25/2026 - 18:20:32: Info (map "de_dust4ever") (file "addons/amxmodx/logs/error_20260525.log")
L 05/25/2026 - 18:20:32: Called dynanative into a paused plugin.
L 05/25/2026 - 18:20:32: [AMXX] Run time error 10 (plugin "sh_vash.amxx") (native "superhero_protected_hud_message") - debug not enabled!
L 05/25/2026 - 18:20:32: [AMXX] To enable debug mode, add "debug" after the plugin name in plugins.ini (without quotes).
L 05/25/2026 - 18:20:37: Called dynanative into a paused plugin.
L 05/25/2026 - 18:20:37: [AMXX] Run time error 10 (plugin "sh_maria.amxx") (native "generic_heal") - debug not enabled!
L 05/25/2026 - 18:20:37: [AMXX] To enable debug mode, add "debug" after the plugin name in plugins.ini (without quotes).
L 05/25/2026 - 18:20:50: Called dynanative into a paused plugin.
L 05/25/2026 - 18:20:50: [AMXX] Displaying debug trace (plugin "sh_goku.amxx", version "1.5")
L 05/25/2026 - 18:20:50: [AMXX] Run time error 10: native error (native "explosion")
L 05/25/2026 - 18:20:50: [AMXX]    [0] sh_goku.sma::shake_n_stun (line 913)
L 05/25/2026 - 18:20:50: [AMXX]    [1] sh_goku.sma::goku_loop (line 825)
L 05/25/2026 - 18:20:52: Called dynanative into a paused plugin.
L 05/25/2026 - 18:20:52: [AMXX] Run time error 10 (plugin "sh_vegetto.amxx") (native "explosion") - debug not enabled!
L 05/25/2026 - 18:20:52: [AMXX] To enable debug mode, add "debug" after the plugin name in plugins.ini (without quotes).
L 05/25/2026 - 20:01:05: Start of error session.
L 05/25/2026 - 20:01:05: Info (map "de_dust4ever") (file "addons/amxmodx/logs/error_20260525.log")
L 05/25/2026 - 20:01:05: Expected 11 parameters, got 10
L 05/25/2026 - 20:01:05: [AMXX] Run time error 10 (plugin "superheromodcore.amxx") (native "ExecuteForward") - debug not enabled!
L 05/25/2026 - 20:01:05: [AMXX] To enable debug mode, add "debug" after the plugin name in plugins.ini (without quotes).
L 05/25/2026 - 20:01:05: Unhandled dynamic native error
L 05/25/2026 - 20:01:05: [AMXX] Run time error 10 (plugin "sh_aux_funcs_natives_pt3.amxx") (native "sh_extra_damage") - debug not enabled!
L 05/25/2026 - 20:01:05: [AMXX] To enable debug mode, add "debug" after the plugin name in plugins.ini (without quotes).
L 05/25/2026 - 20:01:05: Unhandled dynamic native error
L 05/25/2026 - 20:01:05: [AMXX] Run time error 10 (plugin "maria_riveter_funcs.amxx") (native "explosion") - debug not enabled!
L 05/25/2026 - 20:01:05: [AMXX] To enable debug mode, add "debug" after the plugin name in plugins.ini (without quotes).
L 05/25/2026 - 20:01:06: Expected 11 parameters, got 10
L 05/25/2026 - 20:01:06: [AMXX] Run time error 10 (plugin "superheromodcore.amxx") (native "ExecuteForward") - debug not enabled!
L 05/25/2026 - 20:01:06: [AMXX] To enable debug mode, add "debug" after the plugin name in plugins.ini (without quotes).
L 05/25/2026 - 20:01:06: Unhandled dynamic native error
L 05/25/2026 - 20:01:06: [AMXX] Run time error 10 (plugin "sh_aux_funcs_natives_pt3.amxx") (native "sh_extra_damage") - debug not enabled!
L 05/25/2026 - 20:01:06: [AMXX] To enable debug mode, add "debug" after the plugin name in plugins.ini (without quotes).
L 05/25/2026 - 20:01:06: Unhandled dynamic native error
L 05/25/2026 - 20:01:06: [AMXX] Run time error 10 (plugin "maria_riveter_funcs.amxx") (native "explosion") - debug not enabled!
L 05/25/2026 - 20:01:06: [AMXX] To enable debug mode, add "debug" after the plugin name in plugins.ini (without quotes).
