L 04/25/2026 - 00:06:45: Start of error session.
L 04/25/2026 - 00:06:45: Info (map "de_inferno") (file "addons/amxmodx/logs/error_20260425.log")
L 04/25/2026 - 00:06:45: [AMXX] Run time error 3 (plugin "bknife_fx.amxx") - debug not enabled!
L 04/25/2026 - 00:06:45: [AMXX] To enable debug mode, add "debug" after the plugin name in plugins.ini (without quotes).
L 04/25/2026 - 00:06:45: Unhandled dynamic native error
L 04/25/2026 - 00:06:45: [AMXX] Run time error 10 (plugin "bknife_fx.amxx") (native "sh_bleed_user") - debug not enabled!
L 04/25/2026 - 00:06:45: [AMXX] To enable debug mode, add "debug" after the plugin name in plugins.ini (without quotes).
L 04/25/2026 - 00:06:45: Unhandled dynamic native error
L 04/25/2026 - 00:06:45: [AMXX] Run time error 10 (plugin "sh_shinobu_kocho.amxx") (native "do_bleed_knife_attack") - debug not enabled!
L 04/25/2026 - 00:06:45: [AMXX] To enable debug mode, add "debug" after the plugin name in plugins.ini (without quotes).
L 04/25/2026 - 00:11:42: Start of error session.
L 04/25/2026 - 00:11:42: Info (map "de_nuke") (file "addons/amxmodx/logs/error_20260425.log")
L 04/25/2026 - 00:11:42: [AMXX] Displaying debug trace (plugin "bknife_fx.amxx", version "1.0.0")
L 04/25/2026 - 00:11:42: [AMXX] Run time error 3: stack error 
L 04/25/2026 - 00:11:42: [AMXX]    [0] bknife_fx.sma::_do_bleed_knife_attack (line 118)
L 04/25/2026 - 00:11:42: Unhandled dynamic native error
L 04/25/2026 - 00:11:42: [AMXX] Run time error 10 (plugin "sh_shinobu_kocho.amxx") (native "do_bleed_knife_attack") - debug not enabled!
L 04/25/2026 - 00:11:42: [AMXX] To enable debug mode, add "debug" after the plugin name in plugins.ini (without quotes).
L 04/25/2026 - 00:11:42: [AMXX] Displaying debug trace (plugin "bknife_fx.amxx", version "1.0.0")
L 04/25/2026 - 00:11:42: [AMXX] Run time error 3: stack error 
L 04/25/2026 - 00:11:42: [AMXX]    [0] bknife_fx.sma::_do_bleed_knife_attack (line 118)
L 04/25/2026 - 00:11:42: Unhandled dynamic native error
L 04/25/2026 - 00:11:42: [AMXX] Run time error 10 (plugin "sh_shinobu_kocho.amxx") (native "do_bleed_knife_attack") - debug not enabled!
L 04/25/2026 - 00:11:42: [AMXX] To enable debug mode, add "debug" after the plugin name in plugins.ini (without quotes).
L 04/25/2026 - 00:13:03: Start of error session.
L 04/25/2026 - 00:13:03: Info (map "de_nuke") (file "addons/amxmodx/logs/error_20260425.log")
L 04/25/2026 - 00:13:03: [AMXX] Displaying debug trace (plugin "bknife_fx.amxx", version "1.0.0")
L 04/25/2026 - 00:13:03: [AMXX] Run time error 3: stack error 
L 04/25/2026 - 00:13:03: [AMXX]    [0] bknife_fx.sma::_do_bleed_knife_attack (line 118)
L 04/25/2026 - 00:13:03: Unhandled dynamic native error
L 04/25/2026 - 00:13:03: [AMXX] Displaying debug trace (plugin "sh_shinobu_kocho.amxx", version "1.0")
L 04/25/2026 - 00:13:03: [AMXX] Run time error 10: native error (native "do_bleed_knife_attack")
L 04/25/2026 - 00:13:03: [AMXX]    [0] sh_shinobu_kocho.sma::shinobu_damage_interaction (line 180)
L 04/25/2026 - 00:13:03: [AMXX]    [1] sh_shinobu_kocho.sma::sh_extra_damage_fwd_pre (line 408)
L 04/25/2026 - 00:13:03: [AMXX] Displaying debug trace (plugin "bknife_fx.amxx", version "1.0.0")
L 04/25/2026 - 00:13:03: [AMXX] Run time error 3: stack error 
L 04/25/2026 - 00:13:03: [AMXX]    [0] bknife_fx.sma::_do_bleed_knife_attack (line 118)
L 04/25/2026 - 00:13:03: Unhandled dynamic native error
L 04/25/2026 - 00:13:03: [AMXX] Displaying debug trace (plugin "sh_shinobu_kocho.amxx", version "1.0")
L 04/25/2026 - 00:13:03: [AMXX] Run time error 10: native error (native "do_bleed_knife_attack")
L 04/25/2026 - 00:13:03: [AMXX]    [0] sh_shinobu_kocho.sma::shinobu_damage_interaction (line 180)
L 04/25/2026 - 00:13:03: [AMXX]    [1] sh_shinobu_kocho.sma::sh_extra_damage_fwd_pre (line 408)
L 04/25/2026 - 00:16:50: Start of error session.
L 04/25/2026 - 00:16:50: Info (map "de_nuke") (file "addons/amxmodx/logs/error_20260425.log")
L 04/25/2026 - 00:16:50: [AMXX] Displaying debug trace (plugin "bknife_fx.amxx", version "1.0.0")
L 04/25/2026 - 00:16:50: [AMXX] Run time error 3: stack error 
L 04/25/2026 - 00:16:50: [AMXX]    [0] bknife_fx.sma::_do_bleed_knife_attack (line 120)
L 04/25/2026 - 00:16:50: Unhandled dynamic native error
L 04/25/2026 - 00:16:50: [AMXX] Displaying debug trace (plugin "sh_shinobu_kocho.amxx", version "1.0")
L 04/25/2026 - 00:16:50: [AMXX] Run time error 10: native error (native "do_bleed_knife_attack")
L 04/25/2026 - 00:16:50: [AMXX]    [0] sh_shinobu_kocho.sma::shinobu_damage_interaction (line 180)
L 04/25/2026 - 00:16:50: [AMXX]    [1] sh_shinobu_kocho.sma::sh_extra_damage_fwd_pre (line 408)
L 04/25/2026 - 00:16:51: [AMXX] Displaying debug trace (plugin "bknife_fx.amxx", version "1.0.0")
L 04/25/2026 - 00:16:51: [AMXX] Run time error 3: stack error 
L 04/25/2026 - 00:16:51: [AMXX]    [0] bknife_fx.sma::_do_bleed_knife_attack (line 120)
L 04/25/2026 - 00:16:51: Unhandled dynamic native error
L 04/25/2026 - 00:16:51: [AMXX] Displaying debug trace (plugin "sh_shinobu_kocho.amxx", version "1.0")
L 04/25/2026 - 00:16:51: [AMXX] Run time error 10: native error (native "do_bleed_knife_attack")
L 04/25/2026 - 00:16:51: [AMXX]    [0] sh_shinobu_kocho.sma::shinobu_damage_interaction (line 180)
L 04/25/2026 - 00:16:51: [AMXX]    [1] sh_shinobu_kocho.sma::sh_extra_damage_fwd_pre (line 408)
