L 05/22/2026 - 23:55:06: Start of error session.
L 05/22/2026 - 23:55:06: Info (map "de_dust4ever") (file "addons/amxmodx/logs/error_20260522.log")
L 05/22/2026 - 23:55:06: [CSTRIKE] Invalid player 6 (not in-game)
L 05/22/2026 - 23:55:06: [AMXX] Run time error 10 (plugin "sh_drstrange.amxx") (native "cs_get_user_team") - debug not enabled!
L 05/22/2026 - 23:55:06: [AMXX] To enable debug mode, add "debug" after the plugin name in plugins.ini (without quotes).
L 05/22/2026 - 23:55:06: [CSTRIKE] Invalid player 6 (not in-game)
L 05/22/2026 - 23:55:06: [AMXX] Run time error 10 (plugin "sh_stealthpredator.amxx") (native "cs_get_user_team") - debug not enabled!
L 05/22/2026 - 23:55:06: [AMXX] To enable debug mode, add "debug" after the plugin name in plugins.ini (without quotes).
L 05/22/2026 - 23:59:14: [CSTRIKE] Invalid player 1 (not in-game)
L 05/22/2026 - 23:59:14: [AMXX] Run time error 10 (plugin "sh_drstrange.amxx") (native "cs_get_user_team") - debug not enabled!
L 05/22/2026 - 23:59:14: [AMXX] To enable debug mode, add "debug" after the plugin name in plugins.ini (without quotes).
L 05/22/2026 - 23:59:14: [CSTRIKE] Invalid player 1 (not in-game)
L 05/22/2026 - 23:59:14: [AMXX] Run time error 10 (plugin "sh_stealthpredator.amxx") (native "cs_get_user_team") - debug not enabled!
L 05/22/2026 - 23:59:14: [AMXX] To enable debug mode, add "debug" after the plugin name in plugins.ini (without quotes).
L 05/22/2026 - 23:59:14: [CSTRIKE] Invalid player 2 (not in-game)
L 05/22/2026 - 23:59:14: [AMXX] Run time error 10 (plugin "sh_drstrange.amxx") (native "cs_get_user_team") - debug not enabled!
L 05/22/2026 - 23:59:14: [AMXX] To enable debug mode, add "debug" after the plugin name in plugins.ini (without quotes).
L 05/22/2026 - 23:59:14: [CSTRIKE] Invalid player 2 (not in-game)
L 05/22/2026 - 23:59:14: [AMXX] Run time error 10 (plugin "sh_stealthpredator.amxx") (native "cs_get_user_team") - debug not enabled!
L 05/22/2026 - 23:59:14: [AMXX] To enable debug mode, add "debug" after the plugin name in plugins.ini (without quotes).
L 05/22/2026 - 23:59:14: [CSTRIKE] Invalid player 3 (not in-game)
L 05/22/2026 - 23:59:14: [AMXX] Run time error 10 (plugin "sh_drstrange.amxx") (native "cs_get_user_team") - debug not enabled!
L 05/22/2026 - 23:59:14: [AMXX] To enable debug mode, add "debug" after the plugin name in plugins.ini (without quotes).
L 05/22/2026 - 23:59:14: [CSTRIKE] Invalid player 3 (not in-game)
L 05/22/2026 - 23:59:14: [AMXX] Run time error 10 (plugin "sh_stealthpredator.amxx") (native "cs_get_user_team") - debug not enabled!
L 05/22/2026 - 23:59:14: [AMXX] To enable debug mode, add "debug" after the plugin name in plugins.ini (without quotes).
L 05/22/2026 - 23:59:14: [CSTRIKE] Invalid player 4 (not in-game)
L 05/22/2026 - 23:59:14: [AMXX] Run time error 10 (plugin "sh_drstrange.amxx") (native "cs_get_user_team") - debug not enabled!
L 05/22/2026 - 23:59:14: [AMXX] To enable debug mode, add "debug" after the plugin name in plugins.ini (without quotes).
L 05/22/2026 - 23:59:14: [CSTRIKE] Invalid player 4 (not in-game)
L 05/22/2026 - 23:59:14: [AMXX] Run time error 10 (plugin "sh_stealthpredator.amxx") (native "cs_get_user_team") - debug not enabled!
L 05/22/2026 - 23:59:14: [AMXX] To enable debug mode, add "debug" after the plugin name in plugins.ini (without quotes).
L 05/22/2026 - 23:59:14: [CSTRIKE] Invalid player 5 (not in-game)
L 05/22/2026 - 23:59:14: [AMXX] Run time error 10 (plugin "sh_drstrange.amxx") (native "cs_get_user_team") - debug not enabled!
L 05/22/2026 - 23:59:14: [AMXX] To enable debug mode, add "debug" after the plugin name in plugins.ini (without quotes).
L 05/22/2026 - 23:59:14: [CSTRIKE] Invalid player 5 (not in-game)
L 05/22/2026 - 23:59:15: [AMXX] Run time error 10 (plugin "sh_stealthpredator.amxx") (native "cs_get_user_team") - debug not enabled!
L 05/22/2026 - 23:59:15: [AMXX] To enable debug mode, add "debug" after the plugin name in plugins.ini (without quotes).
