L 03/09/2026 - 21:24:25: Start of error session.
L 03/09/2026 - 21:24:25: Info (map "de_dust") (file "addons/amxmodx/logs/error_20260309.log")
L 03/09/2026 - 21:24:25: [AMXX] Run time error 11 (plugin "camera_funcs.amxx") - debug not enabled!
L 03/09/2026 - 21:24:25: [AMXX] To enable debug mode, add "debug" after the plugin name in plugins.ini (without quotes).
L 03/09/2026 - 22:26:45: Start of error session.
L 03/09/2026 - 22:26:45: Info (map "cs_italy") (file "addons/amxmodx/logs/error_20260309.log")
L 03/09/2026 - 22:26:45: [CSTRIKE] Invalid player 2 (not in-game)
L 03/09/2026 - 22:26:45: [AMXX] Run time error 10 (plugin "miscstats.amxx") (native "cs_get_user_team") - debug not enabled!
L 03/09/2026 - 22:26:45: [AMXX] To enable debug mode, add "debug" after the plugin name in plugins.ini (without quotes).
L 03/09/2026 - 22:28:30: [CSTRIKE] Player out of range (20)
L 03/09/2026 - 22:28:30: [AMXX] Run time error 10 (plugin "sh_komakpt2.amxx") (native "cs_get_user_team") - debug not enabled!
L 03/09/2026 - 22:28:30: [AMXX] To enable debug mode, add "debug" after the plugin name in plugins.ini (without quotes).
L 03/09/2026 - 22:28:30: [CSTRIKE] Player out of range (20)
L 03/09/2026 - 22:28:30: [AMXX] Run time error 10 (plugin "sh_komakpt2.amxx") (native "cs_get_user_team") - debug not enabled!
L 03/09/2026 - 22:28:30: [AMXX] To enable debug mode, add "debug" after the plugin name in plugins.ini (without quotes).
L 03/09/2026 - 22:28:30: [CSTRIKE] Player out of range (20)
L 03/09/2026 - 22:28:30: [AMXX] Run time error 10 (plugin "sh_komakpt2.amxx") (native "cs_get_user_team") - debug not enabled!
L 03/09/2026 - 22:28:30: [AMXX] To enable debug mode, add "debug" after the plugin name in plugins.ini (without quotes).
L 03/09/2026 - 23:28:05: Start of error session.
L 03/09/2026 - 23:28:05: Info (map "cs_italy") (file "addons/amxmodx/logs/error_20260309.log")
L 03/09/2026 - 23:28:05: [CSTRIKE] Player out of range (40)
L 03/09/2026 - 23:28:05: [AMXX] Run time error 10 (plugin "sh_komakpt2.amxx") (native "cs_get_user_team") - debug not enabled!
L 03/09/2026 - 23:28:05: [AMXX] To enable debug mode, add "debug" after the plugin name in plugins.ini (without quotes).
