L 03/30/2026 - 00:55:19: Start of error session.
L 03/30/2026 - 00:55:19: Info (map "de_dust") (file "addons/amxmodx/logs/error_20260330.log")
L 03/30/2026 - 00:55:19: String formatted incorrectly - parameter 3 (total 2)
L 03/30/2026 - 00:55:19: [AMXX] Displaying debug trace (plugin "pill_gatling_fx.amxx", version "1.0.0")
L 03/30/2026 - 00:55:19: [AMXX] Run time error 25: parameter error 
L 03/30/2026 - 00:55:19: [AMXX]    [0] pill_gatling_fx.sma::print_rarities (line 57)
L 03/30/2026 - 00:55:19: [AMXX]    [1] pill_gatling_fx.sma::plugin_init (line 102)
L 03/30/2026 - 03:40:44: Start of error session.
L 03/30/2026 - 03:40:44: Info (map "de_train") (file "addons/amxmodx/logs/error_20260330.log")
L 03/30/2026 - 03:40:44: [AMXX] Run time error 4 (plugin "sh_selfless_yanderept2.amxx") - debug not enabled!
L 03/30/2026 - 03:40:44: [AMXX] To enable debug mode, add "debug" after the plugin name in plugins.ini (without quotes).
L 03/30/2026 - 04:16:17: Start of error session.
L 03/30/2026 - 04:16:17: Info (map "cs_italy") (file "addons/amxmodx/logs/error_20260330.log")
L 03/30/2026 - 04:16:17: [AMXX] Run time error 4 (plugin "sh_selfless_yanderept2.amxx") - debug not enabled!
L 03/30/2026 - 04:16:17: [AMXX] To enable debug mode, add "debug" after the plugin name in plugins.ini (without quotes).
L 03/30/2026 - 04:16:24: Start of error session.
L 03/30/2026 - 04:16:24: Info (map "cs_italy") (file "addons/amxmodx/logs/error_20260330.log")
L 03/30/2026 - 04:16:24: [AMXX] Run time error 4 (plugin "sh_selfless_yanderept2.amxx") - debug not enabled!
L 03/30/2026 - 04:16:24: [AMXX] To enable debug mode, add "debug" after the plugin name in plugins.ini (without quotes).
L 03/30/2026 - 04:17:51: Start of error session.
L 03/30/2026 - 04:17:51: Info (map "de_train") (file "addons/amxmodx/logs/error_20260330.log")
L 03/30/2026 - 04:17:51: [AMXX] Displaying debug trace (plugin "sh_selfless_yanderept2.amxx", version "1.0")
L 03/30/2026 - 04:17:51: [AMXX] Run time error 4: index out of bounds 
L 03/30/2026 - 04:17:51: [AMXX]    [0] sh_selfless_yanderept2.sma::sh_round_end (line 664)
L 03/30/2026 - 04:22:56: [AMXX] Displaying debug trace (plugin "sh_selfless_yanderept2.amxx", version "1.0")
L 03/30/2026 - 04:22:56: [AMXX] Run time error 4: index out of bounds 
L 03/30/2026 - 04:22:56: [AMXX]    [0] sh_selfless_yanderept2.sma::sh_round_end (line 664)
L 03/30/2026 - 04:28:01: [AMXX] Displaying debug trace (plugin "sh_selfless_yanderept2.amxx", version "1.0")
L 03/30/2026 - 04:28:01: [AMXX] Run time error 4: index out of bounds 
L 03/30/2026 - 04:28:01: [AMXX]    [0] sh_selfless_yanderept2.sma::sh_round_end (line 664)
L 03/30/2026 - 04:33:06: [AMXX] Displaying debug trace (plugin "sh_selfless_yanderept2.amxx", version "1.0")
L 03/30/2026 - 04:33:06: [AMXX] Run time error 4: index out of bounds 
L 03/30/2026 - 04:33:06: [AMXX]    [0] sh_selfless_yanderept2.sma::sh_round_end (line 664)
L 03/30/2026 - 04:39:37: Start of error session.
L 03/30/2026 - 04:39:37: Info (map "de_dust") (file "addons/amxmodx/logs/error_20260330.log")
L 03/30/2026 - 04:39:37: [AMXX] Displaying debug trace (plugin "sh_selfless_yanderept2.amxx", version "1.0")
L 03/30/2026 - 04:39:37: [AMXX] Run time error 4: index out of bounds 
L 03/30/2026 - 04:39:37: [AMXX]    [0] sh_selfless_yanderept2.sma::sh_round_end (line 661)
L 03/30/2026 - 05:00:00: Start of error session.
L 03/30/2026 - 05:00:00: Info (map "de_train") (file "addons/amxmodx/logs/error_20260330.log")
L 03/30/2026 - 05:00:00: [AMXX] Displaying debug trace (plugin "sh_selfless_yanderept2.amxx", version "1.0")
L 03/30/2026 - 05:00:00: [AMXX] Run time error 4: index out of bounds 
L 03/30/2026 - 05:00:00: [AMXX]    [0] sh_selfless_yanderept2.sma::notify_yanderes_about_team_life (line 257)
L 03/30/2026 - 05:00:00: [AMXX]    [1] sh_selfless_yanderept2.sma::client_disconnected (line 385)
L 03/30/2026 - 05:00:01: [AMXX] Displaying debug trace (plugin "sh_selfless_yanderept2.amxx", version "1.0")
L 03/30/2026 - 05:00:01: [AMXX] Run time error 4: index out of bounds 
L 03/30/2026 - 05:00:01: [AMXX]    [0] sh_selfless_yanderept2.sma::notify_yanderes_about_team_life (line 257)
L 03/30/2026 - 05:00:01: [AMXX]    [1] sh_selfless_yanderept2.sma::client_disconnected (line 385)
L 03/30/2026 - 05:00:01: [AMXX] Displaying debug trace (plugin "sh_selfless_yanderept2.amxx", version "1.0")
L 03/30/2026 - 05:00:01: [AMXX] Run time error 4: index out of bounds 
L 03/30/2026 - 05:00:01: [AMXX]    [0] sh_selfless_yanderept2.sma::notify_yanderes_about_team_life (line 257)
L 03/30/2026 - 05:00:01: [AMXX]    [1] sh_selfless_yanderept2.sma::client_disconnected (line 385)
L 03/30/2026 - 05:00:02: [AMXX] Displaying debug trace (plugin "sh_selfless_yanderept2.amxx", version "1.0")
L 03/30/2026 - 05:00:02: [AMXX] Run time error 4: index out of bounds 
L 03/30/2026 - 05:00:02: [AMXX]    [0] sh_selfless_yanderept2.sma::notify_yanderes_about_team_life (line 257)
L 03/30/2026 - 05:00:02: [AMXX]    [1] sh_selfless_yanderept2.sma::client_disconnected (line 385)
L 03/30/2026 - 05:00:02: [AMXX] Displaying debug trace (plugin "sh_selfless_yanderept2.amxx", version "1.0")
L 03/30/2026 - 05:00:02: [AMXX] Run time error 4: index out of bounds 
L 03/30/2026 - 05:00:02: [AMXX]    [0] sh_selfless_yanderept2.sma::notify_yanderes_about_team_life (line 257)
L 03/30/2026 - 05:00:02: [AMXX]    [1] sh_selfless_yanderept2.sma::client_disconnected (line 385)
L 03/30/2026 - 05:00:02: [AMXX] Displaying debug trace (plugin "sh_selfless_yanderept2.amxx", version "1.0")
L 03/30/2026 - 05:00:02: [AMXX] Run time error 4: index out of bounds 
L 03/30/2026 - 05:00:02: [AMXX]    [0] sh_selfless_yanderept2.sma::notify_yanderes_about_team_life (line 257)
L 03/30/2026 - 05:00:02: [AMXX]    [1] sh_selfless_yanderept2.sma::client_disconnected (line 385)
L 03/30/2026 - 05:00:03: [AMXX] Displaying debug trace (plugin "sh_selfless_yanderept2.amxx", version "1.0")
L 03/30/2026 - 05:00:03: [AMXX] Run time error 4: index out of bounds 
L 03/30/2026 - 05:00:03: [AMXX]    [0] sh_selfless_yanderept2.sma::notify_yanderes_about_team_life (line 257)
L 03/30/2026 - 05:00:03: [AMXX]    [1] sh_selfless_yanderept2.sma::client_disconnected (line 385)
L 03/30/2026 - 05:00:03: [AMXX] Displaying debug trace (plugin "sh_selfless_yanderept2.amxx", version "1.0")
L 03/30/2026 - 05:00:03: [AMXX] Run time error 4: index out of bounds 
L 03/30/2026 - 05:00:03: [AMXX]    [0] sh_selfless_yanderept2.sma::notify_yanderes_about_team_life (line 257)
L 03/30/2026 - 05:00:03: [AMXX]    [1] sh_selfless_yanderept2.sma::client_disconnected (line 385)
L 03/30/2026 - 05:00:04: [AMXX] Displaying debug trace (plugin "sh_selfless_yanderept2.amxx", version "1.0")
L 03/30/2026 - 05:00:04: [AMXX] Run time error 4: index out of bounds 
L 03/30/2026 - 05:00:04: [AMXX]    [0] sh_selfless_yanderept2.sma::notify_yanderes_about_team_life (line 257)
L 03/30/2026 - 05:00:04: [AMXX]    [1] sh_selfless_yanderept2.sma::client_disconnected (line 385)
L 03/30/2026 - 05:00:33: [AMXX] Displaying debug trace (plugin "sh_selfless_yanderept2.amxx", version "1.0")
L 03/30/2026 - 05:00:33: [AMXX] Run time error 4: index out of bounds 
L 03/30/2026 - 05:00:33: [AMXX]    [0] sh_selfless_yanderept2.sma::notify_yanderes_about_team_life (line 257)
L 03/30/2026 - 05:00:33: [AMXX]    [1] sh_selfless_yanderept2.sma::client_disconnected (line 385)
