L 03/29/2026 - 16:10:47: Start of error session.
L 03/29/2026 - 16:10:47: Info (map "de_dust") (file "addons/amxmodx/logs/error_20260329.log")
L 03/29/2026 - 16:10:47: Called dynanative into a paused plugin.
L 03/29/2026 - 16:10:47: [AMXX] Run time error 10 (plugin "ksun_ultimate_module.amxx") (native "spores_ksun_hero_id") - debug not enabled!
L 03/29/2026 - 16:10:47: [AMXX] To enable debug mode, add "debug" after the plugin name in plugins.ini (without quotes).
L 03/29/2026 - 16:10:50: Start of error session.
L 03/29/2026 - 16:10:50: Info (map "de_dust") (file "addons/amxmodx/logs/error_20260329.log")
L 03/29/2026 - 16:10:50: Called dynanative into a paused plugin.
L 03/29/2026 - 16:10:50: [AMXX] Run time error 10 (plugin "ksun_ultimate_module.amxx") (native "spores_ksun_hero_id") - debug not enabled!
L 03/29/2026 - 16:10:50: [AMXX] To enable debug mode, add "debug" after the plugin name in plugins.ini (without quotes).
L 03/29/2026 - 16:10:51: Called dynanative into a paused plugin.
L 03/29/2026 - 16:10:51: [AMXX] Run time error 10 (plugin "ksun_particle.amxx") (native "ksun_get_when_reset_spores") - debug not enabled!
L 03/29/2026 - 16:10:51: [AMXX] To enable debug mode, add "debug" after the plugin name in plugins.ini (without quotes).
L 03/29/2026 - 16:10:51: Unhandled dynamic native error
L 03/29/2026 - 16:10:51: [AMXX] Run time error 10 (plugin "ksun_particle.amxx") (native "ksun_get_when_reset_spores") - debug not enabled!
L 03/29/2026 - 16:10:51: [AMXX] To enable debug mode, add "debug" after the plugin name in plugins.ini (without quotes).
L 03/29/2026 - 16:12:25: Start of error session.
L 03/29/2026 - 16:12:25: Info (map "de_dust") (file "addons/amxmodx/logs/error_20260329.log")
L 03/29/2026 - 16:12:25: Called dynanative into a paused plugin.
L 03/29/2026 - 16:12:25: [AMXX] Run time error 10 (plugin "ksun_ultimate_module.amxx") (native "spores_ksun_hero_id") - debug not enabled!
L 03/29/2026 - 16:12:25: [AMXX] To enable debug mode, add "debug" after the plugin name in plugins.ini (without quotes).
L 03/29/2026 - 16:12:28: Start of error session.
L 03/29/2026 - 16:12:28: Info (map "de_dust") (file "addons/amxmodx/logs/error_20260329.log")
L 03/29/2026 - 16:12:28: Called dynanative into a paused plugin.
L 03/29/2026 - 16:12:28: [AMXX] Run time error 10 (plugin "ksun_ultimate_module.amxx") (native "spores_ksun_hero_id") - debug not enabled!
L 03/29/2026 - 16:12:28: [AMXX] To enable debug mode, add "debug" after the plugin name in plugins.ini (without quotes).
L 03/29/2026 - 16:12:29: Called dynanative into a paused plugin.
L 03/29/2026 - 16:12:29: [AMXX] Displaying debug trace (plugin "ksun_particle.amxx", version "1.1")
L 03/29/2026 - 16:12:29: [AMXX] Run time error 10: native error (native "ksun_get_when_reset_spores")
L 03/29/2026 - 16:12:29: [AMXX]    [0] ksun_particle.sma::_clean_ksun_spores_from_players (line 160)
L 03/29/2026 - 16:12:29: Unhandled dynamic native error
L 03/29/2026 - 16:12:29: [AMXX] Displaying debug trace (plugin "ksun_particle.amxx", version "1.1")
L 03/29/2026 - 16:12:29: [AMXX] Run time error 10: native error (native "ksun_get_when_reset_spores")
L 03/29/2026 - 16:12:29: [AMXX]    [0] ksun_particle.sma::_clean_ksun_spores_from_players (line 160)
L 03/29/2026 - 16:12:42: Start of error session.
L 03/29/2026 - 16:12:42: Info (map "de_dust") (file "addons/amxmodx/logs/error_20260329.log")
L 03/29/2026 - 16:12:42: Called dynanative into a paused plugin.
L 03/29/2026 - 16:12:42: [AMXX] Run time error 10 (plugin "ksun_ultimate_module.amxx") (native "spores_ksun_hero_id") - debug not enabled!
L 03/29/2026 - 16:12:42: [AMXX] To enable debug mode, add "debug" after the plugin name in plugins.ini (without quotes).
L 03/29/2026 - 16:12:45: Start of error session.
L 03/29/2026 - 16:12:45: Info (map "de_dust") (file "addons/amxmodx/logs/error_20260329.log")
L 03/29/2026 - 16:12:45: Called dynanative into a paused plugin.
L 03/29/2026 - 16:12:45: [AMXX] Run time error 10 (plugin "ksun_ultimate_module.amxx") (native "spores_ksun_hero_id") - debug not enabled!
L 03/29/2026 - 16:12:45: [AMXX] To enable debug mode, add "debug" after the plugin name in plugins.ini (without quotes).
L 03/29/2026 - 16:12:46: Called dynanative into a paused plugin.
L 03/29/2026 - 16:12:46: [AMXX] Displaying debug trace (plugin "ksun_particle.amxx", version "1.1")
L 03/29/2026 - 16:12:46: [AMXX] Run time error 10: native error (native "ksun_get_when_reset_spores")
L 03/29/2026 - 16:12:46: [AMXX]    [0] ksun_particle.sma::_clean_ksun_spores_from_players (line 160)
L 03/29/2026 - 16:12:46: Unhandled dynamic native error
L 03/29/2026 - 16:12:46: [AMXX] Displaying debug trace (plugin "ksun_particle.amxx", version "1.1")
L 03/29/2026 - 16:12:46: [AMXX] Run time error 10: native error (native "ksun_get_when_reset_spores")
L 03/29/2026 - 16:12:46: [AMXX]    [0] ksun_particle.sma::_clean_ksun_spores_from_players (line 160)
L 03/29/2026 - 16:12:51: Called dynanative into a paused plugin.
L 03/29/2026 - 16:12:51: [AMXX] Run time error 10 (plugin "sleep_grenade_funcs.amxx") (native "spores_has_ksun") - debug not enabled!
L 03/29/2026 - 16:12:51: [AMXX] To enable debug mode, add "debug" after the plugin name in plugins.ini (without quotes).
L 03/29/2026 - 16:13:15: Called dynanative into a paused plugin.
L 03/29/2026 - 16:13:15: [AMXX] Run time error 10 (plugin "ksun_spore_launcher.amxx") (native "spores_has_ksun") - debug not enabled!
L 03/29/2026 - 16:13:15: [AMXX] To enable debug mode, add "debug" after the plugin name in plugins.ini (without quotes).
L 03/29/2026 - 16:18:14: Start of error session.
L 03/29/2026 - 16:18:14: Info (map "de_dust") (file "addons/amxmodx/logs/error_20260329.log")
L 03/29/2026 - 16:18:14: Called dynanative into a paused plugin.
L 03/29/2026 - 16:18:14: [AMXX] Run time error 10 (plugin "ksun_ultimate_module.amxx") (native "spores_ksun_hero_id") - debug not enabled!
L 03/29/2026 - 16:18:14: [AMXX] To enable debug mode, add "debug" after the plugin name in plugins.ini (without quotes).
L 03/29/2026 - 16:18:39: Start of error session.
L 03/29/2026 - 16:18:39: Info (map "de_dust") (file "addons/amxmodx/logs/error_20260329.log")
L 03/29/2026 - 16:18:39: Called dynanative into a paused plugin.
L 03/29/2026 - 16:18:39: [AMXX] Displaying debug trace (plugin "ksun_ultimate_module.amxx", version "1.1")
L 03/29/2026 - 16:18:39: [AMXX] Run time error 10: native error (native "spores_ksun_hero_id")
L 03/29/2026 - 16:18:39: [AMXX]    [0] ksun_ultimate_module.sma::plugin_init (line 56)
L 03/29/2026 - 16:19:37: Start of error session.
L 03/29/2026 - 16:19:37: Info (map "de_dust") (file "addons/amxmodx/logs/error_20260329.log")
L 03/29/2026 - 16:19:37: Called dynanative into a paused plugin.
L 03/29/2026 - 16:19:37: [AMXX] Displaying debug trace (plugin "ksun_ultimate_module.amxx", version "1.1")
L 03/29/2026 - 16:19:37: [AMXX] Run time error 10: native error (native "spores_ksun_hero_id")
L 03/29/2026 - 16:19:37: [AMXX]    [0] ksun_ultimate_module.sma::plugin_init (line 56)
L 03/29/2026 - 16:19:40: Start of error session.
L 03/29/2026 - 16:19:40: Info (map "de_dust") (file "addons/amxmodx/logs/error_20260329.log")
L 03/29/2026 - 16:19:40: Called dynanative into a paused plugin.
L 03/29/2026 - 16:19:40: [AMXX] Displaying debug trace (plugin "ksun_ultimate_module.amxx", version "1.1")
L 03/29/2026 - 16:19:40: [AMXX] Run time error 10: native error (native "spores_ksun_hero_id")
L 03/29/2026 - 16:19:40: [AMXX]    [0] ksun_ultimate_module.sma::plugin_init (line 56)
L 03/29/2026 - 16:19:41: Called dynanative into a paused plugin.
L 03/29/2026 - 16:19:41: [AMXX] Displaying debug trace (plugin "ksun_particle.amxx", version "1.1")
L 03/29/2026 - 16:19:41: [AMXX] Run time error 10: native error (native "ksun_get_when_reset_spores")
L 03/29/2026 - 16:19:41: [AMXX]    [0] ksun_particle.sma::_clean_ksun_spores_from_players (line 160)
L 03/29/2026 - 16:19:41: Unhandled dynamic native error
L 03/29/2026 - 16:19:41: [AMXX] Displaying debug trace (plugin "ksun_particle.amxx", version "1.1")
L 03/29/2026 - 16:19:41: [AMXX] Run time error 10: native error (native "ksun_get_when_reset_spores")
L 03/29/2026 - 16:19:41: [AMXX]    [0] ksun_particle.sma::_clean_ksun_spores_from_players (line 160)
L 03/29/2026 - 16:22:45: Start of error session.
L 03/29/2026 - 16:22:45: Info (map "de_dust") (file "addons/amxmodx/logs/error_20260329.log")
L 03/29/2026 - 16:22:45: Called dynanative into a paused plugin.
L 03/29/2026 - 16:22:45: [AMXX] Displaying debug trace (plugin "ksun_ultimate_module.amxx", version "1.1")
L 03/29/2026 - 16:22:45: [AMXX] Run time error 10: native error (native "spores_ksun_hero_id")
L 03/29/2026 - 16:22:45: [AMXX]    [0] ksun_ultimate_module.sma::plugin_init (line 56)
L 03/29/2026 - 16:22:50: Called dynanative into a paused plugin.
L 03/29/2026 - 16:22:50: [AMXX] Run time error 10 (plugin "sleep_grenade_funcs.amxx") (native "spores_has_ksun") - debug not enabled!
L 03/29/2026 - 16:22:50: [AMXX] To enable debug mode, add "debug" after the plugin name in plugins.ini (without quotes).
L 03/29/2026 - 16:22:50: Called dynanative into a paused plugin.
L 03/29/2026 - 16:22:50: [AMXX] Displaying debug trace (plugin "ksun_particle.amxx", version "1.1")
L 03/29/2026 - 16:22:50: [AMXX] Run time error 10: native error (native "ksun_get_when_reset_spores")
L 03/29/2026 - 16:22:50: [AMXX]    [0] ksun_particle.sma::_clean_ksun_spores_from_players (line 160)
L 03/29/2026 - 16:22:50: Unhandled dynamic native error
L 03/29/2026 - 16:22:50: [AMXX] Displaying debug trace (plugin "ksun_particle.amxx", version "1.1")
L 03/29/2026 - 16:22:50: [AMXX] Run time error 10: native error (native "ksun_get_when_reset_spores")
L 03/29/2026 - 16:22:50: [AMXX]    [0] ksun_particle.sma::_clean_ksun_spores_from_players (line 160)
L 03/29/2026 - 18:44:57: Start of error session.
L 03/29/2026 - 18:44:57: Info (map "de_aztec") (file "addons/amxmodx/logs/error_20260329.log")
L 03/29/2026 - 18:44:57: Called dynanative into a paused plugin.
L 03/29/2026 - 18:44:57: [AMXX] Run time error 10 (plugin "maria_riveter_funcs.amxx") (native "maria_get_has_maria") - debug not enabled!
L 03/29/2026 - 18:44:57: [AMXX] To enable debug mode, add "debug" after the plugin name in plugins.ini (without quotes).
L 03/29/2026 - 18:59:14: Start of error session.
L 03/29/2026 - 18:59:14: Info (map "de_aztec") (file "addons/amxmodx/logs/error_20260329.log")
L 03/29/2026 - 18:59:14: Called dynanative into a paused plugin.
L 03/29/2026 - 18:59:14: [AMXX] Run time error 10 (plugin "maria_riveter_funcs.amxx") (native "maria_get_has_maria") - debug not enabled!
L 03/29/2026 - 18:59:14: [AMXX] To enable debug mode, add "debug" after the plugin name in plugins.ini (without quotes).
L 03/29/2026 - 22:32:31: Start of error session.
L 03/29/2026 - 22:32:31: Info (map "de_dust") (file "addons/amxmodx/logs/error_20260329.log")
L 03/29/2026 - 22:32:31: [AMXX] Run time error 4 (plugin "pill_gatling_fx.amxx") - debug not enabled!
L 03/29/2026 - 22:32:31: [AMXX] To enable debug mode, add "debug" after the plugin name in plugins.ini (without quotes).
L 03/29/2026 - 22:32:31: Unhandled dynamic native error
L 03/29/2026 - 22:32:31: [AMXX] Run time error 10 (plugin "yakui_needle_funcs.amxx") (native "sh_get_fx_color_name") - debug not enabled!
L 03/29/2026 - 22:32:31: [AMXX] To enable debug mode, add "debug" after the plugin name in plugins.ini (without quotes).
L 03/29/2026 - 22:32:31: Unhandled dynamic native error
L 03/29/2026 - 22:32:31: [AMXX] Run time error 10 (plugin "yakui_needle_funcs.amxx") (native "sh_get_fx_color_name") - debug not enabled!
L 03/29/2026 - 22:32:31: [AMXX] To enable debug mode, add "debug" after the plugin name in plugins.ini (without quotes).
L 03/29/2026 - 22:32:47: [AMXX] Run time error 4 (plugin "pill_gatling_fx.amxx") - debug not enabled!
L 03/29/2026 - 22:32:47: [AMXX] To enable debug mode, add "debug" after the plugin name in plugins.ini (without quotes).
L 03/29/2026 - 22:32:47: Unhandled dynamic native error
L 03/29/2026 - 22:32:47: [AMXX] Run time error 10 (plugin "yakui_needle_funcs.amxx") (native "sh_get_fx_color_name") - debug not enabled!
L 03/29/2026 - 22:32:47: [AMXX] To enable debug mode, add "debug" after the plugin name in plugins.ini (without quotes).
L 03/29/2026 - 22:47:33: Start of error session.
L 03/29/2026 - 22:47:33: Info (map "de_dust") (file "addons/amxmodx/logs/error_20260329.log")
L 03/29/2026 - 22:47:33: [AMXX] Run time error 4 (plugin "pill_gatling_fx.amxx") - debug not enabled!
L 03/29/2026 - 22:47:33: [AMXX] To enable debug mode, add "debug" after the plugin name in plugins.ini (without quotes).
L 03/29/2026 - 22:47:33: Unhandled dynamic native error
L 03/29/2026 - 22:47:33: [AMXX] Displaying debug trace (plugin "yakui_needle_funcs.amxx", version "1.0.0")
L 03/29/2026 - 22:47:33: [AMXX] Run time error 10: native error (native "sh_get_fx_color_name")
L 03/29/2026 - 22:47:33: [AMXX]    [0] yakui_needle_funcs.sma::notify_fx_user (line 58)
L 03/29/2026 - 22:47:33: [AMXX]    [1] yakui_needle_funcs.sma::_gatling_needle_cycle_fx (line 177)
L 03/29/2026 - 22:47:33: Unhandled dynamic native error
L 03/29/2026 - 22:47:33: [AMXX] Displaying debug trace (plugin "yakui_needle_funcs.amxx", version "1.0.0")
L 03/29/2026 - 22:47:33: [AMXX] Run time error 10: native error (native "sh_get_fx_color_name")
L 03/29/2026 - 22:47:33: [AMXX]    [0] yakui_needle_funcs.sma::notify_fx_user (line 58)
L 03/29/2026 - 22:47:33: [AMXX]    [1] yakui_needle_funcs.sma::_gatling_needle_cycle_fx (line 177)
L 03/29/2026 - 22:49:03: Start of error session.
L 03/29/2026 - 22:49:03: Info (map "de_dust") (file "addons/amxmodx/logs/error_20260329.log")
L 03/29/2026 - 22:49:03: [AMXX] Displaying debug trace (plugin "pill_gatling_fx.amxx", version "1.0.0")
L 03/29/2026 - 22:49:03: [AMXX] Run time error 4: index out of bounds 
L 03/29/2026 - 22:49:03: [AMXX]    [0] pill_gatling_fx.sma::_sh_get_fx_color_name (line 248)
L 03/29/2026 - 22:49:03: Unhandled dynamic native error
L 03/29/2026 - 22:49:03: [AMXX] Displaying debug trace (plugin "yakui_needle_funcs.amxx", version "1.0.0")
L 03/29/2026 - 22:49:03: [AMXX] Run time error 10: native error (native "sh_get_fx_color_name")
L 03/29/2026 - 22:49:03: [AMXX]    [0] yakui_needle_funcs.sma::notify_fx_user (line 58)
L 03/29/2026 - 22:49:03: [AMXX]    [1] yakui_needle_funcs.sma::_gatling_needle_cycle_fx (line 177)
L 03/29/2026 - 22:49:03: Unhandled dynamic native error
L 03/29/2026 - 22:49:03: [AMXX] Displaying debug trace (plugin "yakui_needle_funcs.amxx", version "1.0.0")
L 03/29/2026 - 22:49:03: [AMXX] Run time error 10: native error (native "sh_get_fx_color_name")
L 03/29/2026 - 22:49:03: [AMXX]    [0] yakui_needle_funcs.sma::notify_fx_user (line 58)
L 03/29/2026 - 22:49:03: [AMXX]    [1] yakui_needle_funcs.sma::_gatling_needle_cycle_fx (line 177)
L 03/29/2026 - 22:53:35: [AMXX] Displaying debug trace (plugin "pill_gatling_fx.amxx", version "1.0.0")
L 03/29/2026 - 22:53:35: [AMXX] Run time error 4: index out of bounds 
L 03/29/2026 - 22:53:35: [AMXX]    [0] pill_gatling_fx.sma::_sh_get_fx_color_name (line 248)
L 03/29/2026 - 22:53:35: Unhandled dynamic native error
L 03/29/2026 - 22:53:35: [AMXX] Displaying debug trace (plugin "yakui_needle_funcs.amxx", version "1.0.0")
L 03/29/2026 - 22:53:35: [AMXX] Run time error 10: native error (native "sh_get_fx_color_name")
L 03/29/2026 - 22:53:35: [AMXX]    [0] yakui_needle_funcs.sma::notify_fx_user (line 58)
L 03/29/2026 - 22:53:35: [AMXX]    [1] yakui_needle_funcs.sma::_gatling_needle_cycle_fx (line 177)
L 03/29/2026 - 22:53:35: Unhandled dynamic native error
L 03/29/2026 - 22:53:35: [AMXX] Displaying debug trace (plugin "yakui_needle_funcs.amxx", version "1.0.0")
L 03/29/2026 - 22:53:35: [AMXX] Run time error 10: native error (native "sh_get_fx_color_name")
L 03/29/2026 - 22:53:35: [AMXX]    [0] yakui_needle_funcs.sma::notify_fx_user (line 58)
L 03/29/2026 - 22:53:35: [AMXX]    [1] yakui_needle_funcs.sma::_gatling_needle_cycle_fx (line 177)
