L 03/17/2026 - 15:31:25: Start of error session.
L 03/17/2026 - 15:31:25: Info (map "cs_assault") (file "addons/amxmodx/logs/error_20260317.log")
L 03/17/2026 - 15:31:25: Called dynanative into a paused plugin.
L 03/17/2026 - 15:31:25: [AMXX] Run time error 10 (plugin "sh_ksun.amxx") (native "sh_create_hero") - debug not enabled!
L 03/17/2026 - 15:31:25: [AMXX] To enable debug mode, add "debug" after the plugin name in plugins.ini (without quotes).
L 03/17/2026 - 15:31:25: Called dynanative into a paused plugin.
L 03/17/2026 - 15:31:25: [AMXX] Run time error 10 (plugin "ksun_ultimate_module.amxx") (native "spores_ksun_hero_id") - debug not enabled!
L 03/17/2026 - 15:31:25: [AMXX] To enable debug mode, add "debug" after the plugin name in plugins.ini (without quotes).
L 03/17/2026 - 15:31:25: Called dynanative into a paused plugin.
L 03/17/2026 - 15:31:25: [AMXX] Run time error 10 (plugin "sh_teliko.amxx") (native "sh_create_hero") - debug not enabled!
L 03/17/2026 - 15:31:25: [AMXX] To enable debug mode, add "debug" after the plugin name in plugins.ini (without quotes).
L 03/17/2026 - 15:31:25: Called dynanative into a paused plugin.
L 03/17/2026 - 15:31:25: [AMXX] Run time error 10 (plugin "sh_GokuKT.amxx") (native "sh_create_hero") - debug not enabled!
L 03/17/2026 - 15:31:25: [AMXX] To enable debug mode, add "debug" after the plugin name in plugins.ini (without quotes).
L 03/17/2026 - 15:31:25: Called dynanative into a paused plugin.
L 03/17/2026 - 15:31:25: [AMXX] Run time error 10 (plugin "sh_phoenix.amxx") (native "sh_create_hero") - debug not enabled!
L 03/17/2026 - 15:31:25: [AMXX] To enable debug mode, add "debug" after the plugin name in plugins.ini (without quotes).
L 03/17/2026 - 15:31:25: Called dynanative into a paused plugin.
L 03/17/2026 - 15:31:25: [AMXX] Run time error 10 (plugin "sh_naruto_scj_pub.amxx") (native "sh_create_hero") - debug not enabled!
L 03/17/2026 - 15:31:25: [AMXX] To enable debug mode, add "debug" after the plugin name in plugins.ini (without quotes).
L 03/17/2026 - 15:31:25: Called dynanative into a paused plugin.
L 03/17/2026 - 15:31:25: [AMXX] Run time error 10 (plugin "sh_thrashythrash.amxx") (native "sh_create_hero") - debug not enabled!
L 03/17/2026 - 15:31:25: [AMXX] To enable debug mode, add "debug" after the plugin name in plugins.ini (without quotes).
L 03/17/2026 - 15:31:25: Called dynanative into a paused plugin.
L 03/17/2026 - 15:31:25: [AMXX] Run time error 10 (plugin "sh_drstrange.amxx") (native "sh_create_hero") - debug not enabled!
L 03/17/2026 - 15:31:25: [AMXX] To enable debug mode, add "debug" after the plugin name in plugins.ini (without quotes).
L 03/17/2026 - 15:31:25: Called dynanative into a paused plugin.
L 03/17/2026 - 15:31:25: [AMXX] Run time error 10 (plugin "sh_maria.amxx") (native "sh_create_hero") - debug not enabled!
L 03/17/2026 - 15:31:25: [AMXX] To enable debug mode, add "debug" after the plugin name in plugins.ini (without quotes).
L 03/17/2026 - 15:31:25: Called dynanative into a paused plugin.
L 03/17/2026 - 15:31:25: [AMXX] Run time error 10 (plugin "sh_graciete.amxx") (native "sh_create_hero") - debug not enabled!
L 03/17/2026 - 15:31:25: [AMXX] To enable debug mode, add "debug" after the plugin name in plugins.ini (without quotes).
L 03/17/2026 - 15:31:25: Called dynanative into a paused plugin.
L 03/17/2026 - 15:31:25: [AMXX] Run time error 10 (plugin "sh_tracker.amxx") (native "sh_create_hero") - debug not enabled!
L 03/17/2026 - 15:31:25: [AMXX] To enable debug mode, add "debug" after the plugin name in plugins.ini (without quotes).
L 03/17/2026 - 15:31:25: Called dynanative into a paused plugin.
L 03/17/2026 - 15:31:25: [AMXX] Run time error 10 (plugin "sh_hobgoblin.amxx") (native "sh_create_hero") - debug not enabled!
L 03/17/2026 - 15:31:25: [AMXX] To enable debug mode, add "debug" after the plugin name in plugins.ini (without quotes).
L 03/17/2026 - 15:31:25: Called dynanative into a paused plugin.
L 03/17/2026 - 15:31:25: [AMXX] Run time error 10 (plugin "sh_jaws.amxx") (native "sh_create_hero") - debug not enabled!
L 03/17/2026 - 15:31:25: [AMXX] To enable debug mode, add "debug" after the plugin name in plugins.ini (without quotes).
L 03/17/2026 - 15:31:25: Called dynanative into a paused plugin.
L 03/17/2026 - 15:31:25: [AMXX] Run time error 10 (plugin "sh_lena.amxx") (native "sh_create_hero") - debug not enabled!
L 03/17/2026 - 15:31:25: [AMXX] To enable debug mode, add "debug" after the plugin name in plugins.ini (without quotes).
L 03/17/2026 - 15:31:25: Called dynanative into a paused plugin.
L 03/17/2026 - 15:31:25: [AMXX] Run time error 10 (plugin "lena_l96_funcs.amxx") (native "lena_get_hero_id") - debug not enabled!
L 03/17/2026 - 15:31:25: [AMXX] To enable debug mode, add "debug" after the plugin name in plugins.ini (without quotes).
L 03/17/2026 - 15:31:25: Called dynanative into a paused plugin.
L 03/17/2026 - 15:31:25: [AMXX] Run time error 10 (plugin "sh_supernoodle.amxx") (native "sh_create_hero") - debug not enabled!
L 03/17/2026 - 15:31:25: [AMXX] To enable debug mode, add "debug" after the plugin name in plugins.ini (without quotes).
L 03/17/2026 - 15:31:25: Called dynanative into a paused plugin.
L 03/17/2026 - 15:31:25: [AMXX] Run time error 10 (plugin "sh_poisonivy.amxx") (native "sh_create_hero") - debug not enabled!
L 03/17/2026 - 15:31:25: [AMXX] To enable debug mode, add "debug" after the plugin name in plugins.ini (without quotes).
L 03/17/2026 - 15:31:25: Called dynanative into a paused plugin.
L 03/17/2026 - 15:31:25: [AMXX] Run time error 10 (plugin "sh_insptequila.amxx") (native "sh_create_hero") - debug not enabled!
L 03/17/2026 - 15:31:25: [AMXX] To enable debug mode, add "debug" after the plugin name in plugins.ini (without quotes).
L 03/17/2026 - 15:31:25: Called dynanative into a paused plugin.
L 03/17/2026 - 15:31:25: [AMXX] Run time error 10 (plugin "sh_juggernaut_nonstop_pub.amxx") (native "sh_create_hero") - debug not enabled!
L 03/17/2026 - 15:31:25: [AMXX] To enable debug mode, add "debug" after the plugin name in plugins.ini (without quotes).
L 03/17/2026 - 15:31:25: Called dynanative into a paused plugin.
L 03/17/2026 - 15:31:25: [AMXX] Run time error 10 (plugin "sh_shell.amxx") (native "sh_create_hero") - debug not enabled!
L 03/17/2026 - 15:31:25: [AMXX] To enable debug mode, add "debug" after the plugin name in plugins.ini (without quotes).
L 03/17/2026 - 15:31:25: Called dynanative into a paused plugin.
L 03/17/2026 - 15:31:25: [AMXX] Run time error 10 (plugin "sh_shangchi.amxx") (native "sh_create_hero") - debug not enabled!
L 03/17/2026 - 15:31:25: [AMXX] To enable debug mode, add "debug" after the plugin name in plugins.ini (without quotes).
L 03/17/2026 - 15:31:25: Called dynanative into a paused plugin.
L 03/17/2026 - 15:31:25: [AMXX] Run time error 10 (plugin "sh_marksman.amxx") (native "sh_create_hero") - debug not enabled!
L 03/17/2026 - 15:31:25: [AMXX] To enable debug mode, add "debug" after the plugin name in plugins.ini (without quotes).
L 03/17/2026 - 15:31:25: Called dynanative into a paused plugin.
L 03/17/2026 - 15:31:25: [AMXX] Run time error 10 (plugin "sh_thor.amxx") (native "sh_create_hero") - debug not enabled!
L 03/17/2026 - 15:31:25: [AMXX] To enable debug mode, add "debug" after the plugin name in plugins.ini (without quotes).
L 03/17/2026 - 15:31:25: Called dynanative into a paused plugin.
L 03/17/2026 - 15:31:25: [AMXX] Run time error 10 (plugin "sh_rattler.amxx") (native "sh_create_hero") - debug not enabled!
L 03/17/2026 - 15:31:25: [AMXX] To enable debug mode, add "debug" after the plugin name in plugins.ini (without quotes).
L 03/17/2026 - 15:31:25: Called dynanative into a paused plugin.
L 03/17/2026 - 15:31:25: [AMXX] Run time error 10 (plugin "sh_escapist.amxx") (native "sh_create_hero") - debug not enabled!
L 03/17/2026 - 15:31:25: [AMXX] To enable debug mode, add "debug" after the plugin name in plugins.ini (without quotes).
L 03/17/2026 - 15:31:25: Called dynanative into a paused plugin.
L 03/17/2026 - 15:31:25: [AMXX] Run time error 10 (plugin "sh_thetick.amxx") (native "sh_create_hero") - debug not enabled!
L 03/17/2026 - 15:31:25: [AMXX] To enable debug mode, add "debug" after the plugin name in plugins.ini (without quotes).
L 03/17/2026 - 15:31:25: Called dynanative into a paused plugin.
L 03/17/2026 - 15:31:25: [AMXX] Run time error 10 (plugin "sh_stungun.amxx") (native "sh_create_hero") - debug not enabled!
L 03/17/2026 - 15:31:25: [AMXX] To enable debug mode, add "debug" after the plugin name in plugins.ini (without quotes).
L 03/17/2026 - 15:31:25: Called dynanative into a paused plugin.
L 03/17/2026 - 15:31:25: [AMXX] Run time error 10 (plugin "sh_yoda.amxx") (native "sh_create_hero") - debug not enabled!
L 03/17/2026 - 15:31:25: [AMXX] To enable debug mode, add "debug" after the plugin name in plugins.ini (without quotes).
L 03/17/2026 - 15:31:25: Called dynanative into a paused plugin.
L 03/17/2026 - 15:31:25: [AMXX] Run time error 10 (plugin "sh_steel.amxx") (native "sh_create_hero") - debug not enabled!
L 03/17/2026 - 15:31:25: [AMXX] To enable debug mode, add "debug" after the plugin name in plugins.ini (without quotes).
L 03/17/2026 - 15:31:25: Called dynanative into a paused plugin.
L 03/17/2026 - 15:31:25: [AMXX] Run time error 10 (plugin "sh_dassassin.amxx") (native "sh_create_hero") - debug not enabled!
L 03/17/2026 - 15:31:25: [AMXX] To enable debug mode, add "debug" after the plugin name in plugins.ini (without quotes).
L 03/17/2026 - 15:31:25: Called dynanative into a paused plugin.
L 03/17/2026 - 15:31:25: [AMXX] Run time error 10 (plugin "sh_chikoi.amxx") (native "sh_create_hero") - debug not enabled!
L 03/17/2026 - 15:31:25: [AMXX] To enable debug mode, add "debug" after the plugin name in plugins.ini (without quotes).
L 03/17/2026 - 15:31:25: Called dynanative into a paused plugin.
L 03/17/2026 - 15:31:25: [AMXX] Run time error 10 (plugin "sh_swat.amxx") (native "sh_create_hero") - debug not enabled!
L 03/17/2026 - 15:31:25: [AMXX] To enable debug mode, add "debug" after the plugin name in plugins.ini (without quotes).
L 03/17/2026 - 15:31:25: Called dynanative into a paused plugin.
L 03/17/2026 - 15:31:25: [AMXX] Run time error 10 (plugin "sh_cyclone.amxx") (native "sh_create_hero") - debug not enabled!
L 03/17/2026 - 15:31:25: [AMXX] To enable debug mode, add "debug" after the plugin name in plugins.ini (without quotes).
L 03/17/2026 - 15:31:25: Called dynanative into a paused plugin.
L 03/17/2026 - 15:31:25: [AMXX] Run time error 10 (plugin "sh_darkpredator.amxx") (native "sh_create_hero") - debug not enabled!
L 03/17/2026 - 15:31:25: [AMXX] To enable debug mode, add "debug" after the plugin name in plugins.ini (without quotes).
L 03/17/2026 - 15:31:25: Called dynanative into a paused plugin.
L 03/17/2026 - 15:31:25: [AMXX] Run time error 10 (plugin "sh_vic15.amxx") (native "sh_create_hero") - debug not enabled!
L 03/17/2026 - 15:31:25: [AMXX] To enable debug mode, add "debug" after the plugin name in plugins.ini (without quotes).
L 03/17/2026 - 15:31:25: Called dynanative into a paused plugin.
L 03/17/2026 - 15:31:25: [AMXX] Run time error 10 (plugin "sh_painkiller.amxx") (native "sh_create_hero") - debug not enabled!
L 03/17/2026 - 15:31:25: [AMXX] To enable debug mode, add "debug" after the plugin name in plugins.ini (without quotes).
L 03/17/2026 - 15:31:25: Called dynanative into a paused plugin.
L 03/17/2026 - 15:31:25: [AMXX] Run time error 10 (plugin "sh_styropyro.amxx") (native "sh_create_hero") - debug not enabled!
L 03/17/2026 - 15:31:25: [AMXX] To enable debug mode, add "debug" after the plugin name in plugins.ini (without quotes).
L 03/17/2026 - 15:31:25: Called dynanative into a paused plugin.
L 03/17/2026 - 15:31:25: [AMXX] Run time error 10 (plugin "sh_electroB00M_(que_consome_ap).amxx") (native "sh_create_hero") - debug not enabled!
L 03/17/2026 - 15:31:25: [AMXX] To enable debug mode, add "debug" after the plugin name in plugins.ini (without quotes).
L 03/17/2026 - 15:31:25: Called dynanative into a paused plugin.
L 03/17/2026 - 15:31:25: [AMXX] Run time error 10 (plugin "sh_breaker.amxx") (native "sh_create_hero") - debug not enabled!
L 03/17/2026 - 15:31:25: [AMXX] To enable debug mode, add "debug" after the plugin name in plugins.ini (without quotes).
L 03/17/2026 - 15:31:25: Called dynanative into a paused plugin.
L 03/17/2026 - 15:31:25: [AMXX] Run time error 10 (plugin "sh_grimreaperpt2.amxx") (native "sh_create_hero") - debug not enabled!
L 03/17/2026 - 15:31:25: [AMXX] To enable debug mode, add "debug" after the plugin name in plugins.ini (without quotes).
L 03/17/2026 - 15:31:25: Called dynanative into a paused plugin.
L 03/17/2026 - 15:31:25: [AMXX] Run time error 10 (plugin "pill_gatling_funcs.amxx") (native "sh_max_entities") - debug not enabled!
L 03/17/2026 - 15:31:25: [AMXX] To enable debug mode, add "debug" after the plugin name in plugins.ini (without quotes).
L 03/17/2026 - 15:31:25: Called dynanative into a paused plugin.
L 03/17/2026 - 15:31:25: [AMXX] Run time error 10 (plugin "sh_yakuipt2.amxx") (native "sh_create_hero") - debug not enabled!
L 03/17/2026 - 15:31:25: [AMXX] To enable debug mode, add "debug" after the plugin name in plugins.ini (without quotes).
L 03/17/2026 - 15:31:25: Called dynanative into a paused plugin.
L 03/17/2026 - 15:31:25: [AMXX] Run time error 10 (plugin "sh_captaina.amxx") (native "sh_create_hero") - debug not enabled!
L 03/17/2026 - 15:31:25: [AMXX] To enable debug mode, add "debug" after the plugin name in plugins.ini (without quotes).
L 03/17/2026 - 15:31:25: Called dynanative into a paused plugin.
L 03/17/2026 - 15:31:25: [AMXX] Run time error 10 (plugin "sh_camman.amxx") (native "sh_create_hero") - debug not enabled!
L 03/17/2026 - 15:31:25: [AMXX] To enable debug mode, add "debug" after the plugin name in plugins.ini (without quotes).
L 03/17/2026 - 15:31:25: Called dynanative into a paused plugin.
L 03/17/2026 - 15:31:25: [AMXX] Run time error 10 (plugin "sh_jaqueo.amxx") (native "sh_create_hero") - debug not enabled!
L 03/17/2026 - 15:31:25: [AMXX] To enable debug mode, add "debug" after the plugin name in plugins.ini (without quotes).
L 03/17/2026 - 15:31:25: Called dynanative into a paused plugin.
L 03/17/2026 - 15:31:25: [AMXX] Run time error 10 (plugin "sh_backtothepast.amxx") (native "sh_create_hero") - debug not enabled!
L 03/17/2026 - 15:31:25: [AMXX] To enable debug mode, add "debug" after the plugin name in plugins.ini (without quotes).
L 03/17/2026 - 15:31:25: Called dynanative into a paused plugin.
L 03/17/2026 - 15:31:25: [AMXX] Run time error 10 (plugin "sh_roberto_carlos.amxx") (native "sh_create_hero") - debug not enabled!
L 03/17/2026 - 15:31:25: [AMXX] To enable debug mode, add "debug" after the plugin name in plugins.ini (without quotes).
L 03/17/2026 - 15:31:25: Called dynanative into a paused plugin.
L 03/17/2026 - 15:31:25: [AMXX] Run time error 10 (plugin "sh_dracula.amxx") (native "sh_create_hero") - debug not enabled!
L 03/17/2026 - 15:31:25: [AMXX] To enable debug mode, add "debug" after the plugin name in plugins.ini (without quotes).
L 03/17/2026 - 15:31:25: Called dynanative into a paused plugin.
L 03/17/2026 - 15:31:25: [AMXX] Run time error 10 (plugin "sh_leyla.amxx") (native "sh_create_hero") - debug not enabled!
L 03/17/2026 - 15:31:25: [AMXX] To enable debug mode, add "debug" after the plugin name in plugins.ini (without quotes).
L 03/17/2026 - 15:31:25: Called dynanative into a paused plugin.
L 03/17/2026 - 15:31:25: [AMXX] Run time error 10 (plugin "sh_grandmaster.amxx") (native "sh_create_hero") - debug not enabled!
L 03/17/2026 - 15:31:25: [AMXX] To enable debug mode, add "debug" after the plugin name in plugins.ini (without quotes).
L 03/17/2026 - 15:31:25: Called dynanative into a paused plugin.
L 03/17/2026 - 15:31:25: [AMXX] Run time error 10 (plugin "sh_komakpt2.amxx") (native "sh_create_hero") - debug not enabled!
L 03/17/2026 - 15:31:25: [AMXX] To enable debug mode, add "debug" after the plugin name in plugins.ini (without quotes).
L 03/17/2026 - 15:31:25: Called dynanative into a paused plugin.
L 03/17/2026 - 15:31:25: [AMXX] Run time error 10 (plugin "sh_ester.amxx") (native "sh_create_hero") - debug not enabled!
L 03/17/2026 - 15:31:25: [AMXX] To enable debug mode, add "debug" after the plugin name in plugins.ini (without quotes).
L 03/17/2026 - 15:31:25: Called dynanative into a paused plugin.
L 03/17/2026 - 15:31:25: [AMXX] Run time error 10 (plugin "sh_invisman.amxx") (native "sh_create_hero") - debug not enabled!
L 03/17/2026 - 15:31:25: [AMXX] To enable debug mode, add "debug" after the plugin name in plugins.ini (without quotes).
L 03/17/2026 - 15:31:25: Called dynanative into a paused plugin.
L 03/17/2026 - 15:31:25: [AMXX] Run time error 10 (plugin "sh_morpheus.amxx") (native "sh_create_hero") - debug not enabled!
L 03/17/2026 - 15:31:25: [AMXX] To enable debug mode, add "debug" after the plugin name in plugins.ini (without quotes).
L 03/17/2026 - 15:31:25: Called dynanative into a paused plugin.
L 03/17/2026 - 15:31:25: [AMXX] Run time error 10 (plugin "sh_Im_y-yowai.amxx") (native "sh_create_hero") - debug not enabled!
L 03/17/2026 - 15:31:25: [AMXX] To enable debug mode, add "debug" after the plugin name in plugins.ini (without quotes).
L 03/17/2026 - 15:31:25: Called dynanative into a paused plugin.
L 03/17/2026 - 15:31:25: [AMXX] Run time error 10 (plugin "sh_erica.amxx") (native "sh_create_hero") - debug not enabled!
L 03/17/2026 - 15:31:25: [AMXX] To enable debug mode, add "debug" after the plugin name in plugins.ini (without quotes).
L 03/17/2026 - 15:31:25: Called dynanative into a paused plugin.
L 03/17/2026 - 15:31:25: [AMXX] Run time error 10 (plugin "sh_spiderman.amxx") (native "sh_create_hero") - debug not enabled!
L 03/17/2026 - 15:31:25: [AMXX] To enable debug mode, add "debug" after the plugin name in plugins.ini (without quotes).
L 03/17/2026 - 15:31:25: Called dynanative into a paused plugin.
L 03/17/2026 - 15:31:25: [AMXX] Run time error 10 (plugin "sh_sapper.amxx") (native "sh_create_hero") - debug not enabled!
L 03/17/2026 - 15:31:25: [AMXX] To enable debug mode, add "debug" after the plugin name in plugins.ini (without quotes).
L 03/17/2026 - 15:31:25: Called dynanative into a paused plugin.
L 03/17/2026 - 15:31:25: [AMXX] Run time error 10 (plugin "sh_lara.amxx") (native "sh_create_hero") - debug not enabled!
L 03/17/2026 - 15:31:25: [AMXX] To enable debug mode, add "debug" after the plugin name in plugins.ini (without quotes).
L 03/17/2026 - 15:31:25: Called dynanative into a paused plugin.
L 03/17/2026 - 15:31:25: [AMXX] Run time error 10 (plugin "sh_xavier.amxx") (native "sh_create_hero") - debug not enabled!
L 03/17/2026 - 15:31:25: [AMXX] To enable debug mode, add "debug" after the plugin name in plugins.ini (without quotes).
L 03/17/2026 - 15:31:25: Called dynanative into a paused plugin.
L 03/17/2026 - 15:31:25: [AMXX] Run time error 10 (plugin "sh_squall.amxx") (native "sh_create_hero") - debug not enabled!
L 03/17/2026 - 15:31:25: [AMXX] To enable debug mode, add "debug" after the plugin name in plugins.ini (without quotes).
L 03/17/2026 - 15:31:25: Called dynanative into a paused plugin.
L 03/17/2026 - 15:31:25: [AMXX] Run time error 10 (plugin "sh_arcticpredator.amxx") (native "sh_create_hero") - debug not enabled!
L 03/17/2026 - 15:31:25: [AMXX] To enable debug mode, add "debug" after the plugin name in plugins.ini (without quotes).
L 03/17/2026 - 15:31:25: Called dynanative into a paused plugin.
L 03/17/2026 - 15:31:25: [AMXX] Run time error 10 (plugin "sh_goku.amxx") (native "sh_create_hero") - debug not enabled!
L 03/17/2026 - 15:31:25: [AMXX] To enable debug mode, add "debug" after the plugin name in plugins.ini (without quotes).
L 03/17/2026 - 15:31:25: Called dynanative into a paused plugin.
L 03/17/2026 - 15:31:25: [AMXX] Run time error 10 (plugin "sh_batgirl.amxx") (native "sh_create_hero") - debug not enabled!
L 03/17/2026 - 15:31:25: [AMXX] To enable debug mode, add "debug" after the plugin name in plugins.ini (without quotes).
L 03/17/2026 - 15:31:25: Called dynanative into a paused plugin.
L 03/17/2026 - 15:31:25: [AMXX] Run time error 10 (plugin "sh_vegetto.amxx") (native "sh_create_hero") - debug not enabled!
L 03/17/2026 - 15:31:25: [AMXX] To enable debug mode, add "debug" after the plugin name in plugins.ini (without quotes).
L 03/17/2026 - 15:31:25: Called dynanative into a paused plugin.
L 03/17/2026 - 15:31:25: [AMXX] Run time error 10 (plugin "sh_bass.amxx") (native "sh_create_hero") - debug not enabled!
L 03/17/2026 - 15:31:25: [AMXX] To enable debug mode, add "debug" after the plugin name in plugins.ini (without quotes).
L 03/17/2026 - 15:31:25: Called dynanative into a paused plugin.
L 03/17/2026 - 15:31:25: [AMXX] Run time error 10 (plugin "sh_bloodangelv2.amxx") (native "sh_create_hero") - debug not enabled!
L 03/17/2026 - 15:31:25: [AMXX] To enable debug mode, add "debug" after the plugin name in plugins.ini (without quotes).
L 03/17/2026 - 15:31:25: Called dynanative into a paused plugin.
L 03/17/2026 - 15:31:25: [AMXX] Run time error 10 (plugin "sh_scorpion.amxx") (native "sh_create_hero") - debug not enabled!
L 03/17/2026 - 15:31:25: [AMXX] To enable debug mode, add "debug" after the plugin name in plugins.ini (without quotes).
L 03/17/2026 - 15:31:25: Called dynanative into a paused plugin.
L 03/17/2026 - 15:31:25: [AMXX] Run time error 10 (plugin "sh_colalover.amxx") (native "sh_create_hero") - debug not enabled!
L 03/17/2026 - 15:31:25: [AMXX] To enable debug mode, add "debug" after the plugin name in plugins.ini (without quotes).
L 03/17/2026 - 15:31:25: Called dynanative into a paused plugin.
L 03/17/2026 - 15:31:25: [AMXX] Run time error 10 (plugin "sh_riddick.amxx") (native "sh_create_hero") - debug not enabled!
L 03/17/2026 - 15:31:25: [AMXX] To enable debug mode, add "debug" after the plugin name in plugins.ini (without quotes).
L 03/17/2026 - 15:31:25: Called dynanative into a paused plugin.
L 03/17/2026 - 15:31:25: [AMXX] Run time error 10 (plugin "sh_stealthpredator.amxx") (native "sh_create_hero") - debug not enabled!
L 03/17/2026 - 15:31:25: [AMXX] To enable debug mode, add "debug" after the plugin name in plugins.ini (without quotes).
L 03/17/2026 - 15:31:25: Called dynanative into a paused plugin.
L 03/17/2026 - 15:31:25: [AMXX] Run time error 10 (plugin "sh_ubergunner.amxx") (native "sh_create_hero") - debug not enabled!
L 03/17/2026 - 15:31:25: [AMXX] To enable debug mode, add "debug" after the plugin name in plugins.ini (without quotes).
L 03/17/2026 - 15:31:25: Called dynanative into a paused plugin.
L 03/17/2026 - 15:31:25: [AMXX] Run time error 10 (plugin "sh_exodus.amxx") (native "sh_create_hero") - debug not enabled!
L 03/17/2026 - 15:31:25: [AMXX] To enable debug mode, add "debug" after the plugin name in plugins.ini (without quotes).
L 03/17/2026 - 15:31:25: Called dynanative into a paused plugin.
L 03/17/2026 - 15:31:25: [AMXX] Run time error 10 (plugin "sh_ctrooper.amxx") (native "sh_create_hero") - debug not enabled!
L 03/17/2026 - 15:31:25: [AMXX] To enable debug mode, add "debug" after the plugin name in plugins.ini (without quotes).
L 03/17/2026 - 15:31:25: Called dynanative into a paused plugin.
L 03/17/2026 - 15:31:25: [AMXX] Run time error 10 (plugin "sh_casper.amxx") (native "sh_create_hero") - debug not enabled!
L 03/17/2026 - 15:31:25: [AMXX] To enable debug mode, add "debug" after the plugin name in plugins.ini (without quotes).
L 03/17/2026 - 15:31:25: Called dynanative into a paused plugin.
L 03/17/2026 - 15:31:25: [AMXX] Run time error 10 (plugin "sh_bazooka.amxx") (native "sh_create_hero") - debug not enabled!
L 03/17/2026 - 15:31:25: [AMXX] To enable debug mode, add "debug" after the plugin name in plugins.ini (without quotes).
L 03/17/2026 - 15:31:25: Called dynanative into a paused plugin.
L 03/17/2026 - 15:31:25: [AMXX] Run time error 10 (plugin "sh_chucky.amxx") (native "sh_create_hero") - debug not enabled!
L 03/17/2026 - 15:31:25: [AMXX] To enable debug mode, add "debug" after the plugin name in plugins.ini (without quotes).
L 03/17/2026 - 15:31:25: Called dynanative into a paused plugin.
L 03/17/2026 - 15:31:25: [AMXX] Run time error 10 (plugin "sh_frieza.amxx") (native "sh_create_hero") - debug not enabled!
L 03/17/2026 - 15:31:25: [AMXX] To enable debug mode, add "debug" after the plugin name in plugins.ini (without quotes).
L 03/17/2026 - 15:31:25: Called dynanative into a paused plugin.
L 03/17/2026 - 15:31:25: [AMXX] Run time error 10 (plugin "sh_masterchief.amxx") (native "sh_create_hero") - debug not enabled!
L 03/17/2026 - 15:31:25: [AMXX] To enable debug mode, add "debug" after the plugin name in plugins.ini (without quotes).
L 03/17/2026 - 15:31:25: Called dynanative into a paused plugin.
L 03/17/2026 - 15:31:25: [AMXX] Run time error 10 (plugin "sh_penguin.amxx") (native "sh_create_hero") - debug not enabled!
L 03/17/2026 - 15:31:25: [AMXX] To enable debug mode, add "debug" after the plugin name in plugins.ini (without quotes).
L 03/17/2026 - 15:31:25: Called dynanative into a paused plugin.
L 03/17/2026 - 15:31:25: [AMXX] Run time error 10 (plugin "sh_polaris.amxx") (native "sh_create_hero") - debug not enabled!
L 03/17/2026 - 15:31:25: [AMXX] To enable debug mode, add "debug" after the plugin name in plugins.ini (without quotes).
L 03/17/2026 - 15:31:25: Called dynanative into a paused plugin.
L 03/17/2026 - 15:31:25: [AMXX] Run time error 10 (plugin "sh_ricochet.amxx") (native "sh_create_hero") - debug not enabled!
L 03/17/2026 - 15:31:25: [AMXX] To enable debug mode, add "debug" after the plugin name in plugins.ini (without quotes).
L 03/17/2026 - 15:31:25: Called dynanative into a paused plugin.
L 03/17/2026 - 15:31:25: [AMXX] Run time error 10 (plugin "sh_t800.amxx") (native "sh_create_hero") - debug not enabled!
L 03/17/2026 - 15:31:25: [AMXX] To enable debug mode, add "debug" after the plugin name in plugins.ini (without quotes).
L 03/17/2026 - 15:31:25: Called dynanative into a paused plugin.
L 03/17/2026 - 15:31:25: [AMXX] Run time error 10 (plugin "sh_bunnyhop.amxx") (native "sh_create_hero") - debug not enabled!
L 03/17/2026 - 15:31:25: [AMXX] To enable debug mode, add "debug" after the plugin name in plugins.ini (without quotes).
L 03/17/2026 - 15:31:25: Called dynanative into a paused plugin.
L 03/17/2026 - 15:31:25: [AMXX] Run time error 10 (plugin "sh_meteorix.amxx") (native "sh_create_hero") - debug not enabled!
L 03/17/2026 - 15:31:25: [AMXX] To enable debug mode, add "debug" after the plugin name in plugins.ini (without quotes).
L 03/17/2026 - 15:31:25: Called dynanative into a paused plugin.
L 03/17/2026 - 15:31:25: [AMXX] Run time error 10 (plugin "sh_wolverine.amxx") (native "sh_create_hero") - debug not enabled!
L 03/17/2026 - 15:31:25: [AMXX] To enable debug mode, add "debug" after the plugin name in plugins.ini (without quotes).
L 03/17/2026 - 15:31:25: Called dynanative into a paused plugin.
L 03/17/2026 - 15:31:25: [AMXX] Run time error 10 (plugin "sh_gambit.amxx") (native "sh_create_hero") - debug not enabled!
L 03/17/2026 - 15:31:25: [AMXX] To enable debug mode, add "debug" after the plugin name in plugins.ini (without quotes).
L 03/17/2026 - 15:31:25: Called dynanative into a paused plugin.
L 03/17/2026 - 15:31:25: [AMXX] Run time error 10 (plugin "sh_mirage.amxx") (native "sh_create_hero") - debug not enabled!
L 03/17/2026 - 15:31:25: [AMXX] To enable debug mode, add "debug" after the plugin name in plugins.ini (without quotes).
L 03/17/2026 - 15:31:25: Called dynanative into a paused plugin.
L 03/17/2026 - 15:31:25: [AMXX] Run time error 10 (plugin "sh_selfless_yanderept2.amxx") (native "sh_create_hero") - debug not enabled!
L 03/17/2026 - 15:31:25: [AMXX] To enable debug mode, add "debug" after the plugin name in plugins.ini (without quotes).
L 03/17/2026 - 15:31:25: Called dynanative into a paused plugin.
L 03/17/2026 - 15:31:25: [AMXX] Run time error 10 (plugin "sh_adriano.amxx") (native "sh_create_hero") - debug not enabled!
L 03/17/2026 - 15:31:25: [AMXX] To enable debug mode, add "debug" after the plugin name in plugins.ini (without quotes).
L 03/17/2026 - 15:31:25: Called dynanative into a paused plugin.
L 03/17/2026 - 15:31:25: [AMXX] Run time error 10 (plugin "sh_vash.amxx") (native "sh_create_hero") - debug not enabled!
L 03/17/2026 - 15:31:25: [AMXX] To enable debug mode, add "debug" after the plugin name in plugins.ini (without quotes).
L 03/17/2026 - 15:31:25: Called dynanative into a paused plugin.
L 03/17/2026 - 15:31:25: [AMXX] Run time error 10 (plugin "sh_secretary.amxx") (native "sh_create_hero") - debug not enabled!
L 03/17/2026 - 15:31:25: [AMXX] To enable debug mode, add "debug" after the plugin name in plugins.ini (without quotes).
L 03/17/2026 - 15:31:25: Called dynanative into a paused plugin.
L 03/17/2026 - 15:31:25: [AMXX] Run time error 10 (plugin "sh_catwoman.amxx") (native "sh_create_hero") - debug not enabled!
L 03/17/2026 - 15:31:25: [AMXX] To enable debug mode, add "debug" after the plugin name in plugins.ini (without quotes).
L 03/17/2026 - 15:31:25: Called dynanative into a paused plugin.
L 03/17/2026 - 15:31:25: [AMXX] Run time error 10 (plugin "sh_flora.amxx") (native "sh_create_hero") - debug not enabled!
L 03/17/2026 - 15:31:25: [AMXX] To enable debug mode, add "debug" after the plugin name in plugins.ini (without quotes).
L 03/17/2026 - 15:31:25: Called dynanative into a paused plugin.
L 03/17/2026 - 15:31:25: [AMXX] Run time error 10 (plugin "sh_gloce.amxx") (native "sh_create_hero") - debug not enabled!
L 03/17/2026 - 15:31:25: [AMXX] To enable debug mode, add "debug" after the plugin name in plugins.ini (without quotes).
L 03/17/2026 - 15:31:25: Called dynanative into a paused plugin.
L 03/17/2026 - 15:31:25: [AMXX] Run time error 10 (plugin "sh_monitor.amxx") (native "sh_get_num_lvls") - debug not enabled!
L 03/17/2026 - 15:31:25: [AMXX] To enable debug mode, add "debug" after the plugin name in plugins.ini (without quotes).
