L 03/26/2026 - 19:35:00: Start of error session.
L 03/26/2026 - 19:35:00: Info (map "de_dust") (file "addons/amxmodx/logs/error_20260326.log")
L 03/26/2026 - 19:35:00: Function "molotov_damage_vulnerability" was not found
L 03/26/2026 - 19:35:00: [AMXX] Run time error 19 (plugin "yandere_psychosis_fx.amxx") - debug not enabled!
L 03/26/2026 - 19:35:00: [AMXX] To enable debug mode, add "debug" after the plugin name in plugins.ini (without quotes).
L 03/26/2026 - 19:35:04: Start of error session.
L 03/26/2026 - 19:35:04: Info (map "de_dust") (file "addons/amxmodx/logs/error_20260326.log")
L 03/26/2026 - 19:35:04: Function "molotov_damage_vulnerability" was not found
L 03/26/2026 - 19:35:04: [AMXX] Run time error 19 (plugin "yandere_psychosis_fx.amxx") - debug not enabled!
L 03/26/2026 - 19:35:04: [AMXX] To enable debug mode, add "debug" after the plugin name in plugins.ini (without quotes).
L 03/26/2026 - 19:46:38: Start of error session.
L 03/26/2026 - 19:46:38: Info (map "de_dust") (file "addons/amxmodx/logs/error_20260326.log")
L 03/26/2026 - 19:46:38: Invalid player id 17
L 03/26/2026 - 19:46:38: [AMXX] Run time error 10 (plugin "sh_erica.amxx") (native "get_user_origin") - debug not enabled!
L 03/26/2026 - 19:46:38: [AMXX] To enable debug mode, add "debug" after the plugin name in plugins.ini (without quotes).
L 03/26/2026 - 19:46:38: Invalid player id 17
L 03/26/2026 - 19:46:38: [AMXX] Run time error 10 (plugin "sh_erica.amxx") (native "get_user_origin") - debug not enabled!
L 03/26/2026 - 19:46:38: [AMXX] To enable debug mode, add "debug" after the plugin name in plugins.ini (without quotes).
L 03/26/2026 - 19:46:40: Invalid player id 17
L 03/26/2026 - 19:46:40: [AMXX] Run time error 10 (plugin "sh_erica.amxx") (native "get_user_origin") - debug not enabled!
L 03/26/2026 - 19:46:40: [AMXX] To enable debug mode, add "debug" after the plugin name in plugins.ini (without quotes).
L 03/26/2026 - 19:46:41: Invalid player id 17
L 03/26/2026 - 19:46:41: [AMXX] Run time error 10 (plugin "sh_erica.amxx") (native "get_user_origin") - debug not enabled!
L 03/26/2026 - 19:46:41: [AMXX] To enable debug mode, add "debug" after the plugin name in plugins.ini (without quotes).
L 03/26/2026 - 19:46:41: Invalid player id 17
L 03/26/2026 - 19:46:41: [AMXX] Run time error 10 (plugin "sh_erica.amxx") (native "get_user_origin") - debug not enabled!
L 03/26/2026 - 19:46:41: [AMXX] To enable debug mode, add "debug" after the plugin name in plugins.ini (without quotes).
L 03/26/2026 - 19:53:36: Start of error session.
L 03/26/2026 - 19:53:36: Info (map "de_dust") (file "addons/amxmodx/logs/error_20260326.log")
L 03/26/2026 - 19:53:36: Invalid player id 17
L 03/26/2026 - 19:53:36: [AMXX] Displaying debug trace (plugin "sh_erica.amxx", version "1.0")
L 03/26/2026 - 19:53:36: [AMXX] Run time error 10: native error (native "get_user_origin")
L 03/26/2026 - 19:53:36: [AMXX]    [0] sh_erica.sma::get_speed_dmg_in_radius (line 356)
L 03/26/2026 - 19:53:36: [AMXX]    [1] sh_erica.sma::erica_damage (line 409)
L 03/26/2026 - 19:53:37: Invalid player id 17
L 03/26/2026 - 19:53:37: [AMXX] Displaying debug trace (plugin "sh_erica.amxx", version "1.0")
L 03/26/2026 - 19:53:37: [AMXX] Run time error 10: native error (native "get_user_origin")
L 03/26/2026 - 19:53:37: [AMXX]    [0] sh_erica.sma::get_speed_dmg_in_radius (line 356)
L 03/26/2026 - 19:53:37: [AMXX]    [1] sh_erica.sma::erica_damage (line 409)
L 03/26/2026 - 19:53:37: Invalid player id 17
L 03/26/2026 - 19:53:37: [AMXX] Displaying debug trace (plugin "sh_erica.amxx", version "1.0")
L 03/26/2026 - 19:53:37: [AMXX] Run time error 10: native error (native "get_user_origin")
L 03/26/2026 - 19:53:37: [AMXX]    [0] sh_erica.sma::get_speed_dmg_in_radius (line 356)
L 03/26/2026 - 19:53:37: [AMXX]    [1] sh_erica.sma::erica_damage (line 409)
L 03/26/2026 - 19:53:37: Invalid player id 17
L 03/26/2026 - 19:53:37: [AMXX] Displaying debug trace (plugin "sh_erica.amxx", version "1.0")
L 03/26/2026 - 19:53:37: [AMXX] Run time error 10: native error (native "get_user_origin")
L 03/26/2026 - 19:53:37: [AMXX]    [0] sh_erica.sma::get_speed_dmg_in_radius (line 356)
L 03/26/2026 - 19:53:37: [AMXX]    [1] sh_erica.sma::erica_damage (line 409)
L 03/26/2026 - 19:53:37: Invalid player id 17
L 03/26/2026 - 19:53:37: [AMXX] Displaying debug trace (plugin "sh_erica.amxx", version "1.0")
L 03/26/2026 - 19:53:37: [AMXX] Run time error 10: native error (native "get_user_origin")
L 03/26/2026 - 19:53:37: [AMXX]    [0] sh_erica.sma::get_speed_dmg_in_radius (line 356)
L 03/26/2026 - 19:53:37: [AMXX]    [1] sh_erica.sma::erica_damage (line 409)
L 03/26/2026 - 19:53:37: Invalid player id 17
L 03/26/2026 - 19:53:37: [AMXX] Displaying debug trace (plugin "sh_erica.amxx", version "1.0")
L 03/26/2026 - 19:53:37: [AMXX] Run time error 10: native error (native "get_user_origin")
L 03/26/2026 - 19:53:37: [AMXX]    [0] sh_erica.sma::get_speed_dmg_in_radius (line 356)
L 03/26/2026 - 19:53:37: [AMXX]    [1] sh_erica.sma::erica_damage (line 409)
L 03/26/2026 - 19:53:37: Invalid player id 17
L 03/26/2026 - 19:53:37: [AMXX] Displaying debug trace (plugin "sh_erica.amxx", version "1.0")
L 03/26/2026 - 19:53:37: [AMXX] Run time error 10: native error (native "get_user_origin")
L 03/26/2026 - 19:53:37: [AMXX]    [0] sh_erica.sma::get_speed_dmg_in_radius (line 356)
L 03/26/2026 - 19:53:37: [AMXX]    [1] sh_erica.sma::erica_damage (line 409)
L 03/26/2026 - 19:53:37: Invalid player id 17
L 03/26/2026 - 19:53:37: [AMXX] Displaying debug trace (plugin "sh_erica.amxx", version "1.0")
L 03/26/2026 - 19:53:37: [AMXX] Run time error 10: native error (native "get_user_origin")
L 03/26/2026 - 19:53:37: [AMXX]    [0] sh_erica.sma::get_speed_dmg_in_radius (line 356)
L 03/26/2026 - 19:53:37: [AMXX]    [1] sh_erica.sma::erica_damage (line 409)
L 03/26/2026 - 19:53:37: Invalid player id 17
L 03/26/2026 - 19:53:37: [AMXX] Displaying debug trace (plugin "sh_erica.amxx", version "1.0")
L 03/26/2026 - 19:53:37: [AMXX] Run time error 10: native error (native "get_user_origin")
L 03/26/2026 - 19:53:37: [AMXX]    [0] sh_erica.sma::get_speed_dmg_in_radius (line 356)
L 03/26/2026 - 19:53:37: [AMXX]    [1] sh_erica.sma::erica_damage (line 409)
L 03/26/2026 - 21:23:14: Start of error session.
L 03/26/2026 - 21:23:14: Info (map "de_dust") (file "addons/amxmodx/logs/error_20260326.log")
L 03/26/2026 - 21:23:14: Function is not present (function "focus_user") (plugin "pill_gatling_fx.amxx")
L 03/26/2026 - 21:23:14: [AMXX] Run time error 10 (plugin "pill_gatling_fx.amxx") (native "set_task") - debug not enabled!
L 03/26/2026 - 21:23:14: [AMXX] To enable debug mode, add "debug" after the plugin name in plugins.ini (without quotes).
L 03/26/2026 - 21:23:14: Unhandled dynamic native error
L 03/26/2026 - 21:23:14: [AMXX] Run time error 10 (plugin "sh_ester.amxx") (native "sh_effect_user_direct") - debug not enabled!
L 03/26/2026 - 21:23:14: [AMXX] To enable debug mode, add "debug" after the plugin name in plugins.ini (without quotes).
L 03/26/2026 - 22:26:05: Start of error session.
L 03/26/2026 - 22:26:05: Info (map "cs_italy") (file "addons/amxmodx/logs/error_20260326.log")
L 03/26/2026 - 22:26:05: Function is not present (function "focus_user") (plugin "pill_gatling_fx.amxx")
L 03/26/2026 - 22:26:05: [AMXX] Displaying debug trace (plugin "pill_gatling_fx.amxx", version "1.0.0")
L 03/26/2026 - 22:26:05: [AMXX] Run time error 10: native error (native "set_task")
L 03/26/2026 - 22:26:05: [AMXX]    [0] pill_gatling_fx.sma::fx_task_user (line 230)
L 03/26/2026 - 22:26:05: [AMXX]    [1] pill_gatling_fx.sma::_sh_effect_user_direct (line 344)
L 03/26/2026 - 22:26:05: Unhandled dynamic native error
L 03/26/2026 - 22:26:05: [AMXX] Displaying debug trace (plugin "sh_ester.amxx", version "1.0")
L 03/26/2026 - 22:26:05: [AMXX] Run time error 10: native error (native "sh_effect_user_direct")
L 03/26/2026 - 22:26:05: [AMXX]    [0] sh_ester.sma::weaponChange (line 319)
L 03/26/2026 - 22:27:19: Function is not present (function "focus_user") (plugin "pill_gatling_fx.amxx")
L 03/26/2026 - 22:27:19: [AMXX] Displaying debug trace (plugin "pill_gatling_fx.amxx", version "1.0.0")
L 03/26/2026 - 22:27:19: [AMXX] Run time error 10: native error (native "set_task")
L 03/26/2026 - 22:27:19: [AMXX]    [0] pill_gatling_fx.sma::fx_task_user (line 230)
L 03/26/2026 - 22:27:19: [AMXX]    [1] pill_gatling_fx.sma::_sh_effect_user_direct (line 344)
L 03/26/2026 - 22:27:19: Unhandled dynamic native error
L 03/26/2026 - 22:27:19: [AMXX] Displaying debug trace (plugin "sh_ester.amxx", version "1.0")
L 03/26/2026 - 22:27:19: [AMXX] Run time error 10: native error (native "sh_effect_user_direct")
L 03/26/2026 - 22:27:19: [AMXX]    [0] sh_ester.sma::weaponChange (line 319)
L 03/26/2026 - 22:33:48: [AMXX] Displaying debug trace (plugin "sh_erica.amxx", version "1.0")
L 03/26/2026 - 22:33:48: [AMXX] Run time error 4: index out of bounds 
L 03/26/2026 - 22:33:48: [AMXX]    [0] sh_erica.sma::erica_damage (line 417)
L 03/26/2026 - 22:34:35: Function is not present (function "focus_user") (plugin "pill_gatling_fx.amxx")
L 03/26/2026 - 22:34:35: [AMXX] Displaying debug trace (plugin "pill_gatling_fx.amxx", version "1.0.0")
L 03/26/2026 - 22:34:35: [AMXX] Run time error 10: native error (native "set_task")
L 03/26/2026 - 22:34:35: [AMXX]    [0] pill_gatling_fx.sma::fx_task_user (line 230)
L 03/26/2026 - 22:34:35: [AMXX]    [1] pill_gatling_fx.sma::_sh_effect_user_direct (line 344)
L 03/26/2026 - 22:34:35: Unhandled dynamic native error
L 03/26/2026 - 22:34:35: [AMXX] Displaying debug trace (plugin "sh_ester.amxx", version "1.0")
L 03/26/2026 - 22:34:35: [AMXX] Run time error 10: native error (native "sh_effect_user_direct")
L 03/26/2026 - 22:34:35: [AMXX]    [0] sh_ester.sma::weaponChange (line 319)
L 03/26/2026 - 22:34:38: Function is not present (function "focus_user") (plugin "pill_gatling_fx.amxx")
L 03/26/2026 - 22:34:38: [AMXX] Displaying debug trace (plugin "pill_gatling_fx.amxx", version "1.0.0")
L 03/26/2026 - 22:34:38: [AMXX] Run time error 10: native error (native "set_task")
L 03/26/2026 - 22:34:38: [AMXX]    [0] pill_gatling_fx.sma::fx_task_user (line 230)
L 03/26/2026 - 22:34:38: [AMXX]    [1] pill_gatling_fx.sma::_sh_effect_user_direct (line 344)
L 03/26/2026 - 22:34:38: Unhandled dynamic native error
L 03/26/2026 - 22:34:38: [AMXX] Displaying debug trace (plugin "sh_ester.amxx", version "1.0")
L 03/26/2026 - 22:34:38: [AMXX] Run time error 10: native error (native "sh_effect_user_direct")
L 03/26/2026 - 22:34:38: [AMXX]    [0] sh_ester.sma::weaponChange (line 319)
L 03/26/2026 - 22:35:17: Function is not present (function "focus_user") (plugin "pill_gatling_fx.amxx")
L 03/26/2026 - 22:35:17: [AMXX] Displaying debug trace (plugin "pill_gatling_fx.amxx", version "1.0.0")
L 03/26/2026 - 22:35:17: [AMXX] Run time error 10: native error (native "set_task")
L 03/26/2026 - 22:35:17: [AMXX]    [0] pill_gatling_fx.sma::fx_task_user (line 230)
L 03/26/2026 - 22:35:17: [AMXX]    [1] pill_gatling_fx.sma::_sh_effect_user_direct (line 344)
L 03/26/2026 - 22:35:17: Unhandled dynamic native error
L 03/26/2026 - 22:35:17: [AMXX] Displaying debug trace (plugin "sh_ester.amxx", version "1.0")
L 03/26/2026 - 22:35:17: [AMXX] Run time error 10: native error (native "sh_effect_user_direct")
L 03/26/2026 - 22:35:17: [AMXX]    [0] sh_ester.sma::weaponChange (line 319)
L 03/26/2026 - 22:37:43: Function is not present (function "focus_user") (plugin "pill_gatling_fx.amxx")
L 03/26/2026 - 22:37:43: [AMXX] Displaying debug trace (plugin "pill_gatling_fx.amxx", version "1.0.0")
L 03/26/2026 - 22:37:43: [AMXX] Run time error 10: native error (native "set_task")
L 03/26/2026 - 22:37:43: [AMXX]    [0] pill_gatling_fx.sma::fx_task_user (line 230)
L 03/26/2026 - 22:37:43: [AMXX]    [1] pill_gatling_fx.sma::_sh_effect_user_direct (line 344)
L 03/26/2026 - 22:37:43: Unhandled dynamic native error
L 03/26/2026 - 22:37:43: [AMXX] Displaying debug trace (plugin "sh_ester.amxx", version "1.0")
L 03/26/2026 - 22:37:43: [AMXX] Run time error 10: native error (native "sh_effect_user_direct")
L 03/26/2026 - 22:37:43: [AMXX]    [0] sh_ester.sma::weaponChange (line 319)
L 03/26/2026 - 22:38:13: Function is not present (function "focus_user") (plugin "pill_gatling_fx.amxx")
L 03/26/2026 - 22:38:13: [AMXX] Displaying debug trace (plugin "pill_gatling_fx.amxx", version "1.0.0")
L 03/26/2026 - 22:38:13: [AMXX] Run time error 10: native error (native "set_task")
L 03/26/2026 - 22:38:13: [AMXX]    [0] pill_gatling_fx.sma::fx_task_user (line 230)
L 03/26/2026 - 22:38:13: [AMXX]    [1] pill_gatling_fx.sma::_sh_effect_user_direct (line 344)
L 03/26/2026 - 22:38:13: Unhandled dynamic native error
L 03/26/2026 - 22:38:13: [AMXX] Displaying debug trace (plugin "sh_ester.amxx", version "1.0")
L 03/26/2026 - 22:38:13: [AMXX] Run time error 10: native error (native "sh_effect_user_direct")
L 03/26/2026 - 22:38:13: [AMXX]    [0] sh_ester.sma::weaponChange (line 319)
L 03/26/2026 - 22:39:24: Function is not present (function "focus_user") (plugin "pill_gatling_fx.amxx")
L 03/26/2026 - 22:39:24: [AMXX] Displaying debug trace (plugin "pill_gatling_fx.amxx", version "1.0.0")
L 03/26/2026 - 22:39:24: [AMXX] Run time error 10: native error (native "set_task")
L 03/26/2026 - 22:39:24: [AMXX]    [0] pill_gatling_fx.sma::fx_task_user (line 230)
L 03/26/2026 - 22:39:24: [AMXX]    [1] pill_gatling_fx.sma::_sh_effect_user_direct (line 344)
L 03/26/2026 - 22:39:24: Unhandled dynamic native error
L 03/26/2026 - 22:39:24: [AMXX] Displaying debug trace (plugin "sh_ester.amxx", version "1.0")
L 03/26/2026 - 22:39:24: [AMXX] Run time error 10: native error (native "sh_effect_user_direct")
L 03/26/2026 - 22:39:24: [AMXX]    [0] sh_ester.sma::weaponChange (line 319)
L 03/26/2026 - 22:43:25: Start of error session.
L 03/26/2026 - 22:43:25: Info (map "de_train") (file "addons/amxmodx/logs/error_20260326.log")
L 03/26/2026 - 22:43:25: Function is not present (function "focus_user") (plugin "pill_gatling_fx.amxx")
L 03/26/2026 - 22:43:25: [AMXX] Displaying debug trace (plugin "pill_gatling_fx.amxx", version "1.0.0")
L 03/26/2026 - 22:43:25: [AMXX] Run time error 10: native error (native "set_task")
L 03/26/2026 - 22:43:25: [AMXX]    [0] pill_gatling_fx.sma::fx_task_user (line 230)
L 03/26/2026 - 22:43:25: [AMXX]    [1] pill_gatling_fx.sma::_sh_effect_user_direct (line 344)
L 03/26/2026 - 22:43:25: Unhandled dynamic native error
L 03/26/2026 - 22:43:25: [AMXX] Displaying debug trace (plugin "sh_ester.amxx", version "1.0")
L 03/26/2026 - 22:43:25: [AMXX] Run time error 10: native error (native "sh_effect_user_direct")
L 03/26/2026 - 22:43:25: [AMXX]    [0] sh_ester.sma::weaponChange (line 319)
L 03/26/2026 - 22:44:21: Function is not present (function "focus_user") (plugin "pill_gatling_fx.amxx")
L 03/26/2026 - 22:44:21: [AMXX] Displaying debug trace (plugin "pill_gatling_fx.amxx", version "1.0.0")
L 03/26/2026 - 22:44:21: [AMXX] Run time error 10: native error (native "set_task")
L 03/26/2026 - 22:44:21: [AMXX]    [0] pill_gatling_fx.sma::fx_task_user (line 230)
L 03/26/2026 - 22:44:21: [AMXX]    [1] pill_gatling_fx.sma::_sh_effect_user_direct (line 344)
L 03/26/2026 - 22:44:21: Unhandled dynamic native error
L 03/26/2026 - 22:44:21: [AMXX] Displaying debug trace (plugin "sh_ester.amxx", version "1.0")
L 03/26/2026 - 22:44:21: [AMXX] Run time error 10: native error (native "sh_effect_user_direct")
L 03/26/2026 - 22:44:21: [AMXX]    [0] sh_ester.sma::weaponChange (line 319)
L 03/26/2026 - 22:51:26: Function is not present (function "focus_user") (plugin "pill_gatling_fx.amxx")
L 03/26/2026 - 22:51:26: [AMXX] Displaying debug trace (plugin "pill_gatling_fx.amxx", version "1.0.0")
L 03/26/2026 - 22:51:26: [AMXX] Run time error 10: native error (native "set_task")
L 03/26/2026 - 22:51:26: [AMXX]    [0] pill_gatling_fx.sma::fx_task_user (line 230)
L 03/26/2026 - 22:51:26: [AMXX]    [1] pill_gatling_fx.sma::_sh_effect_user_direct (line 344)
L 03/26/2026 - 22:51:26: Unhandled dynamic native error
L 03/26/2026 - 22:51:26: [AMXX] Displaying debug trace (plugin "sh_ester.amxx", version "1.0")
L 03/26/2026 - 22:51:26: [AMXX] Run time error 10: native error (native "sh_effect_user_direct")
L 03/26/2026 - 22:51:26: [AMXX]    [0] sh_ester.sma::weaponChange (line 319)
L 03/26/2026 - 22:51:29: Function is not present (function "focus_user") (plugin "pill_gatling_fx.amxx")
L 03/26/2026 - 22:51:29: [AMXX] Displaying debug trace (plugin "pill_gatling_fx.amxx", version "1.0.0")
L 03/26/2026 - 22:51:29: [AMXX] Run time error 10: native error (native "set_task")
L 03/26/2026 - 22:51:29: [AMXX]    [0] pill_gatling_fx.sma::fx_task_user (line 230)
L 03/26/2026 - 22:51:29: [AMXX]    [1] pill_gatling_fx.sma::_sh_effect_user_direct (line 344)
L 03/26/2026 - 22:51:29: Unhandled dynamic native error
L 03/26/2026 - 22:51:29: [AMXX] Displaying debug trace (plugin "sh_ester.amxx", version "1.0")
L 03/26/2026 - 22:51:29: [AMXX] Run time error 10: native error (native "sh_effect_user_direct")
L 03/26/2026 - 22:51:29: [AMXX]    [0] sh_ester.sma::weaponChange (line 319)
L 03/26/2026 - 23:56:55: Start of error session.
L 03/26/2026 - 23:56:55: Info (map "de_dust") (file "addons/amxmodx/logs/error_20260326.log")
L 03/26/2026 - 23:56:55: Function is not present (function "bath_user") (plugin "pill_gatling_fx.amxx")
L 03/26/2026 - 23:56:55: [AMXX] Displaying debug trace (plugin "pill_gatling_fx.amxx", version "1.0.0")
L 03/26/2026 - 23:56:55: [AMXX] Run time error 10: native error (native "set_task")
L 03/26/2026 - 23:56:55: [AMXX]    [0] pill_gatling_fx.sma::fx_task_user (line 230)
L 03/26/2026 - 23:56:55: [AMXX]    [1] pill_gatling_fx.sma::_sh_effect_user_direct (line 350)
L 03/26/2026 - 23:56:55: Unhandled dynamic native error
L 03/26/2026 - 23:56:55: [AMXX] Displaying debug trace (plugin "sh_yakui_get_set.amxx", version "1.0.0")
L 03/26/2026 - 23:56:55: [AMXX] Run time error 10: native error (native "sh_effect_user_direct")
L 03/26/2026 - 23:56:55: [AMXX]    [0] sh_yakui_get_set.sma::_make_effect_direct (line 82)
L 03/26/2026 - 23:56:55: Unhandled dynamic native error
L 03/26/2026 - 23:56:55: [AMXX] Displaying debug trace (plugin "pill_gatling_funcs.amxx", version "1.0.0")
L 03/26/2026 - 23:56:55: [AMXX] Run time error 10: native error (native "make_effect_direct")
L 03/26/2026 - 23:56:55: [AMXX]    [0] pill_gatling_funcs.sma::vexd_pfntouch (line 626)
L 03/26/2026 - 23:58:09: Start of error session.
L 03/26/2026 - 23:58:09: Info (map "de_dust") (file "addons/amxmodx/logs/error_20260326.log")
L 03/26/2026 - 23:58:09: Function is not present (function "unglow_task") (plugin "pill_gatling_fx.amxx")
L 03/26/2026 - 23:58:09: [AMXX] Displaying debug trace (plugin "pill_gatling_fx.amxx", version "1.0.0")
L 03/26/2026 - 23:58:09: [AMXX] Run time error 10: native error (native "set_task")
L 03/26/2026 - 23:58:09: [AMXX]    [0] pill_gatling_fx.sma::fx_task_user (line 238)
L 03/26/2026 - 23:58:09: [AMXX]    [1] pill_gatling_fx.sma::_sh_effect_user_direct (line 294)
L 03/26/2026 - 23:58:09: Unhandled dynamic native error
L 03/26/2026 - 23:58:09: [AMXX] Displaying debug trace (plugin "sh_yakui_get_set.amxx", version "1.0.0")
L 03/26/2026 - 23:58:09: [AMXX] Run time error 10: native error (native "sh_effect_user_direct")
L 03/26/2026 - 23:58:09: [AMXX]    [0] sh_yakui_get_set.sma::_make_effect_direct (line 82)
L 03/26/2026 - 23:58:09: Unhandled dynamic native error
L 03/26/2026 - 23:58:09: [AMXX] Displaying debug trace (plugin "pill_gatling_funcs.amxx", version "1.0.0")
L 03/26/2026 - 23:58:09: [AMXX] Run time error 10: native error (native "make_effect_direct")
L 03/26/2026 - 23:58:09: [AMXX]    [0] pill_gatling_funcs.sma::vexd_pfntouch (line 626)
L 03/26/2026 - 23:58:09: Function is not present (function "unglow_task") (plugin "pill_gatling_fx.amxx")
L 03/26/2026 - 23:58:09: [AMXX] Displaying debug trace (plugin "pill_gatling_fx.amxx", version "1.0.0")
L 03/26/2026 - 23:58:09: [AMXX] Run time error 10: native error (native "set_task")
L 03/26/2026 - 23:58:09: [AMXX]    [0] pill_gatling_fx.sma::fx_task_user (line 238)
L 03/26/2026 - 23:58:09: [AMXX]    [1] pill_gatling_fx.sma::_sh_effect_user_direct (line 294)
L 03/26/2026 - 23:58:09: Unhandled dynamic native error
L 03/26/2026 - 23:58:09: [AMXX] Displaying debug trace (plugin "sh_yakui_get_set.amxx", version "1.0.0")
L 03/26/2026 - 23:58:09: [AMXX] Run time error 10: native error (native "sh_effect_user_direct")
L 03/26/2026 - 23:58:09: [AMXX]    [0] sh_yakui_get_set.sma::_make_effect_direct (line 82)
L 03/26/2026 - 23:58:09: Unhandled dynamic native error
L 03/26/2026 - 23:58:09: [AMXX] Displaying debug trace (plugin "pill_gatling_funcs.amxx", version "1.0.0")
L 03/26/2026 - 23:58:09: [AMXX] Run time error 10: native error (native "make_effect_direct")
L 03/26/2026 - 23:58:09: [AMXX]    [0] pill_gatling_funcs.sma::vexd_pfntouch (line 626)
