L 05/20/2026 - 00:52:45: Start of error session.
L 05/20/2026 - 00:52:45: Info (map "de_aztec") (file "addons/amxmodx/logs/error_20260520.log")
L 05/20/2026 - 00:52:45: [AMXX] Run time error 4 (plugin "sh_goku.amxx") - debug not enabled!
L 05/20/2026 - 00:52:45: [AMXX] To enable debug mode, add "debug" after the plugin name in plugins.ini (without quotes).
L 05/20/2026 - 13:58:38: Start of error session.
L 05/20/2026 - 13:58:38: Info (map "de_dust4ever") (file "addons/amxmodx/logs/error_20260520.log")
L 05/20/2026 - 13:58:38: Function "WeaponChange" was not found
L 05/20/2026 - 13:58:38: [AMXX] Run time error 19 (plugin "pill_gatling_fx.amxx") - debug not enabled!
L 05/20/2026 - 13:58:38: [AMXX] To enable debug mode, add "debug" after the plugin name in plugins.ini (without quotes).
L 05/20/2026 - 13:58:38: Function "fire_weapon" was not found
L 05/20/2026 - 13:58:38: [AMXX] Run time error 19 (plugin "sh_teliko.amxx") - debug not enabled!
L 05/20/2026 - 13:58:38: [AMXX] To enable debug mode, add "debug" after the plugin name in plugins.ini (without quotes).
L 05/20/2026 - 14:00:07: Start of error session.
L 05/20/2026 - 14:00:07: Info (map "de_dust4ever") (file "addons/amxmodx/logs/error_20260520.log")
L 05/20/2026 - 14:00:07: [HAMSANDWICH] Function FX_Fire_Weapon not found.
L 05/20/2026 - 14:00:07: [AMXX] Run time error 10 (plugin "pill_gatling_fx.amxx") (native "RegisterHam") - debug not enabled!
L 05/20/2026 - 14:00:07: [AMXX] To enable debug mode, add "debug" after the plugin name in plugins.ini (without quotes).
L 05/20/2026 - 16:01:45: Start of error session.
L 05/20/2026 - 16:01:45: Info (map "de_dust4ever") (file "addons/amxmodx/logs/error_20260520.log")
L 05/20/2026 - 16:01:45: String formatted incorrectly - parameter 4 (total 3)
L 05/20/2026 - 16:01:45: [AMXX] Run time error 25 (plugin "sh_swat.amxx") - debug not enabled!
L 05/20/2026 - 16:01:45: [AMXX] To enable debug mode, add "debug" after the plugin name in plugins.ini (without quotes).
L 05/20/2026 - 18:16:23: Start of error session.
L 05/20/2026 - 18:16:23: Info (map "de_dust4ever") (file "addons/amxmodx/logs/error_20260520.log")
L 05/20/2026 - 18:16:23: String formatted incorrectly - parameter 15 (total 14)
L 05/20/2026 - 18:16:23: [AMXX] Run time error 25 (plugin "weapon_info_dump.amxx") - debug not enabled!
L 05/20/2026 - 18:16:23: [AMXX] To enable debug mode, add "debug" after the plugin name in plugins.ini (without quotes).
