L 03/22/2026 - 12:40:03: Start of error session.
L 03/22/2026 - 12:40:03: Info (map "de_dust") (file "addons/amxmodx/logs/error_20260322.log")
L 03/22/2026 - 12:40:03: [CSTRIKE] Invalid player 3 (not in-game)
L 03/22/2026 - 12:40:03: [AMXX] Displaying debug trace (plugin "miscstats.amxx", version "1.10.0.5474")
L 03/22/2026 - 12:40:03: [AMXX] Run time error 10: native error (native "cs_get_user_team")
L 03/22/2026 - 12:40:03: [AMXX]    [0] miscstats.sma::client_death (line 541)
L 03/22/2026 - 16:55:20: Start of error session.
L 03/22/2026 - 16:55:20: Info (map "cs_assault") (file "addons/amxmodx/logs/error_20260322.log")
L 03/22/2026 - 16:55:20: [CSTRIKE] Player out of range (169)
L 03/22/2026 - 16:55:20: [AMXX] Displaying debug trace (plugin "sh_komakpt2.amxx", version "1.0")
L 03/22/2026 - 16:55:20: [AMXX] Run time error 10: native error (native "cs_get_user_team")
L 03/22/2026 - 16:55:20: [AMXX]    [0] float.inc::operator<(Float:,Float:) (line 339)
L 03/22/2026 - 16:55:20: [AMXX]    [1] sh_komakpt2.sma::komak_is_top_speed (line 172)
L 03/22/2026 - 16:55:20: [AMXX]    [2] sh_komakpt2.sma::trace_komakerypt2 (line 212)
L 03/22/2026 - 16:55:21: [CSTRIKE] Player out of range (169)
L 03/22/2026 - 16:55:21: [AMXX] Displaying debug trace (plugin "sh_komakpt2.amxx", version "1.0")
L 03/22/2026 - 16:55:21: [AMXX] Run time error 10: native error (native "cs_get_user_team")
L 03/22/2026 - 16:55:21: [AMXX]    [0] float.inc::operator<(Float:,Float:) (line 339)
L 03/22/2026 - 16:55:21: [AMXX]    [1] sh_komakpt2.sma::komak_is_top_speed (line 172)
L 03/22/2026 - 16:55:21: [AMXX]    [2] sh_komakpt2.sma::trace_komakerypt2 (line 212)
