L 04/07/2026 - 23:07:02: Start of error session.
L 04/07/2026 - 23:07:02: Info (map "de_dust") (file "addons/amxmodx/logs/error_20260407.log")
L 04/07/2026 - 23:07:02: [ReAPI] RegisterHookChain: function (CWeaponBox_SetModel) is not available, ReGameDLL required.
L 04/07/2026 - 23:07:02: [AMXX] Run time error 10 (plugin "colt_funcs.amxx") (native "RegisterHookChain") - debug not enabled!
L 04/07/2026 - 23:07:02: [AMXX] To enable debug mode, add "debug" after the plugin name in plugins.ini (without quotes).
L 04/07/2026 - 23:07:47: Start of error session.
L 04/07/2026 - 23:07:47: Info (map "de_dust") (file "addons/amxmodx/logs/error_20260407.log")
L 04/07/2026 - 23:07:47: [ReAPI] RegisterHookChain: function (CWeaponBox_SetModel) is not available, ReGameDLL required.
L 04/07/2026 - 23:07:47: [AMXX] Run time error 10 (plugin "colt_funcs.amxx") (native "RegisterHookChain") - debug not enabled!
L 04/07/2026 - 23:07:47: [AMXX] To enable debug mode, add "debug" after the plugin name in plugins.ini (without quotes).
L 04/07/2026 - 23:07:50: Start of error session.
L 04/07/2026 - 23:07:50: Info (map "de_dust") (file "addons/amxmodx/logs/error_20260407.log")
L 04/07/2026 - 23:07:50: [ReAPI] RegisterHookChain: function (CWeaponBox_SetModel) is not available, ReGameDLL required.
L 04/07/2026 - 23:07:50: [AMXX] Run time error 10 (plugin "colt_funcs.amxx") (native "RegisterHookChain") - debug not enabled!
L 04/07/2026 - 23:07:50: [AMXX] To enable debug mode, add "debug" after the plugin name in plugins.ini (without quotes).
L 04/07/2026 - 23:07:59: [ReAPI] ReGameDll: isn't available
L 04/07/2026 - 23:07:59: [AMXX] Run time error 10 (plugin "lena_l96_funcs.amxx") (native "get_member_s") - debug not enabled!
L 04/07/2026 - 23:07:59: [AMXX] To enable debug mode, add "debug" after the plugin name in plugins.ini (without quotes).
L 04/07/2026 - 23:07:59: [ReAPI] ReGameDll: isn't available
L 04/07/2026 - 23:07:59: [AMXX] Run time error 10 (plugin "lena_l96_funcs.amxx") (native "get_member_s") - debug not enabled!
L 04/07/2026 - 23:07:59: [AMXX] To enable debug mode, add "debug" after the plugin name in plugins.ini (without quotes).
L 04/07/2026 - 23:08:00: [ReAPI] ReGameDll: isn't available
L 04/07/2026 - 23:08:00: [AMXX] Run time error 10 (plugin "lena_l96_funcs.amxx") (native "get_member_s") - debug not enabled!
L 04/07/2026 - 23:08:00: [AMXX] To enable debug mode, add "debug" after the plugin name in plugins.ini (without quotes).
L 04/07/2026 - 23:08:00: [ReAPI] ReGameDll: isn't available
L 04/07/2026 - 23:08:00: [AMXX] Run time error 10 (plugin "lena_l96_funcs.amxx") (native "get_member_s") - debug not enabled!
L 04/07/2026 - 23:08:00: [AMXX] To enable debug mode, add "debug" after the plugin name in plugins.ini (without quotes).
L 04/07/2026 - 23:08:00: [ReAPI] ReGameDll: isn't available
L 04/07/2026 - 23:08:00: [AMXX] Run time error 10 (plugin "lena_l96_funcs.amxx") (native "get_member_s") - debug not enabled!
L 04/07/2026 - 23:08:00: [AMXX] To enable debug mode, add "debug" after the plugin name in plugins.ini (without quotes).
L 04/07/2026 - 23:08:00: [ReAPI] ReGameDll: isn't available
L 04/07/2026 - 23:08:00: [AMXX] Run time error 10 (plugin "lena_l96_funcs.amxx") (native "get_member_s") - debug not enabled!
L 04/07/2026 - 23:08:00: [AMXX] To enable debug mode, add "debug" after the plugin name in plugins.ini (without quotes).
L 04/07/2026 - 23:08:00: [ReAPI] ReGameDll: isn't available
L 04/07/2026 - 23:08:00: [AMXX] Run time error 10 (plugin "lena_l96_funcs.amxx") (native "get_member_s") - debug not enabled!
L 04/07/2026 - 23:08:00: [AMXX] To enable debug mode, add "debug" after the plugin name in plugins.ini (without quotes).
L 04/07/2026 - 23:08:00: [ReAPI] ReGameDll: isn't available
L 04/07/2026 - 23:08:00: [AMXX] Run time error 10 (plugin "lena_l96_funcs.amxx") (native "get_member_s") - debug not enabled!
L 04/07/2026 - 23:08:00: [AMXX] To enable debug mode, add "debug" after the plugin name in plugins.ini (without quotes).
L 04/07/2026 - 23:08:06: [ReAPI] ReGameDll: isn't available
L 04/07/2026 - 23:08:06: [AMXX] Run time error 10 (plugin "lena_l96_funcs.amxx") (native "get_member_s") - debug not enabled!
L 04/07/2026 - 23:08:06: [AMXX] To enable debug mode, add "debug" after the plugin name in plugins.ini (without quotes).
