L 05/20/2026 - 18:04:13: Log file started (file "cstrike/addons/amxmodx/logs/weaponinfo.log") (game "cstrike") (amx "1.10.0.5474")
L 05/20/2026 - 18:04:13: ID NAME                SPEED CLIP AMMO AID ANAME           COST ACOST BUYNAME BUYNAME2   
L 05/20/2026 - 18:04:13:  1 weapon_p228           250   13   52   9                  600    50 p228    228compact 
L 05/20/2026 - 18:04:13:  2                         0    0    0   0                    0     0                    
L 05/20/2026 - 18:04:13:  3 weapon_scout          260   10   90   2                 2750    80 scout              
L 05/20/2026 - 18:04:13:  4                         0    0    0   0                    0     0                    
L 05/20/2026 - 18:04:13:  5                         0    0    0   0                    0     0                    
L 05/20/2026 - 18:04:13:  6                         0    0    0   0                    0     0                    
L 05/20/2026 - 18:04:13:  7                         0    0    0   0                    0     0                    
L 05/20/2026 - 18:04:13:  8 weapon_aug            240   30   90   4                 3500    60 aug     bullpup    
L 05/20/2026 - 18:04:13:  9                         0    0    0   0                    0     0                    
L 05/20/2026 - 18:04:13: 10 weapon_elite          250   30  120  10                  800    20 elites             
L 05/20/2026 - 18:04:13: 11 weapon_fiveseven      250   20  100   7                  750    50 fn57    fiveseven  
L 05/20/2026 - 18:04:13: 12                         0    0    0   0                    0     0                    
L 05/20/2026 - 18:04:13: 13 weapon_sg550          210   30   90   4                 4200    60 sg550   krieg550   
L 05/20/2026 - 18:04:13: 14 weapon_galil          240   35   90   4                 2000    60 galil   defender   
L 05/20/2026 - 18:04:13: 15 weapon_famas          240   25   90   4                 2250    60 famas   clarion    
L 05/20/2026 - 18:04:13: 16 weapon_usp            250   12  100   6                  500    25 usp     km45       
L 05/20/2026 - 18:04:13: 17 weapon_glock18        250   20  120  10                  400    20 glock   9x19mm     
L 05/20/2026 - 18:04:13: 18 weapon_awp            210   10   30   1                 4750   125 awp     magnum     
L 05/20/2026 - 18:04:13: 19                         0    0    0   0                    0     0                    
L 05/20/2026 - 18:04:13: 20                         0    0    0   0                    0     0                    
L 05/20/2026 - 18:04:13: 21 weapon_m3             230    8   32   5                 1700    65 m3      12gauge    
L 05/20/2026 - 18:04:13: 22 weapon_m4a1           230   30   90   4                 3100    60 m4a1               
L 05/20/2026 - 18:04:13: 23                         0    0    0   0                    0     0                    
L 05/20/2026 - 18:04:13: 24 weapon_g3sg1          210   20   90   2                 5000    80 g3sg1   d3au1      
L 05/20/2026 - 18:04:13: 25                         0    0    0   0                    0     0                    
L 05/20/2026 - 18:04:13: 26 weapon_deagle         250    7   35   8                  650    40 deagle  nighthawk  
L 05/20/2026 - 18:04:13: 27 weapon_sg552          235   30   90   4                 3500    60 sg552   krieg552   
L 05/20/2026 - 18:04:13: 28 weapon_ak47           221   30   90   2                 2500    80 ak47    cv47       
L 05/20/2026 - 18:04:13: 29                         0    0    0   0                    0     0                    
L 05/20/2026 - 18:04:13: 30                         0    0    0   0                    0     0                    
L 05/20/2026 - 18:04:13: [WI] Note that there are also "especial" weapons: "weapon_c4" (ID=6, SPEED=250, AID=14), "weapon_knife" (ID=29, SPEED=250), "weapon_shield" (COST=2200)
L 05/20/2026 - 18:16:23: ID NAME                SPEED CLIP AMMO AID ANAME           COST ACOST BUYNAME BUYNAME2    FIRE_PERIOD  RELOAD_PERIOD
L 05/20/2026 - 18:16:23: 
L 05/20/2026 - 18:17:14: ID NAME                SPEED CLIP AMMO AID ANAME           COST ACOST BUYNAME BUYNAME2    FIRE_PERIOD  RELOAD_PERIOD
L 05/20/2026 - 18:17:14:  1 weapon_p228           250   13   52   9                  600    50 p228    228compact  0.000000 2.700000
L 05/20/2026 - 18:17:14:  2                         0    0    0   0                    0     0                     0.000000 0.000000
L 05/20/2026 - 18:17:14:  3 weapon_scout          260   10   90   2                 2750    80 scout               1.250000 2.000000
L 05/20/2026 - 18:17:14:  4 weapon_hegrenade      250   -1    1  12                  300     0 hegren              0.000000 0.000000
L 05/20/2026 - 18:17:14:  5 weapon_xm1014         240    7   32   5                 3000    65 xm1014  autoshotgun 0.000000 0.550000
L 05/20/2026 - 18:17:14:  6                         0    0    0   0                    0     0                     0.000000 0.000000
L 05/20/2026 - 18:17:14:  7 weapon_mac10          250   30  100   6                 1400    25 mac10               0.000000 3.150000
L 05/20/2026 - 18:17:14:  8 weapon_aug            240   30   90   4                 3500    60 aug     bullpup     0.000000 3.299999
L 05/20/2026 - 18:17:14:  9 weapon_smokegrenade   250   -1    1  13                  300     0 sgren               0.000000 0.000000
L 05/20/2026 - 18:17:14: 10 weapon_elite          250   30  120  10                  800    20 elites              0.000000 4.500000
L 05/20/2026 - 18:17:14: 11 weapon_fiveseven      250   20  100   7                  750    50 fn57    fiveseven   0.000000 2.700000
L 05/20/2026 - 18:17:14: 12 weapon_ump45          250   25  100   6                 1700    25 ump45               0.000000 3.500000
L 05/20/2026 - 18:17:14: 13 weapon_sg550          210   30   90   4                 4200    60 sg550   krieg550    0.000000 3.349999
L 05/20/2026 - 18:17:14: 14 weapon_galil          240   35   90   4                 2000    60 galil   defender    0.000000 2.450000
L 05/20/2026 - 18:17:14: 15 weapon_famas          240   25   90   4                 2250    60 famas   clarion     0.000000 3.299999
L 05/20/2026 - 18:17:14: 16 weapon_usp            250   12  100   6                  500    25 usp     km45        0.000000 2.700000
L 05/20/2026 - 18:17:14: 17 weapon_glock18        250   20  120  10                  400    20 glock   9x19mm      0.000000 2.200000
L 05/20/2026 - 18:17:14: 18 weapon_awp            210   10   30   1                 4750   125 awp     magnum      1.450000 2.500000
L 05/20/2026 - 18:17:14: 19 weapon_mp5navy        250   30  120  10                 1500    20 mp5     smg         0.000000 2.630000
L 05/20/2026 - 18:17:14: 20 weapon_m249           220  100  200   3                 5750    60 m249                0.000000 4.699999
L 05/20/2026 - 18:17:14: 21 weapon_m3             230    8   32   5                 1700    65 m3      12gauge     0.000000 0.550000
L 05/20/2026 - 18:17:14: 22 weapon_m4a1           230   30   90   4                 3100    60 m4a1                0.000000 3.049999
L 05/20/2026 - 18:17:14: 23 weapon_tmp            250   30  120  10                 1250    20 tmp     mp          0.000000 2.119999
L 05/20/2026 - 18:17:14: 24 weapon_g3sg1          210   20   90   2                 5000    80 g3sg1   d3au1       0.000000 3.500000
L 05/20/2026 - 18:17:14: 25 weapon_flashbang      250   -1    1  11                  200     0 flash               0.000000 0.000000
L 05/20/2026 - 18:17:14: 26 weapon_deagle         250    7   35   8                  650    40 deagle  nighthawk   0.000000 2.200000
L 05/20/2026 - 18:17:14: 27 weapon_sg552          235   30   90   4                 3500    60 sg552   krieg552    0.000000 3.000000
L 05/20/2026 - 18:17:14: 28 weapon_ak47           221   30   90   2                 2500    80 ak47    cv47        0.000000 2.450000
L 05/20/2026 - 18:17:14: 29                         0    0    0   0                    0     0                     0.000000 0.000000
L 05/20/2026 - 18:17:14: 30 weapon_p90            245   50  100   7                 2350    50 p90     c90         0.000000 3.400000
L 05/20/2026 - 18:17:14: [WI] Note that there are also "especial" weapons: "weapon_c4" (ID=6, SPEED=250, AID=14), "weapon_knife" (ID=29, SPEED=250), "weapon_shield" (COST=2200)
L 05/20/2026 - 18:19:15: ID NAME                SPEED CLIP AMMO AID ANAME           COST ACOST BUYNAME BUYNAME2    FIRE_PERIOD  RELOAD_PERIOD
L 05/20/2026 - 18:19:15:  1 weapon_p228           250   13   52   9                  600    50 p228    228compact  0.750000 2.700000
L 05/20/2026 - 18:19:15:  2                         0    0    0   0                    0     0                     0.000000 0.000000
L 05/20/2026 - 18:19:15:  3 weapon_scout          260   10   90   2                 2750    80 scout               1.250000 2.000000
L 05/20/2026 - 18:19:15:  4 weapon_hegrenade      250   -1    1  12                  300     0 hegren              0.750000 0.000000
L 05/20/2026 - 18:19:15:  5 weapon_xm1014         240    7   32   5                 3000    65 xm1014  autoshotgun 0.750000 0.550000
L 05/20/2026 - 18:19:15:  6                         0    0    0   0                    0     0                     0.000000 0.000000
L 05/20/2026 - 18:19:15:  7 weapon_mac10          250   30  100   6                 1400    25 mac10               0.750000 3.150000
L 05/20/2026 - 18:19:15:  8 weapon_aug            240   30   90   4                 3500    60 aug     bullpup     0.750000 3.299999
L 05/20/2026 - 18:19:15:  9 weapon_smokegrenade   250   -1    1  13                  300     0 sgren               0.750000 0.000000
L 05/20/2026 - 18:19:15: 10 weapon_elite          250   30  120  10                  800    20 elites              0.750000 4.500000
L 05/20/2026 - 18:19:15: 11 weapon_fiveseven      250   20  100   7                  750    50 fn57    fiveseven   0.750000 2.700000
L 05/20/2026 - 18:19:15: 12 weapon_ump45          250   25  100   6                 1700    25 ump45               0.750000 3.500000
L 05/20/2026 - 18:19:15: 13 weapon_sg550          210   30   90   4                 4200    60 sg550   krieg550    0.750000 3.349999
L 05/20/2026 - 18:19:15: 14 weapon_galil          240   35   90   4                 2000    60 galil   defender    0.750000 2.450000
L 05/20/2026 - 18:19:15: 15 weapon_famas          240   25   90   4                 2250    60 famas   clarion     0.750000 3.299999
L 05/20/2026 - 18:19:15: 16 weapon_usp            250   12  100   6                  500    25 usp     km45        0.750000 2.700000
L 05/20/2026 - 18:19:15: 17 weapon_glock18        250   20  120  10                  400    20 glock   9x19mm      0.750000 2.200000
L 05/20/2026 - 18:19:15: 18 weapon_awp            210   10   30   1                 4750   125 awp     magnum      1.450000 2.500000
L 05/20/2026 - 18:19:15: 19 weapon_mp5navy        250   30  120  10                 1500    20 mp5     smg         0.750000 2.630000
L 05/20/2026 - 18:19:15: 20 weapon_m249           220  100  200   3                 5750    60 m249                0.750000 4.699999
L 05/20/2026 - 18:19:15: 21 weapon_m3             230    8   32   5                 1700    65 m3      12gauge     0.750000 0.550000
L 05/20/2026 - 18:19:15: 22 weapon_m4a1           230   30   90   4                 3100    60 m4a1                0.750000 3.049999
L 05/20/2026 - 18:19:15: 23 weapon_tmp            250   30  120  10                 1250    20 tmp     mp          0.750000 2.119999
L 05/20/2026 - 18:19:15: 24 weapon_g3sg1          210   20   90   2                 5000    80 g3sg1   d3au1       0.750000 3.500000
L 05/20/2026 - 18:19:15: 25 weapon_flashbang      250   -1    1  11                  200     0 flash               0.750000 0.000000
L 05/20/2026 - 18:19:15: 26 weapon_deagle         250    7   35   8                  650    40 deagle  nighthawk   0.750000 2.200000
L 05/20/2026 - 18:19:15: 27 weapon_sg552          235   30   90   4                 3500    60 sg552   krieg552    0.750000 3.000000
L 05/20/2026 - 18:19:15: 28 weapon_ak47           221   30   90   2                 2500    80 ak47    cv47        0.750000 2.450000
L 05/20/2026 - 18:19:15: 29                         0    0    0   0                    0     0                     0.000000 0.000000
L 05/20/2026 - 18:19:15: 30 weapon_p90            245   50  100   7                 2350    50 p90     c90         0.750000 3.400000
L 05/20/2026 - 18:19:15: [WI] Note that there are also "especial" weapons: "weapon_c4" (ID=6, SPEED=250, AID=14), "weapon_knife" (ID=29, SPEED=250), "weapon_shield" (COST=2200)
L 05/20/2026 - 18:21:45: ID NAME                SPEED CLIP AMMO AID ANAME           COST ACOST BUYNAME BUYNAME2    FIRE_PERIOD  RELOAD_PERIOD
L 05/20/2026 - 18:21:45:  1 weapon_p228           250   13   52   9                  600    50 p228    228compact  0.750000 2.700000
L 05/20/2026 - 18:21:45:  2                         0    0    0   0                    0     0                     0.000000 0.000000
L 05/20/2026 - 18:21:45:  3 weapon_scout          260   10   90   2                 2750    80 scout               1.250000 2.000000
L 05/20/2026 - 18:21:45:  4 weapon_hegrenade      250   -1    1  12                  300     0 hegren              0.750000 0.000000
L 05/20/2026 - 18:21:45:  5 weapon_xm1014         240    7   32   5                 3000    65 xm1014  autoshotgun 0.750000 0.550000
L 05/20/2026 - 18:21:45:  6                         0    0    0   0                    0     0                     0.000000 0.000000
L 05/20/2026 - 18:21:45:  7 weapon_mac10          250   30  100   6                 1400    25 mac10               0.750000 3.150000
L 05/20/2026 - 18:21:45:  8 weapon_aug            240   30   90   4                 3500    60 aug     bullpup     0.750000 3.299999
L 05/20/2026 - 18:21:45:  9 weapon_smokegrenade   250   -1    1  13                  300     0 sgren               0.750000 0.000000
L 05/20/2026 - 18:21:45: 10 weapon_elite          250   30  120  10                  800    20 elites              0.750000 4.500000
L 05/20/2026 - 18:21:45: 11 weapon_fiveseven      250   20  100   7                  750    50 fn57    fiveseven   0.750000 2.700000
L 05/20/2026 - 18:21:45: 12 weapon_ump45          250   25  100   6                 1700    25 ump45               0.750000 3.500000
L 05/20/2026 - 18:21:45: 13 weapon_sg550          210   30   90   4                 4200    60 sg550   krieg550    0.750000 3.349999
L 05/20/2026 - 18:21:45: 14 weapon_galil          240   35   90   4                 2000    60 galil   defender    0.750000 2.450000
L 05/20/2026 - 18:21:45: 15 weapon_famas          240   25   90   4                 2250    60 famas   clarion     0.750000 3.299999
L 05/20/2026 - 18:21:45: 16 weapon_usp            250   12  100   6                  500    25 usp     km45        0.750000 2.700000
L 05/20/2026 - 18:21:45: 17 weapon_glock18        250   20  120  10                  400    20 glock   9x19mm      0.750000 2.200000
L 05/20/2026 - 18:21:45: 18 weapon_awp            210   10   30   1                 4750   125 awp     magnum      1.450000 2.500000
L 05/20/2026 - 18:21:45: 19 weapon_mp5navy        250   30  120  10                 1500    20 mp5     smg         0.750000 2.630000
L 05/20/2026 - 18:21:45: 20 weapon_m249           220  100  200   3                 5750    60 m249                1.000000 4.699999
L 05/20/2026 - 18:21:45: 21 weapon_m3             230    8   32   5                 1700    65 m3      12gauge     0.750000 0.550000
L 05/20/2026 - 18:21:45: 22 weapon_m4a1           230   30   90   4                 3100    60 m4a1                0.750000 3.049999
L 05/20/2026 - 18:21:45: 23 weapon_tmp            250   30  120  10                 1250    20 tmp     mp          0.750000 2.119999
L 05/20/2026 - 18:21:45: 24 weapon_g3sg1          210   20   90   2                 5000    80 g3sg1   d3au1       0.750000 3.500000
L 05/20/2026 - 18:21:45: 25 weapon_flashbang      250   -1    1  11                  200     0 flash               0.750000 0.000000
L 05/20/2026 - 18:21:45: 26 weapon_deagle         250    7   35   8                  650    40 deagle  nighthawk   0.750000 2.200000
L 05/20/2026 - 18:21:45: 27 weapon_sg552          235   30   90   4                 3500    60 sg552   krieg552    0.750000 3.000000
L 05/20/2026 - 18:21:45: 28 weapon_ak47           221   30   90   2                 2500    80 ak47    cv47        0.750000 2.450000
L 05/20/2026 - 18:21:45: 29                         0    0    0   0                    0     0                     0.000000 0.000000
L 05/20/2026 - 18:21:45: 30 weapon_p90            245   50  100   7                 2350    50 p90     c90         0.750000 3.400000
L 05/20/2026 - 18:21:45: [WI] Note that there are also "especial" weapons: "weapon_c4" (ID=6, SPEED=250, AID=14), "weapon_knife" (ID=29, SPEED=250), "weapon_shield" (COST=2200)
L 05/20/2026 - 18:51:37: ID NAME                SPEED CLIP AMMO AID ANAME           COST ACOST BUYNAME BUYNAME2    FIRE_PERIOD  RELOAD_PERIOD
L 05/20/2026 - 18:51:37:  1                         0    0    0   0                    0     0                     0.000000 0.000000
L 05/20/2026 - 18:51:37:  2                         0    0    0   0                    0     0                     0.000000 0.000000
L 05/20/2026 - 18:51:37:  3 weapon_scout          260   10   90   2                 2750    80 scout               1.250000 2.000000
L 05/20/2026 - 18:51:37:  4                         0    0    0   0                    0     0                     0.000000 0.000000
L 05/20/2026 - 18:51:37:  5                         0    0    0   0                    0     0                     0.000000 0.000000
L 05/20/2026 - 18:51:37:  6                         0    0    0   0                    0     0                     0.000000 0.000000
L 05/20/2026 - 18:51:37:  7                         0    0    0   0                    0     0                     0.000000 0.000000
L 05/20/2026 - 18:51:37:  8                         0    0    0   0                    0     0                     0.000000 0.000000
L 05/20/2026 - 18:51:37:  9                         0    0    0   0                    0     0                     0.000000 0.000000
L 05/20/2026 - 18:51:37: 10                         0    0    0   0                    0     0                     0.000000 0.000000
L 05/20/2026 - 18:51:37: 11                         0    0    0   0                    0     0                     0.000000 0.000000
L 05/20/2026 - 18:51:37: 12                         0    0    0   0                    0     0                     0.000000 0.000000
L 05/20/2026 - 18:51:37: 13                         0    0    0   0                    0     0                     0.000000 0.000000
L 05/20/2026 - 18:51:37: 14 weapon_galil          240   35   90   4                 2000    60 galil   defender    0.750000 2.450000
L 05/20/2026 - 18:51:37: 15                         0    0    0   0                    0     0                     0.000000 0.000000
L 05/20/2026 - 18:51:37: 16                         0    0    0   0                    0     0                     0.000000 0.000000
L 05/20/2026 - 18:51:37: 17                         0    0    0   0                    0     0                     0.000000 0.000000
L 05/20/2026 - 18:51:37: 18 weapon_awp            210   10   30   1                 4750   125 awp     magnum      1.450000 2.500000
L 05/20/2026 - 18:51:37: 19                         0    0    0   0                    0     0                     0.000000 0.000000
L 05/20/2026 - 18:51:37: 20                         0    0    0   0                    0     0                     0.000000 0.000000
L 05/20/2026 - 18:51:37: 21                         0    0    0   0                    0     0                     0.000000 0.000000
L 05/20/2026 - 18:51:37: 22                         0    0    0   0                    0     0                     0.000000 0.000000
L 05/20/2026 - 18:51:37: 23                         0    0    0   0                    0     0                     0.000000 0.000000
L 05/20/2026 - 18:51:37: 24                         0    0    0   0                    0     0                     0.000000 0.000000
L 05/20/2026 - 18:51:37: 25                         0    0    0   0                    0     0                     0.000000 0.000000
L 05/20/2026 - 18:51:37: 26                         0    0    0   0                    0     0                     0.000000 0.000000
L 05/20/2026 - 18:51:37: 27 weapon_sg552          235   30   90   4                 3500    60 sg552   krieg552    0.750000 3.000000
L 05/20/2026 - 18:51:37: 28 weapon_ak47           221   30   90   2                 2500    80 ak47    cv47        0.750000 2.450000
L 05/20/2026 - 18:51:37: 29                         0    0    0   0                    0     0                     0.000000 0.000000
L 05/20/2026 - 18:51:37: 30                         0    0    0   0                    0     0                     0.000000 0.000000
L 05/20/2026 - 18:51:37: [WI] Note that there are also "especial" weapons: "weapon_c4" (ID=6, SPEED=250, AID=14), "weapon_knife" (ID=29, SPEED=250), "weapon_shield" (COST=2200)
L 05/20/2026 - 18:53:35: ID NAME                SPEED CLIP AMMO AID ANAME           COST ACOST BUYNAME BUYNAME2    FIRE_PERIOD  RELOAD_PERIOD
L 05/20/2026 - 18:53:35:  1 weapon_p228           250   13   52   9                  600    50 p228    228compact  0.000000 2.700000
L 05/20/2026 - 18:53:35:  2                         0    0    0   0                    0     0                     0.000000 0.000000
L 05/20/2026 - 18:53:35:  3 weapon_scout          260   10   90   2                 2750    80 scout               1.250000 2.000000
L 05/20/2026 - 18:53:35:  4 weapon_hegrenade      250   -1    1  12                  300     0 hegren              0.000000 0.000000
L 05/20/2026 - 18:53:35:  5 weapon_xm1014         240    7   32   5                 3000    65 xm1014  autoshotgun 0.000000 0.550000
L 05/20/2026 - 18:53:35:  6                         0    0    0   0                    0     0                     0.000000 0.000000
L 05/20/2026 - 18:53:35:  7 weapon_mac10          250   30  100   6                 1400    25 mac10               0.000000 3.150000
L 05/20/2026 - 18:53:35:  8 weapon_aug            240   30   90   4                 3500    60 aug     bullpup     0.000000 3.299999
L 05/20/2026 - 18:53:35:  9 weapon_smokegrenade   250   -1    1  13                  300     0 sgren               0.000000 0.000000
L 05/20/2026 - 18:53:35: 10 weapon_elite          250   30  120  10                  800    20 elites              0.000000 4.500000
L 05/20/2026 - 18:53:35: 11 weapon_fiveseven      250   20  100   7                  750    50 fn57    fiveseven   0.000000 2.700000
L 05/20/2026 - 18:53:35: 12 weapon_ump45          250   25  100   6                 1700    25 ump45               0.000000 3.500000
L 05/20/2026 - 18:53:35: 13 weapon_sg550          210   30   90   4                 4200    60 sg550   krieg550    0.000000 3.349999
L 05/20/2026 - 18:53:35: 14 weapon_galil          240   35   90   4                 2000    60 galil   defender    0.000000 2.450000
L 05/20/2026 - 18:53:35: 15 weapon_famas          240   25   90   4                 2250    60 famas   clarion     0.000000 3.299999
L 05/20/2026 - 18:53:35: 16 weapon_usp            250   12  100   6                  500    25 usp     km45        0.000000 2.700000
L 05/20/2026 - 18:53:35: 17 weapon_glock18        250   20  120  10                  400    20 glock   9x19mm      0.000000 2.200000
L 05/20/2026 - 18:53:35: 18 weapon_awp            210   10   30   1                 4750   125 awp     magnum      1.450000 2.500000
L 05/20/2026 - 18:53:35: 19 weapon_mp5navy        250   30  120  10                 1500    20 mp5     smg         0.000000 2.630000
L 05/20/2026 - 18:53:35: 20 weapon_m249           220  100  200   3                 5750    60 m249                0.000000 4.699999
L 05/20/2026 - 18:53:35: 21 weapon_m3             230    8   32   5                 1700    65 m3      12gauge     0.000000 0.550000
L 05/20/2026 - 18:53:35: 22 weapon_m4a1           230   30   90   4                 3100    60 m4a1                0.000000 3.049999
L 05/20/2026 - 18:53:35: 23 weapon_tmp            250   30  120  10                 1250    20 tmp     mp          0.000000 2.119999
L 05/20/2026 - 18:53:35: 24 weapon_g3sg1          210   20   90   2                 5000    80 g3sg1   d3au1       0.000000 3.500000
L 05/20/2026 - 18:53:35: 25 weapon_flashbang      250   -1    1  11                  200     0 flash               0.000000 0.000000
L 05/20/2026 - 18:53:35: 26 weapon_deagle         250    7   35   8                  650    40 deagle  nighthawk   0.000000 2.200000
L 05/20/2026 - 18:53:35: 27 weapon_sg552          235   30   90   4                 3500    60 sg552   krieg552    0.000000 3.000000
L 05/20/2026 - 18:53:35: 28 weapon_ak47           221   30   90   2                 2500    80 ak47    cv47        0.000000 2.450000
L 05/20/2026 - 18:53:35: 29                         0    0    0   0                    0     0                     0.000000 0.000000
L 05/20/2026 - 18:53:35: 30 weapon_p90            245   50  100   7                 2350    50 p90     c90         0.000000 3.400000
L 05/20/2026 - 18:53:35: [WI] Note that there are also "especial" weapons: "weapon_c4" (ID=6, SPEED=250, AID=14), "weapon_knife" (ID=29, SPEED=250), "weapon_shield" (COST=2200)
L 05/20/2026 - 18:59:56: ID NAME                SPEED CLIP AMMO AID ANAME           COST ACOST BUYNAME BUYNAME2    FIRE_PERIOD  RELOAD_PERIOD
L 05/20/2026 - 18:59:56:  1 weapon_p228           250   13   52   9                  600    50 p228    228compact  0.000000 2.700000
L 05/20/2026 - 18:59:56:  2                         0    0    0   0                    0     0                     0.000000 0.000000
L 05/20/2026 - 18:59:56:  3 weapon_scout          260   10   90   2                 2750    80 scout               0.000000 2.000000
L 05/20/2026 - 18:59:56:  4 weapon_hegrenade      250   -1    1  12                  300     0 hegren              0.000000 0.000000
L 05/20/2026 - 18:59:56:  5 weapon_xm1014         240    7   32   5                 3000    65 xm1014  autoshotgun 0.000000 0.550000
L 05/20/2026 - 18:59:56:  6                         0    0    0   0                    0     0                     0.000000 0.000000
L 05/20/2026 - 18:59:56:  7 weapon_mac10          250   30  100   6                 1400    25 mac10               0.000000 3.150000
L 05/20/2026 - 18:59:56:  8                         0    0    0   0                    0     0                     0.000000 0.000000
L 05/20/2026 - 18:59:56:  9 weapon_smokegrenade   250   -1    1  13                  300     0 sgren               0.000000 0.000000
L 05/20/2026 - 18:59:56: 10 weapon_elite          250   30  120  10                  800    20 elites              0.000000 4.500000
L 05/20/2026 - 18:59:56: 11 weapon_fiveseven      250   20  100   7                  750    50 fn57    fiveseven   0.000000 2.700000
L 05/20/2026 - 18:59:56: 12 weapon_ump45          250   25  100   6                 1700    25 ump45               0.000000 3.500000
L 05/20/2026 - 18:59:56: 13 weapon_sg550          210   30   90   4                 4200    60 sg550   krieg550    0.000000 3.349999
L 05/20/2026 - 18:59:56: 14 weapon_galil          240   35   90   4                 2000    60 galil   defender    0.000000 2.450000
L 05/20/2026 - 18:59:56: 15                         0    0    0   0                    0     0                     0.000000 0.000000
L 05/20/2026 - 18:59:56: 16 weapon_usp            250   12  100   6                  500    25 usp     km45        0.000000 2.700000
L 05/20/2026 - 18:59:56: 17 weapon_glock18        250   20  120  10                  400    20 glock   9x19mm      0.000000 2.200000
L 05/20/2026 - 18:59:56: 18                         0    0    0   0                    0     0                     0.000000 0.000000
L 05/20/2026 - 18:59:56: 19 weapon_mp5navy        250   30  120  10                 1500    20 mp5     smg         0.000000 2.630000
L 05/20/2026 - 18:59:56: 20 weapon_m249           220  100  200   3                 5750    60 m249                0.000000 4.699999
L 05/20/2026 - 18:59:56: 21 weapon_m3             230    8   32   5                 1700    65 m3      12gauge     0.000000 0.550000
L 05/20/2026 - 18:59:56: 22                         0    0    0   0                    0     0                     0.000000 0.000000
L 05/20/2026 - 18:59:56: 23 weapon_tmp            250   30  120  10                 1250    20 tmp     mp          0.000000 2.119999
L 05/20/2026 - 18:59:56: 24                         0    0    0   0                    0     0                     0.000000 0.000000
L 05/20/2026 - 18:59:56: 25 weapon_flashbang      250   -1    1  11                  200     0 flash               0.000000 0.000000
L 05/20/2026 - 18:59:56: 26 weapon_deagle         250    7   35   8                  650    40 deagle  nighthawk   0.000000 2.200000
L 05/20/2026 - 18:59:56: 27 weapon_sg552          235   30   90   4                 3500    60 sg552   krieg552    0.000000 3.000000
L 05/20/2026 - 18:59:56: 28 weapon_ak47           221   30   90   2                 2500    80 ak47    cv47        0.000000 2.450000
L 05/20/2026 - 18:59:56: 29                         0    0    0   0                    0     0                     0.000000 0.000000
L 05/20/2026 - 18:59:56: 30 weapon_p90            245   50  100   7                 2350    50 p90     c90         0.000000 3.400000
L 05/20/2026 - 18:59:56: [WI] Note that there are also "especial" weapons: "weapon_c4" (ID=6, SPEED=250, AID=14), "weapon_knife" (ID=29, SPEED=250), "weapon_shield" (COST=2200)
L 05/20/2026 - 19:02:30: ID NAME                SPEED CLIP AMMO AID ANAME           COST ACOST BUYNAME BUYNAME2    FIRE_PERIOD  RELOAD_PERIOD
L 05/20/2026 - 19:02:30:  1 weapon_p228           250   13   52   9                  600    50 p228    228compact  0.150000 2.700000
L 05/20/2026 - 19:02:30:  2                         0    0    0   0                    0     0                     0.000000 0.000000
L 05/20/2026 - 19:02:30:  3 weapon_scout          260   10   90   2                 2750    80 scout               1.250000 2.000000
L 05/20/2026 - 19:02:30:  4 weapon_hegrenade      250   -1    1  12                  300     0 hegren              0.000000 0.000000
L 05/20/2026 - 19:02:30:  5 weapon_xm1014         240    7   32   5                 3000    65 xm1014  autoshotgun 0.250000 0.550000
L 05/20/2026 - 19:02:30:  6                         0    0    0   0                    0     0                     0.000000 0.000000
L 05/20/2026 - 19:02:30:  7 weapon_mac10          250   30  100   6                 1400    25 mac10               0.070000 3.150000
L 05/20/2026 - 19:02:30:  8 weapon_aug            240   30   90   4                 3500    60 aug     bullpup     0.082500 3.299999
L 05/20/2026 - 19:02:30:  9 weapon_smokegrenade   250   -1    1  13                  300     0 sgren               0.000000 0.000000
L 05/20/2026 - 19:02:30: 10 weapon_elite          250   30  120  10                  800    20 elites              0.122000 4.500000
L 05/20/2026 - 19:02:30: 11 weapon_fiveseven      250   20  100   7                  750    50 fn57    fiveseven   0.150000 2.700000
L 05/20/2026 - 19:02:30: 12 weapon_ump45          250   25  100   6                 1700    25 ump45               0.100000 3.500000
L 05/20/2026 - 19:02:30: 13 weapon_sg550          210   30   90   4                 4200    60 sg550   krieg550    0.250000 3.349999
L 05/20/2026 - 19:02:30: 14 weapon_galil          240   35   90   4                 2000    60 galil   defender    0.087499 2.450000
L 05/20/2026 - 19:02:30: 15 weapon_famas          240   25   90   4                 2250    60 famas   clarion     0.082500 3.299999
L 05/20/2026 - 19:02:30: 16 weapon_usp            250   12  100   6                  500    25 usp     km45        0.149999 2.700000
L 05/20/2026 - 19:02:30: 17 weapon_glock18        250   20  120  10                  400    20 glock   9x19mm      0.150000 2.200000
L 05/20/2026 - 19:02:30: 18 weapon_awp            210   10   30   1                 4750   125 awp     magnum      1.450000 2.500000
L 05/20/2026 - 19:02:30: 19 weapon_mp5navy        250   30  120  10                 1500    20 mp5     smg         0.075000 2.630000
L 05/20/2026 - 19:02:30: 20 weapon_m249           220  100  200   3                 5750    60 m249                0.100000 4.699999
L 05/20/2026 - 19:02:30: 21 weapon_m3             230    8   32   5                 1700    65 m3      12gauge     0.875000 0.550000
L 05/20/2026 - 19:02:30: 22 weapon_m4a1           230   30   90   4                 3100    60 m4a1                0.087499 3.049999
L 05/20/2026 - 19:02:30: 23 weapon_tmp            250   30  120  10                 1250    20 tmp     mp          0.070000 2.119999
L 05/20/2026 - 19:02:30: 24 weapon_g3sg1          210   20   90   2                 5000    80 g3sg1   d3au1       0.250000 3.500000
L 05/20/2026 - 19:02:30: 25 weapon_flashbang      250   -1    1  11                  200     0 flash               0.000000 0.000000
L 05/20/2026 - 19:02:30: 26 weapon_deagle         250    7   35   8                  650    40 deagle  nighthawk   0.225000 2.200000
L 05/20/2026 - 19:02:30: 27 weapon_sg552          235   30   90   4                 3500    60 sg552   krieg552    0.082500 3.000000
L 05/20/2026 - 19:02:30: 28 weapon_ak47           221   30   90   2                 2500    80 ak47    cv47        0.095499 2.450000
L 05/20/2026 - 19:02:30: 29                         0    0    0   0                    0     0                     0.000000 0.000000
L 05/20/2026 - 19:02:30: 30 weapon_p90            245   50  100   7                 2350    50 p90     c90         0.065999 3.400000
L 05/20/2026 - 19:02:30: [WI] Note that there are also "especial" weapons: "weapon_c4" (ID=6, SPEED=250, AID=14), "weapon_knife" (ID=29, SPEED=250), "weapon_shield" (COST=2200)
L 05/20/2026 - 19:07:59: ID NAME                SPEED CLIP AMMO AID ANAME           COST ACOST BUYNAME BUYNAME2    FIRE_PERIOD  RELOAD_PERIOD
L 05/20/2026 - 19:07:59:  1 weapon_p228           250   13   52   9                  600    50 p228    228compact  0.150000 2.700000
L 05/20/2026 - 19:07:59:  2                         0    0    0   0                    0     0                     0.000000 0.000000
L 05/20/2026 - 19:07:59:  3 weapon_scout          260   10   90   2                 2750    80 scout               1.250000 2.000000
L 05/20/2026 - 19:07:59:  4 weapon_hegrenade      250   -1    1  12                  300     0 hegren              0.000000 0.000000
L 05/20/2026 - 19:07:59:  5 weapon_xm1014         240    7   32   5                 3000    65 xm1014  autoshotgun 0.250000 0.550000
L 05/20/2026 - 19:07:59:  6                         0    0    0   0                    0     0                     0.000000 0.000000
L 05/20/2026 - 19:07:59:  7 weapon_mac10          250   30  100   6                 1400    25 mac10               0.070000 3.150000
L 05/20/2026 - 19:07:59:  8 weapon_aug            240   30   90   4                 3500    60 aug     bullpup     0.082500 3.299999
L 05/20/2026 - 19:07:59:  9 weapon_smokegrenade   250   -1    1  13                  300     0 sgren               0.000000 0.000000
L 05/20/2026 - 19:07:59: 10 weapon_elite          250   30  120  10                  800    20 elites              0.122000 4.500000
L 05/20/2026 - 19:07:59: 11 weapon_fiveseven      250   20  100   7                  750    50 fn57    fiveseven   0.150000 2.700000
L 05/20/2026 - 19:07:59: 12 weapon_ump45          250   25  100   6                 1700    25 ump45               0.100000 3.500000
L 05/20/2026 - 19:07:59: 13 weapon_sg550          210   30   90   4                 4200    60 sg550   krieg550    0.250000 3.349999
L 05/20/2026 - 19:07:59: 14 weapon_galil          240   35   90   4                 2000    60 galil   defender    0.087499 2.450000
L 05/20/2026 - 19:07:59: 15 weapon_famas          240   25   90   4                 2250    60 famas   clarion     0.082500 3.299999
L 05/20/2026 - 19:07:59: 16 weapon_usp            250   12  100   6                  500    25 usp     km45        0.149999 2.700000
L 05/20/2026 - 19:07:59: 17 weapon_glock18        250   20  120  10                  400    20 glock   9x19mm      0.150000 2.200000
L 05/20/2026 - 19:07:59: 18 weapon_awp            210   10   30   1                 4750   125 awp     magnum      1.450000 2.500000
L 05/20/2026 - 19:07:59: 19 weapon_mp5navy        250   30  120  10                 1500    20 mp5     smg         0.075000 2.630000
L 05/20/2026 - 19:07:59: 20 weapon_m249           220  100  200   3                 5750    60 m249                0.100000 4.699999
L 05/20/2026 - 19:07:59: 21 weapon_m3             230    8   32   5                 1700    65 m3      12gauge     0.875000 0.550000
L 05/20/2026 - 19:07:59: 22 weapon_m4a1           230   30   90   4                 3100    60 m4a1                0.087499 3.049999
L 05/20/2026 - 19:07:59: 23 weapon_tmp            250   30  120  10                 1250    20 tmp     mp          0.070000 2.119999
L 05/20/2026 - 19:07:59: 24 weapon_g3sg1          210   20   90   2                 5000    80 g3sg1   d3au1       0.250000 3.500000
L 05/20/2026 - 19:07:59: 25 weapon_flashbang      250   -1    1  11                  200     0 flash               0.000000 0.000000
L 05/20/2026 - 19:07:59: 26 weapon_deagle         250    7   35   8                  650    40 deagle  nighthawk   0.225000 2.200000
L 05/20/2026 - 19:07:59: 27 weapon_sg552          235   30   90   4                 3500    60 sg552   krieg552    0.082500 3.000000
L 05/20/2026 - 19:07:59: 28 weapon_ak47           221   30   90   2                 2500    80 ak47    cv47        0.095499 2.450000
L 05/20/2026 - 19:07:59: 29                         0    0    0   0                    0     0                     0.000000 0.000000
L 05/20/2026 - 19:07:59: 30 weapon_p90            245   50  100   7                 2350    50 p90     c90         0.065999 3.400000
L 05/20/2026 - 19:07:59: [WI] Note that there are also "especial" weapons: "weapon_c4" (ID=6, SPEED=250, AID=14), "weapon_knife" (ID=29, SPEED=250), "weapon_shield" (COST=2200)
L 05/20/2026 - 19:13:11: ID NAME                SPEED CLIP AMMO AID ANAME           COST ACOST BUYNAME BUYNAME2    FIRE_PERIOD  RELOAD_PERIOD
L 05/20/2026 - 19:13:11:  1 weapon_p228           250   13   52   9                  600    50 p228    228compact  0.150000 2.700000
L 05/20/2026 - 19:13:11:  2                         0    0    0   0                    0     0                     0.000000 0.000000
L 05/20/2026 - 19:13:11:  3 weapon_scout          220   10   90   2                 2750    80 scout               1.250000 2.000000
L 05/20/2026 - 19:13:11:  4 weapon_hegrenade      250   -1    1  12                  300     0 hegren              0.000000 0.000000
L 05/20/2026 - 19:13:11:  5 weapon_xm1014         240    7   32   5                 3000    65 xm1014  autoshotgun 0.250000 0.550000
L 05/20/2026 - 19:13:11:  6                         0    0    0   0                    0     0                     0.000000 0.000000
L 05/20/2026 - 19:13:11:  7 weapon_mac10          250   30  100   6                 1400    25 mac10               0.070000 3.150000
L 05/20/2026 - 19:13:11:  8 weapon_aug            240   30   90   4                 3500    60 aug     bullpup     0.082500 3.299999
L 05/20/2026 - 19:13:11:  9 weapon_smokegrenade   250   -1    1  13                  300     0 sgren               0.000000 0.000000
L 05/20/2026 - 19:13:11: 10 weapon_elite          250   30  120  10                  800    20 elites              0.122000 4.500000
L 05/20/2026 - 19:13:11: 11 weapon_fiveseven      250   20  100   7                  750    50 fn57    fiveseven   0.150000 2.700000
L 05/20/2026 - 19:13:11: 12 weapon_ump45          250   25  100   6                 1700    25 ump45               0.100000 3.500000
L 05/20/2026 - 19:13:11: 13 weapon_sg550          150   30   90   4                 4200    60 sg550   krieg550    0.250000 3.349999
L 05/20/2026 - 19:13:11: 14 weapon_galil          240   35   90   4                 2000    60 galil   defender    0.087499 2.450000
L 05/20/2026 - 19:13:11: 15 weapon_famas          240   25   90   4                 2250    60 famas   clarion     0.082500 3.299999
L 05/20/2026 - 19:13:11: 16 weapon_usp            250   12  100   6                  500    25 usp     km45        0.149999 2.700000
L 05/20/2026 - 19:13:11: 17 weapon_glock18        250   20  120  10                  400    20 glock   9x19mm      0.150000 2.200000
L 05/20/2026 - 19:13:11: 18 weapon_awp            150   10   30   1                 4750   125 awp     magnum      1.450000 2.500000
L 05/20/2026 - 19:13:11: 19 weapon_mp5navy        250   30  120  10                 1500    20 mp5     smg         0.075000 2.630000
L 05/20/2026 - 19:13:11: 20 weapon_m249           220  100  200   3                 5750    60 m249                0.100000 4.699999
L 05/20/2026 - 19:13:11: 21 weapon_m3             230    8   32   5                 1700    65 m3      12gauge     0.875000 0.550000
L 05/20/2026 - 19:13:11: 22 weapon_m4a1           230   30   90   4                 3100    60 m4a1                0.087499 3.049999
L 05/20/2026 - 19:13:11: 23 weapon_tmp            250   30  120  10                 1250    20 tmp     mp          0.070000 2.119999
L 05/20/2026 - 19:13:11: 24 weapon_g3sg1          150   20   90   2                 5000    80 g3sg1   d3au1       0.250000 3.500000
L 05/20/2026 - 19:13:11: 25 weapon_flashbang      250   -1    1  11                  200     0 flash               0.000000 0.000000
L 05/20/2026 - 19:13:11: 26 weapon_deagle         250    7   35   8                  650    40 deagle  nighthawk   0.225000 2.200000
L 05/20/2026 - 19:13:11: 27 weapon_sg552          200   30   90   4                 3500    60 sg552   krieg552    0.082500 3.000000
L 05/20/2026 - 19:13:11: 28 weapon_ak47           221   30   90   2                 2500    80 ak47    cv47        0.095499 2.450000
L 05/20/2026 - 19:13:11: 29                         0    0    0   0                    0     0                     0.000000 0.000000
L 05/20/2026 - 19:13:11: 30 weapon_p90            245   50  100   7                 2350    50 p90     c90         0.065999 3.400000
L 05/20/2026 - 19:13:11: [WI] Note that there are also "especial" weapons: "weapon_c4" (ID=6, SPEED=250, AID=14), "weapon_knife" (ID=29, SPEED=250), "weapon_shield" (COST=2200)
