L 06/08/2024 - 02:21:16: Log file started (file "cstrike/addons/amxmodx/configs/war3ft/wc3_error.log") (game "cstrike") (amx "1.9.0.5294")
L 06/08/2024 - 02:21:16: [ERROR] Missing file 'wc3.css'
L 06/08/2024 - 02:21:46: [ERROR] Missing file 'wc3.css'
L 06/08/2024 - 02:22:47: ** Map de_aztec started, version: '3.0 RC13'
L 06/08/2024 - 02:40:15: ** Map de_aztec started, version: '3.0 RC13'
L 06/08/2024 - 02:43:07: ** Map 'de_aztec' ended
L 06/08/2024 - 02:43:07: ** Map de_aztec started, version: '3.0 RC13'
L 06/08/2024 - 02:45:58: ** Map 'de_aztec' ended
L 06/08/2024 - 02:45:59: ** Map de_dust2 started, version: '3.0 RC13'
L 06/08/2024 - 02:45:59: ** Map 'de_dust2' ended
L 06/08/2024 - 02:46:14: ** Map de_dust2002 started, version: '3.0 RC13'
L 06/08/2024 - 03:06:27: ** Map 'de_dust2002' ended
L 06/08/2024 - 03:06:28: ** Map de_airstrip started, version: '3.0 RC13'
L 06/08/2024 - 03:08:07: ** Map 'de_airstrip' ended
L 06/08/2024 - 03:08:07: ** Map de_airstrip started, version: '3.0 RC13'
L 06/08/2024 - 03:08:07: [MYSQLX] Database Connection Failed: [2002] Can't connect to local MySQL server through socket '/tmp/mysql.sock' (2)
L 06/08/2024 - 03:13:45: ** Map 'de_airstrip' ended
L 06/08/2024 - 03:13:45: ** Map de_airstrip started, version: '3.0 RC13'
L 06/08/2024 - 03:13:45: [MYSQLX] Database Connection Failed: [2002] Can't connect to local MySQL server through socket '/tmp/mysql.sock' (2)
L 06/08/2024 - 03:16:29: ** Map 'de_airstrip' ended
L 06/08/2024 - 03:16:29: ** Map de_dust2 started, version: '3.0 RC13'
L 06/08/2024 - 03:16:29: [MYSQLX] Database Connection Failed: [2002] Can't connect to local MySQL server through socket '/tmp/mysql.sock' (2)
L 06/08/2024 - 03:17:42: ** Map 'de_dust2' ended
L 06/08/2024 - 03:17:43: ** Map de_dust2 started, version: '3.0 RC13'
L 06/08/2024 - 03:18:14: ** Map 'de_dust2' ended
L 06/08/2024 - 03:18:16: ** Map de_dust started, version: '3.0 RC13'
L 06/08/2024 - 03:18:52: ** Map 'de_dust' ended
L 06/08/2024 - 03:18:53: ** Map de_dust started, version: '3.0 RC13'
L 06/08/2024 - 03:30:07: ** Map 'de_dust' ended
L 06/08/2024 - 03:30:08: ** Map de_dust2002 started, version: '3.0 RC13'
L 06/08/2024 - 03:50:22: ** Map 'de_dust2002' ended
L 06/08/2024 - 03:50:27: ** Map cs_havana started, version: '3.0 RC13'
L 06/08/2024 - 03:51:23: ** Map 'cs_havana' ended
L 06/08/2024 - 03:51:28: ** Map de_aztec started, version: '3.0 RC13'
L 06/08/2024 - 03:54:55: ** Map 'de_aztec' ended
L 06/08/2024 - 03:55:00: ** Map de_aztec started, version: '3.0 RC13'
L 06/08/2024 - 04:15:14: ** Map 'de_aztec' ended
L 06/08/2024 - 04:15:20: ** Map de_chateau started, version: '3.0 RC13'
L 06/08/2024 - 04:35:34: ** Map 'de_chateau' ended
L 06/08/2024 - 04:35:39: ** Map de_aztec started, version: '3.0 RC13'
L 06/08/2024 - 04:55:54: ** Map 'de_aztec' ended
L 06/08/2024 - 04:55:59: ** Map as_oilrig started, version: '3.0 RC13'
L 06/08/2024 - 04:57:41: ** Map 'as_oilrig' ended
L 06/08/2024 - 04:57:44: ** Map de_dust2002 started, version: '3.0 RC13'
L 06/08/2024 - 05:17:58: ** Map 'de_dust2002' ended
L 06/08/2024 - 05:18:03: ** Map cs_siege started, version: '3.0 RC13'
L 06/08/2024 - 05:38:17: ** Map 'cs_siege' ended
L 06/08/2024 - 05:38:22: ** Map de_cbble started, version: '3.0 RC13'
L 06/08/2024 - 05:58:36: ** Map 'de_cbble' ended
L 06/08/2024 - 05:58:41: ** Map de_dust started, version: '3.0 RC13'
L 06/08/2024 - 06:18:55: ** Map 'de_dust' ended
L 06/08/2024 - 06:19:01: ** Map cs_747 started, version: '3.0 RC13'
L 06/08/2024 - 06:21:12: ** Map 'cs_747' ended
L 06/08/2024 - 06:21:16: ** Map de_dust2 started, version: '3.0 RC13'
L 06/08/2024 - 06:41:30: ** Map 'de_dust2' ended
L 06/08/2024 - 06:41:37: ** Map de_prodigy started, version: '3.0 RC13'
L 06/08/2024 - 07:01:52: ** Map 'de_prodigy' ended
L 06/08/2024 - 07:01:59: ** Map cs_assault started, version: '3.0 RC13'
L 06/08/2024 - 07:22:13: ** Map 'cs_assault' ended
L 06/08/2024 - 07:22:20: ** Map cs_office started, version: '3.0 RC13'
L 06/08/2024 - 07:42:36: ** Map 'cs_office' ended
L 06/08/2024 - 07:42:42: ** Map cs_italy started, version: '3.0 RC13'
L 06/08/2024 - 08:02:56: ** Map 'cs_italy' ended
L 06/08/2024 - 08:03:01: ** Map cs_backalley started, version: '3.0 RC13'
L 06/08/2024 - 08:13:38: ** Map de_scud started, version: '3.0 RC13'
L 06/08/2024 - 08:15:49: ** Map 35hp_2 started, version: '3.0 RC13'
L 06/08/2024 - 13:56:54: ** Map de_aztec started, version: '3.0 RC13'
L 06/08/2024 - 14:09:22: ** Map 'de_aztec' ended
L 06/08/2024 - 14:09:27: ** Map cs_assault started, version: '3.0 RC13'
L 06/08/2024 - 14:12:26: ** Map 'cs_assault' ended
L 06/08/2024 - 14:25:40: ** Map de_aztec started, version: '3.0 RC13'
L 06/08/2024 - 14:52:20: ** Map de_dust_sp_et started, version: '3.0.0-dev'
L 06/08/2024 - 14:54:12: ** Map 'de_dust_sp_et' ended
L 06/08/2024 - 14:55:05: ** Map de_aztec started, version: '3.0.0-dev'
L 06/08/2024 - 14:58:58: ** Map de_aztec started, version: '3.0.0-dev'
L 06/08/2024 - 15:19:12: ** Map 'de_aztec' ended
L 06/08/2024 - 15:19:16: ** Map de_airstrip started, version: '3.0.0-dev'
L 06/08/2024 - 15:38:15: ** Map 'de_airstrip' ended
L 06/08/2024 - 15:47:37: ** Map de_aztec started, version: '3.0.0-dev'
L 06/08/2024 - 15:24:19: ** Map de_aztec started, version: '3.0.0-dev'
L 06/08/2024 - 15:31:47: ** Map 'de_aztec' ended
L 06/08/2024 - 15:32:19: ** Map de_aztec started, version: '3.0.0-dev'
L 06/08/2024 - 16:52:37: ** Map 'de_aztec' ended
L 06/08/2024 - 16:52:39: ** Map de_airstrip started, version: '3.0.0-dev'
L 06/08/2024 - 17:12:55: ** Map 'de_airstrip' ended
L 06/08/2024 - 17:12:56: ** Map cs_havana started, version: '1.0'
L 06/08/2024 - 17:12:59: ** Map 'cs_havana' ended
L 06/08/2024 - 17:24:41: ** Map de_aztec started, version: '1.0'
L 06/08/2024 - 17:26:01: [0] Invalid skill: -1 [3]
L 06/08/2024 - 17:26:42: [0] Invalid skill: -1 [3]
L 06/08/2024 - 17:26:44: [0] Invalid skill: -1 [3]
L 06/08/2024 - 17:26:45: [0] Invalid skill: -1 [3]
L 06/08/2024 - 17:28:04: [0] Invalid skill: -1 [3]
L 06/08/2024 - 17:28:11: [0] Invalid skill: -1 [3]
L 06/08/2024 - 17:28:11: [0] Invalid skill: -1 [3]
L 06/08/2024 - 17:28:33: [0] Invalid skill: -1 [3]
L 06/08/2024 - 17:28:33: [0] Invalid skill: -1 [3]
L 06/08/2024 - 17:28:43: [0] Invalid skill: -1 [3]
L 06/08/2024 - 17:28:52: [0] Invalid skill: -1 [3]
L 06/08/2024 - 17:29:18: [0] Invalid skill: -1 [3]
L 06/08/2024 - 17:29:28: [0] Invalid skill: -1 [3]
L 06/08/2024 - 17:29:28: [0] Invalid skill: -1 [3]
L 06/08/2024 - 17:29:29: [0] Invalid skill: -1 [3]
L 06/08/2024 - 17:29:30: [0] Invalid skill: -1 [3]
L 06/08/2024 - 17:30:02: [0] Invalid skill: -1 [3]
L 06/08/2024 - 17:30:02: [0] Invalid skill: -1 [3]
L 06/08/2024 - 17:30:12: [0] Invalid skill: -1 [3]
L 06/08/2024 - 17:30:12: [0] Invalid skill: -1 [3]
L 06/08/2024 - 17:30:29: [0] Invalid skill: -1 [3]
L 06/08/2024 - 17:30:31: [0] Invalid skill: -1 [3]
L 06/08/2024 - 17:30:38: [0] Invalid skill: -1 [3]
L 06/08/2024 - 17:30:48: [0] Invalid skill: -1 [3]
L 06/08/2024 - 17:31:02: [0] Invalid skill: -1 [3]
L 06/08/2024 - 17:31:26: [0] Invalid skill: -1 [3]
L 06/08/2024 - 17:31:28: [0] Invalid skill: -1 [3]
L 06/08/2024 - 17:31:37: [0] Invalid skill: -1 [3]
L 06/08/2024 - 17:31:45: [0] Invalid skill: -1 [3]
L 06/08/2024 - 17:31:49: [0] Invalid skill: -1 [3]
L 06/08/2024 - 17:31:52: [0] Invalid skill: -1 [3]
L 06/08/2024 - 17:31:59: [0] Invalid skill: -1 [3]
L 06/08/2024 - 17:32:00: [0] Invalid skill: -1 [3]
L 06/08/2024 - 17:32:00: [0] Invalid skill: -1 [3]
L 06/08/2024 - 17:32:00: [0] Invalid skill: -1 [3]
L 06/08/2024 - 17:32:15: [0] Invalid skill: -1 [3]
L 06/08/2024 - 17:32:21: [0] Invalid skill: -1 [3]
L 06/08/2024 - 17:32:25: [0] Invalid skill: -1 [3]
L 06/08/2024 - 17:32:39: [0] Invalid skill: -1 [3]
L 06/08/2024 - 17:32:54: [0] Invalid skill: -1 [3]
L 06/08/2024 - 17:32:55: [0] Invalid skill: -1 [3]
L 06/08/2024 - 17:32:59: [0] Invalid skill: -1 [3]
L 06/08/2024 - 17:33:15: [0] Invalid skill: -1 [3]
L 06/08/2024 - 17:33:16: [0] Invalid skill: -1 [3]
L 06/08/2024 - 17:33:23: [0] Invalid skill: -1 [3]
L 06/08/2024 - 17:33:28: [0] Invalid skill: -1 [3]
L 06/08/2024 - 17:33:40: [0] Invalid skill: -1 [3]
L 06/08/2024 - 17:33:40: [0] Invalid skill: -1 [3]
L 06/08/2024 - 17:34:04: [0] Invalid skill: -1 [3]
L 06/08/2024 - 17:34:20: [0] Invalid skill: -1 [3]
L 06/08/2024 - 17:34:21: [0] Invalid skill: -1 [3]
L 06/08/2024 - 17:34:21: [0] Invalid skill: -1 [3]
L 06/08/2024 - 17:34:27: [0] Invalid skill: -1 [3]
L 06/08/2024 - 17:34:37: [0] Invalid skill: -1 [3]
L 06/08/2024 - 17:34:46: [0] Invalid skill: -1 [3]
L 06/08/2024 - 17:34:46: [0] Invalid skill: -1 [3]
L 06/08/2024 - 17:34:47: [0] Invalid skill: -1 [3]
L 06/08/2024 - 17:34:49: [0] Invalid skill: -1 [3]
L 06/08/2024 - 17:35:09: [0] Invalid skill: -1 [3]
L 06/08/2024 - 17:35:21: [0] Invalid skill: -1 [3]
L 06/08/2024 - 17:35:22: [0] Invalid skill: -1 [3]
L 06/08/2024 - 17:35:33: [0] Invalid skill: -1 [3]
L 06/08/2024 - 17:36:13: [0] Invalid skill: -1 [3]
L 06/08/2024 - 17:36:25: [0] Invalid skill: -1 [3]
L 06/08/2024 - 17:36:36: [0] Invalid skill: -1 [3]
L 06/08/2024 - 17:36:36: [0] Invalid skill: -1 [3]
L 06/08/2024 - 17:36:36: [0] Invalid skill: -1 [3]
L 06/08/2024 - 17:36:37: [0] Invalid skill: -1 [3]
L 06/08/2024 - 17:36:39: [0] Invalid skill: -1 [3]
L 06/08/2024 - 17:36:50: [0] Invalid skill: -1 [3]
L 06/08/2024 - 17:37:02: [0] Invalid skill: -1 [3]
L 06/08/2024 - 17:37:09: [0] Invalid skill: -1 [3]
L 06/08/2024 - 17:37:11: [0] Invalid skill: -1 [3]
L 06/08/2024 - 17:37:43: [0] Invalid skill: -1 [3]
L 06/08/2024 - 17:37:45: [0] Invalid skill: -1 [3]
L 06/08/2024 - 17:37:50: [0] Invalid skill: -1 [3]
L 06/08/2024 - 17:38:02: [0] Invalid skill: -1 [3]
L 06/08/2024 - 17:38:20: [0] Invalid skill: -1 [3]
L 06/08/2024 - 17:38:21: [0] Invalid skill: -1 [3]
L 06/08/2024 - 17:38:24: [0] Invalid skill: -1 [3]
L 06/08/2024 - 17:38:40: [0] Invalid skill: -1 [3]
L 06/08/2024 - 17:38:55: [0] Invalid skill: -1 [3]
L 06/08/2024 - 17:38:55: [0] Invalid skill: -1 [3]
L 06/08/2024 - 17:39:00: [0] Invalid skill: -1 [3]
L 06/08/2024 - 17:39:01: [0] Invalid skill: -1 [3]
L 06/08/2024 - 17:39:01: [0] Invalid skill: -1 [3]
L 06/08/2024 - 17:39:05: [0] Invalid skill: -1 [3]
L 06/08/2024 - 17:39:27: [0] Invalid skill: -1 [3]
L 06/08/2024 - 17:39:29: [0] Invalid skill: -1 [3]
L 06/08/2024 - 17:39:29: [0] Invalid skill: -1 [3]
L 06/08/2024 - 17:39:33: [0] Invalid skill: -1 [3]
L 06/08/2024 - 17:40:06: [0] Invalid skill: -1 [3]
L 06/08/2024 - 17:40:13: [0] Invalid skill: -1 [3]
L 06/08/2024 - 17:40:15: [0] Invalid skill: -1 [3]
L 06/08/2024 - 17:40:43: [0] Invalid skill: -1 [3]
L 06/08/2024 - 17:41:04: [0] Invalid skill: -1 [3]
L 06/08/2024 - 17:41:28: [0] Invalid skill: -1 [3]
L 06/08/2024 - 17:41:56: [0] Invalid skill: -1 [3]
L 06/08/2024 - 17:41:56: [0] Invalid skill: -1 [3]
L 06/08/2024 - 17:41:59: [0] Invalid skill: -1 [3]
L 06/08/2024 - 17:42:10: [0] Invalid skill: -1 [3]
L 06/08/2024 - 17:42:10: [0] Invalid skill: -1 [3]
L 06/08/2024 - 17:42:14: [0] Invalid skill: -1 [3]
L 06/08/2024 - 17:42:15: [0] Invalid skill: -1 [3]
L 06/08/2024 - 17:42:25: [0] Invalid skill: -1 [3]
L 06/08/2024 - 17:42:27: [0] Invalid skill: -1 [3]
L 06/08/2024 - 17:42:28: [0] Invalid skill: -1 [3]
L 06/08/2024 - 17:42:28: [0] Invalid skill: -1 [3]
L 06/08/2024 - 17:42:29: [0] Invalid skill: -1 [3]
L 06/08/2024 - 17:42:45: [0] Invalid skill: -1 [3]
L 06/08/2024 - 17:43:05: [0] Invalid skill: -1 [3]
L 06/08/2024 - 17:43:06: [0] Invalid skill: -1 [3]
L 06/08/2024 - 17:43:15: [0] Invalid skill: -1 [3]
L 06/08/2024 - 17:43:20: [0] Invalid skill: -1 [3]
L 06/08/2024 - 17:43:22: [0] Invalid skill: -1 [3]
L 06/08/2024 - 17:43:27: [0] Invalid skill: -1 [3]
L 06/08/2024 - 17:43:52: [0] Invalid skill: -1 [3]
L 06/08/2024 - 17:44:04: [0] Invalid skill: -1 [3]
L 06/08/2024 - 17:44:14: [0] Invalid skill: -1 [3]
L 06/08/2024 - 17:44:28: [0] Invalid skill: -1 [3]
L 06/08/2024 - 17:44:35: [0] Invalid skill: -1 [3]
L 06/08/2024 - 17:44:35: [0] Invalid skill: -1 [3]
L 06/08/2024 - 17:44:55: ** Map 'de_aztec' ended
L 06/08/2024 - 17:44:56: ** Map de_chateau started, version: '1.0'
L 06/08/2024 - 17:45:34: [0] Invalid skill: -1 [3]
L 06/08/2024 - 17:45:46: [0] Invalid skill: -1 [3]
L 06/08/2024 - 17:46:48: [0] Invalid skill: -1 [3]
L 06/08/2024 - 17:46:53: [0] Invalid skill: -1 [3]
L 06/08/2024 - 17:46:54: ** Map 'de_chateau' ended
L 06/08/2024 - 17:48:02: ** Map 1hp started, version: '1.0'
L 06/08/2024 - 17:49:00: ** Map 1hp started, version: '1.0'
L 06/08/2024 - 17:53:39: ** Map '1hp' ended
L 06/08/2024 - 17:53:39: ** Map 1hp started, version: '1.0'
L 06/08/2024 - 17:58:01: ** Map '1hp' ended
L 06/08/2024 - 17:58:01: ** Map 1hp started, version: '1.0'
L 06/08/2024 - 17:58:58: ** Map 1hp started, version: '1.0'
L 06/08/2024 - 18:02:07: ** Map 1hp started, version: '1.0'
L 06/08/2024 - 18:03:41: ** Map 1hp started, version: '1.0'
L 06/08/2024 - 18:09:26: ** Map 1hp started, version: '1.0'
L 06/08/2024 - 18:11:25: ** Map 1hp started, version: '1.0'
L 06/08/2024 - 18:14:21: ** Map 1hp started, version: '1.0'
L 06/08/2024 - 18:15:26: ** Map 1hp started, version: '1.0'
L 06/08/2024 - 18:35:32: ** Map '1hp' ended
L 06/08/2024 - 20:29:26: ** Map de_aztec started, version: '1.0'
L 06/08/2024 - 20:30:05: [0] Invalid skill: -1 [3]
L 06/08/2024 - 20:30:16: [0] Invalid skill: -1 [3]
L 06/08/2024 - 20:30:24: [0] Invalid skill: -1 [3]
L 06/08/2024 - 20:30:25: [0] Invalid skill: -1 [3]
L 06/08/2024 - 20:30:25: [0] Invalid skill: -1 [3]
L 06/08/2024 - 20:30:28: [0] Invalid skill: -1 [3]
L 06/08/2024 - 20:32:42: ** Map de_aztec started, version: '1.0'
L 06/08/2024 - 20:41:30: [0] Invalid skill: -1 [3]
L 06/08/2024 - 20:41:35: [0] Invalid skill: -1 [3]
L 06/08/2024 - 20:41:43: [0] Invalid skill: -1 [3]
L 06/08/2024 - 20:41:51: [0] Invalid skill: -1 [3]
L 06/08/2024 - 20:41:58: [0] Invalid skill: -1 [3]
L 06/08/2024 - 20:42:02: [0] Invalid skill: -1 [3]
L 06/08/2024 - 20:42:03: [0] Invalid skill: -1 [3]
L 06/08/2024 - 20:42:09: [0] Invalid skill: -1 [3]
L 06/08/2024 - 20:42:20: [0] Invalid skill: -1 [3]
L 06/08/2024 - 20:42:23: [0] Invalid skill: -1 [3]
L 06/08/2024 - 20:42:29: [0] Invalid skill: -1 [3]
L 06/08/2024 - 20:42:33: [0] Invalid skill: -1 [3]
L 06/08/2024 - 20:42:37: [0] Invalid skill: -1 [3]
L 06/08/2024 - 20:42:38: [0] Invalid skill: -1 [3]
L 06/08/2024 - 20:42:40: [0] Invalid skill: -1 [3]
L 06/08/2024 - 20:42:41: [0] Invalid skill: -1 [3]
L 06/08/2024 - 20:42:49: [0] Invalid skill: -1 [3]
L 06/08/2024 - 20:42:50: [0] Invalid skill: -1 [3]
L 06/08/2024 - 20:43:16: [0] Invalid skill: -1 [3]
L 06/08/2024 - 20:43:32: [0] Invalid skill: -1 [3]
L 06/08/2024 - 20:43:37: [0] Invalid skill: -1 [3]
L 06/08/2024 - 20:43:44: [0] Invalid skill: -1 [3]
L 06/08/2024 - 20:43:45: [0] Invalid skill: -1 [3]
L 06/08/2024 - 20:43:49: [0] Invalid skill: -1 [3]
L 06/08/2024 - 20:43:58: [0] Invalid skill: -1 [3]
L 06/08/2024 - 20:43:59: [0] Invalid skill: -1 [3]
L 06/08/2024 - 20:44:09: [0] Invalid skill: -1 [3]
L 06/08/2024 - 20:44:27: [0] Invalid skill: -1 [3]
L 06/08/2024 - 20:44:40: [0] Invalid skill: -1 [3]
L 06/08/2024 - 20:44:51: [0] Invalid skill: -1 [3]
L 06/08/2024 - 20:44:52: [0] Invalid skill: -1 [3]
L 06/08/2024 - 20:44:53: [0] Invalid skill: -1 [3]
L 06/08/2024 - 20:44:53: [0] Invalid skill: -1 [3]
L 06/08/2024 - 20:44:59: [0] Invalid skill: -1 [3]
L 06/08/2024 - 20:45:29: [0] Invalid skill: -1 [3]
L 06/08/2024 - 20:45:37: [0] Invalid skill: -1 [3]
L 06/08/2024 - 20:45:38: [0] Invalid skill: -1 [3]
L 06/08/2024 - 20:45:38: [0] Invalid skill: -1 [3]
L 06/08/2024 - 20:45:57: [0] Invalid skill: -1 [3]
L 06/08/2024 - 20:46:02: [0] Invalid skill: -1 [3]
L 06/08/2024 - 20:46:03: [0] Invalid skill: -1 [3]
L 06/08/2024 - 20:46:14: ** Map 'de_aztec' ended
L 06/09/2024 - 05:50:11: ** Map 1hp started, version: '1.0'
L 06/09/2024 - 06:04:04: ** Map '1hp' ended
L 06/09/2024 - 06:04:05: ** Map de_aztec started, version: '1.0'
L 06/09/2024 - 06:04:41: [0] Invalid skill: -1 [3]
L 06/09/2024 - 06:04:46: [0] Invalid skill: -1 [3]
L 06/09/2024 - 06:05:22: [0] Invalid skill: -1 [3]
L 06/09/2024 - 06:05:56: [0] Invalid skill: -1 [3]
L 06/09/2024 - 06:05:57: [0] Invalid skill: -1 [3]
L 06/09/2024 - 06:06:02: [0] Invalid skill: -1 [3]
L 06/09/2024 - 06:06:44: [0] Invalid skill: -1 [3]
L 06/09/2024 - 06:06:44: [0] Invalid skill: -1 [3]
L 06/09/2024 - 06:06:45: [0] Invalid skill: -1 [3]
L 06/09/2024 - 06:06:49: [0] Invalid skill: -1 [3]
L 06/09/2024 - 06:07:18: [0] Invalid skill: -1 [3]
L 06/09/2024 - 06:07:20: [0] Invalid skill: -1 [3]
L 06/09/2024 - 06:07:23: [0] Invalid skill: -1 [3]
L 06/09/2024 - 06:07:23: [0] Invalid skill: -1 [3]
L 06/09/2024 - 06:07:23: [0] Invalid skill: -1 [3]
L 06/09/2024 - 06:08:48: [0] Invalid skill: -1 [3]
L 06/09/2024 - 06:09:32: [0] Invalid skill: -1 [3]
L 06/09/2024 - 06:10:00: [0] Invalid skill: -1 [3]
L 06/09/2024 - 06:10:26: [0] Invalid skill: -1 [3]
L 06/09/2024 - 06:10:31: ** Map 'de_aztec' ended
L 06/09/2024 - 06:26:36: ** Map de_aztec started, version: '1.0'
L 06/09/2024 - 06:27:10: [0] Invalid skill: -1 [3]
L 06/09/2024 - 06:28:28: [0] Invalid skill: -1 [3]
L 06/09/2024 - 06:29:08: [0] Invalid skill: -1 [3]
L 06/09/2024 - 06:29:09: [0] Invalid skill: -1 [3]
L 06/09/2024 - 06:29:09: [0] Invalid skill: -1 [3]
L 06/09/2024 - 06:29:10: [0] Invalid skill: -1 [3]
L 06/09/2024 - 06:30:27: [0] Invalid skill: -1 [3]
L 06/09/2024 - 06:30:49: [0] Invalid skill: -1 [3]
L 06/09/2024 - 06:31:07: [0] Invalid skill: -1 [3]
L 06/09/2024 - 06:31:29: [0] Invalid skill: -1 [3]
L 06/09/2024 - 06:31:30: [0] Invalid skill: -1 [3]
L 06/09/2024 - 06:31:56: [0] Invalid skill: -1 [3]
L 06/09/2024 - 06:31:59: [0] Invalid skill: -1 [3]
L 06/09/2024 - 06:32:06: [0] Invalid skill: -1 [3]
L 06/09/2024 - 06:32:07: [0] Invalid skill: -1 [3]
L 06/09/2024 - 06:32:31: [0] Invalid skill: -1 [3]
L 06/09/2024 - 06:32:31: [0] Invalid skill: -1 [3]
L 06/09/2024 - 06:32:36: [0] Invalid skill: -1 [3]
L 06/09/2024 - 06:32:37: [0] Invalid skill: -1 [3]
L 06/09/2024 - 06:32:42: [0] Invalid skill: -1 [3]
L 06/09/2024 - 06:33:19: [0] Invalid skill: -1 [3]
L 06/09/2024 - 06:33:42: [0] Invalid skill: -1 [3]
L 06/09/2024 - 06:33:42: [0] Invalid skill: -1 [3]
L 06/09/2024 - 06:33:45: [0] Invalid skill: -1 [3]
L 06/09/2024 - 06:34:20: ** Map de_cpl_mill started, version: '1.0'
L 06/09/2024 - 06:34:49: [0] Invalid skill: -1 [3]
L 06/09/2024 - 06:35:50: [0] Invalid skill: -1 [3]
L 06/09/2024 - 06:35:56: [0] Invalid skill: -1 [3]
L 06/09/2024 - 06:36:05: [0] Invalid skill: -1 [3]
L 06/09/2024 - 06:37:02: [0] Invalid skill: -1 [3]
L 06/09/2024 - 06:37:52: [0] Invalid skill: -1 [3]
L 06/09/2024 - 06:37:52: [0] Invalid skill: -1 [3]
L 06/09/2024 - 06:38:11: [0] Invalid skill: -1 [3]
L 06/09/2024 - 06:39:11: [0] Invalid skill: -1 [3]
L 06/09/2024 - 06:39:11: [0] Invalid skill: -1 [3]
L 06/09/2024 - 06:39:12: [0] Invalid skill: -1 [3]
L 06/09/2024 - 06:43:25: ** Map de_aztec started, version: '1.0'
L 06/09/2024 - 06:45:15: [0] Invalid skill: -1 [3]
L 06/09/2024 - 06:46:21: [0] Invalid skill: -1 [3]
L 06/09/2024 - 06:46:31: [0] Invalid skill: -1 [3]
L 06/09/2024 - 06:46:31: [0] Invalid skill: -1 [3]
L 06/09/2024 - 06:46:40: [0] Invalid skill: -1 [3]
L 06/09/2024 - 06:47:04: [0] Invalid skill: -1 [3]
L 06/09/2024 - 06:47:05: [0] Invalid skill: -1 [3]
L 06/09/2024 - 06:47:43: [0] Invalid skill: -1 [3]
L 06/09/2024 - 06:47:43: [0] Invalid skill: -1 [3]
L 06/09/2024 - 06:48:00: [0] Invalid skill: -1 [3]
L 06/09/2024 - 06:49:06: [0] Invalid skill: -1 [3]
L 06/09/2024 - 06:49:07: [0] Invalid skill: -1 [3]
L 06/09/2024 - 06:51:12: [0] Invalid skill: -1 [3]
L 06/09/2024 - 06:51:52: [0] Invalid skill: -1 [3]
L 06/09/2024 - 06:53:21: [0] Invalid skill: -1 [3]
L 06/09/2024 - 06:53:21: [0] Invalid skill: -1 [3]
L 06/09/2024 - 06:53:40: [0] Invalid skill: -1 [3]
L 06/09/2024 - 06:54:31: [0] Invalid skill: -1 [3]
L 06/09/2024 - 06:55:19: [0] Invalid skill: -1 [3]
L 06/09/2024 - 06:56:19: [0] Invalid skill: -1 [3]
L 06/09/2024 - 06:57:17: ** Map 'de_aztec' ended
L 06/09/2024 - 06:57:17: ** Map 35hp_2 started, version: '1.0'
L 06/09/2024 - 06:57:29: [0] Invalid skill: -1 [3]
L 06/09/2024 - 06:57:30: [0] Invalid skill: -1 [3]
L 06/09/2024 - 06:57:40: [0] Invalid skill: -1 [3]
L 06/09/2024 - 06:57:50: [0] Invalid skill: -1 [3]
L 06/09/2024 - 06:57:52: [0] Invalid skill: -1 [3]
L 06/09/2024 - 06:57:58: [0] Invalid skill: -1 [3]
L 06/09/2024 - 06:58:07: [0] Invalid skill: -1 [3]
L 06/09/2024 - 06:58:21: [0] Invalid skill: -1 [3]
L 06/09/2024 - 06:59:22: ** Map '35hp_2' ended
L 06/09/2024 - 06:59:23: ** Map 35hp_2 started, version: '1.0'
L 06/09/2024 - 07:01:18: ** Map '35hp_2' ended
L 06/09/2024 - 21:58:39: ** Map 35hp_2 started, version: '1.0'
L 06/09/2024 - 21:59:16: [0] Invalid skill: -1 [3]
L 06/09/2024 - 21:59:49: [0] Invalid skill: -1 [3]
L 06/09/2024 - 22:00:20: [0] Invalid skill: -1 [3]
L 06/09/2024 - 22:01:31: [0] Invalid skill: -1 [3]
L 06/09/2024 - 22:01:55: [0] Invalid skill: -1 [3]
L 06/09/2024 - 22:05:46: [0] Invalid skill: -1 [3]
L 06/09/2024 - 22:06:41: [0] Invalid skill: -1 [3]
L 06/09/2024 - 22:09:30: ** Map de_aztec started, version: '1.0'
L 06/09/2024 - 22:11:14: ** Map de_aztec started, version: '1.0'
L 06/09/2024 - 22:11:57: [0] Invalid skill: -1 [3]
L 06/09/2024 - 22:11:57: [0] Invalid skill: -1 [3]
L 06/09/2024 - 22:11:58: [0] Invalid skill: -1 [3]
L 06/09/2024 - 22:12:00: ** Map 'de_aztec' ended
L 06/09/2024 - 22:12:00: ** Map de_aztec started, version: '1.0'
L 06/09/2024 - 22:13:04: [0] Invalid skill: -1 [3]
L 06/09/2024 - 22:13:19: [0] Invalid skill: -1 [3]
L 06/09/2024 - 22:14:23: [0] Invalid skill: -1 [3]
L 06/09/2024 - 22:14:23: [0] Invalid skill: -1 [3]
L 06/09/2024 - 22:14:23: [0] Invalid skill: -1 [3]
L 06/09/2024 - 22:14:47: [0] Invalid skill: -1 [3]
L 06/09/2024 - 22:14:47: [0] Invalid skill: -1 [3]
L 06/09/2024 - 22:15:04: [0] Invalid skill: -1 [3]
L 06/09/2024 - 22:15:04: [0] Invalid skill: -1 [3]
L 06/09/2024 - 22:15:20: [0] Invalid skill: -1 [3]
L 06/09/2024 - 22:15:21: [0] Invalid skill: -1 [3]
L 06/09/2024 - 22:16:30: [0] Invalid skill: -1 [3]
L 06/09/2024 - 22:16:30: [0] Invalid skill: -1 [3]
L 06/09/2024 - 22:16:56: [0] Invalid skill: -1 [3]
L 06/09/2024 - 22:18:22: ** Map de_cbble started, version: '1.0'
L 06/09/2024 - 22:19:17: ** Map 'de_cbble' ended
L 06/09/2024 - 22:19:54: ** Map de_cbble started, version: '1.0'
L 06/09/2024 - 22:21:52: [0] Invalid skill: -1 [3]
L 06/09/2024 - 22:22:08: [0] Invalid skill: -1 [3]
L 06/09/2024 - 22:22:47: [0] Invalid skill: -1 [3]
L 06/09/2024 - 22:23:44: ** Map 'de_cbble' ended
L 06/18/2024 - 18:39:10: ** Map de_aztec started, version: '1.0'
L 06/18/2024 - 18:39:40: [0] Invalid skill: -1 [3]
L 06/18/2024 - 18:40:26: [0] Invalid skill: -1 [3]
L 06/18/2024 - 18:40:42: [0] Invalid skill: -1 [3]
L 06/18/2024 - 18:41:02: [0] Invalid skill: -1 [3]
L 06/18/2024 - 18:41:04: [0] Invalid skill: -1 [3]
L 06/18/2024 - 18:41:07: [0] Invalid skill: -1 [3]
L 06/18/2024 - 18:41:07: [0] Invalid skill: -1 [3]
L 06/18/2024 - 18:41:39: [0] Invalid skill: -1 [3]
L 06/18/2024 - 18:42:18: [0] Invalid skill: -1 [3]
L 06/18/2024 - 18:42:32: [0] Invalid skill: -1 [3]
L 06/18/2024 - 18:42:58: [0] Invalid skill: -1 [3]
L 06/18/2024 - 18:43:01: [0] Invalid skill: -1 [3]
L 06/18/2024 - 18:43:01: [0] Invalid skill: -1 [3]
L 06/18/2024 - 18:43:38: [0] Invalid skill: -1 [3]
L 06/18/2024 - 18:44:15: [0] Invalid skill: -1 [3]
L 06/18/2024 - 18:44:40: [0] Invalid skill: -1 [3]
L 06/18/2024 - 18:44:44: [0] Invalid skill: -1 [3]
L 06/18/2024 - 18:44:48: [0] Invalid skill: -1 [3]
L 06/18/2024 - 18:44:49: [0] Invalid skill: -1 [3]
L 06/18/2024 - 18:44:50: [0] Invalid skill: -1 [3]
L 06/18/2024 - 18:44:54: [0] Invalid skill: -1 [3]
L 06/18/2024 - 18:44:55: [0] Invalid skill: -1 [3]
L 06/18/2024 - 18:45:21: [0] Invalid skill: -1 [3]
L 06/18/2024 - 18:45:21: [0] Invalid skill: -1 [3]
L 06/18/2024 - 18:45:45: [0] Invalid skill: -1 [3]
L 06/18/2024 - 18:45:53: [0] Invalid skill: -1 [3]
L 06/18/2024 - 18:46:15: [0] Invalid skill: -1 [3]
L 06/18/2024 - 18:46:21: [0] Invalid skill: -1 [3]
L 06/18/2024 - 18:46:21: [0] Invalid skill: -1 [3]
L 06/18/2024 - 18:46:50: [0] Invalid skill: -1 [3]
L 06/18/2024 - 18:47:39: [0] Invalid skill: -1 [3]
L 06/18/2024 - 18:47:41: [0] Invalid skill: -1 [3]
L 06/18/2024 - 18:47:56: [0] Invalid skill: -1 [3]
L 06/18/2024 - 18:48:02: [0] Invalid skill: -1 [3]
L 06/18/2024 - 18:48:55: [0] Invalid skill: -1 [3]
L 06/18/2024 - 18:48:58: [0] Invalid skill: -1 [3]
L 06/18/2024 - 18:49:48: [0] Invalid skill: -1 [3]
L 06/18/2024 - 18:49:49: [0] Invalid skill: -1 [3]
L 06/18/2024 - 18:50:08: [0] Invalid skill: -1 [3]
L 06/18/2024 - 18:50:40: [0] Invalid skill: -1 [3]
L 06/18/2024 - 18:50:40: [0] Invalid skill: -1 [3]
L 06/18/2024 - 18:50:40: [0] Invalid skill: -1 [3]
L 06/18/2024 - 18:50:47: [0] Invalid skill: -1 [3]
L 06/18/2024 - 18:51:03: [0] Invalid skill: -1 [3]
L 06/18/2024 - 18:51:04: [0] Invalid skill: -1 [3]
L 06/18/2024 - 18:51:14: [0] Invalid skill: -1 [3]
L 06/18/2024 - 18:52:17: [0] Invalid skill: -1 [3]
L 06/18/2024 - 18:52:17: [0] Invalid skill: -1 [3]
L 06/18/2024 - 18:52:20: [0] Invalid skill: -1 [3]
L 06/18/2024 - 18:52:45: [0] Invalid skill: -1 [3]
L 06/18/2024 - 18:53:38: [0] Invalid skill: -1 [3]
L 06/18/2024 - 18:54:12: [0] Invalid skill: -1 [3]
L 06/18/2024 - 18:56:09: [0] Invalid skill: -1 [3]
L 06/18/2024 - 18:56:20: [0] Invalid skill: -1 [3]
L 06/18/2024 - 18:56:20: [0] Invalid skill: -1 [3]
L 06/18/2024 - 18:56:49: [0] Invalid skill: -1 [3]
L 06/18/2024 - 18:56:49: [0] Invalid skill: -1 [3]
L 06/18/2024 - 18:56:55: [0] Invalid skill: -1 [3]
L 06/18/2024 - 18:57:04: [0] Invalid skill: -1 [3]
L 06/18/2024 - 18:57:08: [0] Invalid skill: -1 [3]
L 06/18/2024 - 18:57:12: [0] Invalid skill: -1 [3]
L 06/18/2024 - 18:57:42: [0] Invalid skill: -1 [3]
L 06/18/2024 - 18:58:27: [0] Invalid skill: -1 [3]
L 06/18/2024 - 18:58:47: [0] Invalid skill: -1 [3]
L 06/18/2024 - 18:58:51: [0] Invalid skill: -1 [3]
L 06/18/2024 - 18:58:54: [0] Invalid skill: -1 [3]
L 06/18/2024 - 18:59:10: ** Map 'de_aztec' ended
L 08/02/2024 - 23:41:23: ** Map cs_assault started, version: '1.0'
L 08/02/2024 - 23:42:02: [0] Invalid skill: -1 [3]
L 08/02/2024 - 23:43:48: [0] Invalid skill: -1 [3]
L 08/02/2024 - 23:44:22: [0] Invalid skill: -1 [3]
L 08/02/2024 - 23:44:22: [0] Invalid skill: -1 [3]
L 08/02/2024 - 23:44:37: [0] Invalid skill: -1 [3]
L 08/02/2024 - 23:44:38: [0] Invalid skill: -1 [3]
L 08/02/2024 - 23:45:08: [0] Invalid skill: -1 [3]
L 08/02/2024 - 23:45:09: [0] Invalid skill: -1 [3]
L 08/02/2024 - 23:45:13: [0] Invalid skill: -1 [3]
L 08/02/2024 - 23:45:31: [0] Invalid skill: -1 [3]
L 08/02/2024 - 23:46:08: [0] Invalid skill: -1 [3]
L 08/02/2024 - 23:46:11: [0] Invalid skill: -1 [3]
L 08/02/2024 - 23:46:11: [0] Invalid skill: -1 [3]
L 08/02/2024 - 23:46:11: [0] Invalid skill: -1 [3]
L 08/02/2024 - 23:46:13: [0] Invalid skill: -1 [3]
L 08/02/2024 - 23:46:16: [0] Invalid skill: -1 [3]
L 08/02/2024 - 23:46:52: [0] Invalid skill: -1 [3]
L 08/02/2024 - 23:47:14: [0] Invalid skill: -1 [3]
L 08/02/2024 - 23:47:34: [0] Invalid skill: -1 [3]
L 08/02/2024 - 23:48:00: [0] Invalid skill: -1 [3]
L 08/02/2024 - 23:48:03: [0] Invalid skill: -1 [3]
L 08/02/2024 - 23:48:03: [0] Invalid skill: -1 [3]
L 08/02/2024 - 23:48:04: [0] Invalid skill: -1 [3]
L 08/02/2024 - 23:48:09: [0] Invalid skill: -1 [3]
L 08/02/2024 - 23:48:24: [0] Invalid skill: -1 [3]
L 08/02/2024 - 23:49:04: [0] Invalid skill: -1 [3]
L 08/02/2024 - 23:49:33: [0] Invalid skill: -1 [3]
L 08/02/2024 - 23:50:06: [0] Invalid skill: -1 [3]
L 08/02/2024 - 23:50:08: [0] Invalid skill: -1 [3]
L 08/02/2024 - 23:50:18: [0] Invalid skill: -1 [3]
L 08/02/2024 - 23:50:18: [0] Invalid skill: -1 [3]
L 08/02/2024 - 23:50:48: [0] Invalid skill: -1 [3]
L 08/02/2024 - 23:50:55: [0] Invalid skill: -1 [3]
L 08/02/2024 - 23:51:07: [0] Invalid skill: -1 [3]
L 08/02/2024 - 23:51:08: [0] Invalid skill: -1 [3]
L 08/02/2024 - 23:51:10: [0] Invalid skill: -1 [3]
L 08/02/2024 - 23:51:15: [0] Invalid skill: -1 [3]
L 08/02/2024 - 23:51:37: [0] Invalid skill: -1 [3]
L 08/02/2024 - 23:51:56: [0] Invalid skill: -1 [3]
L 08/02/2024 - 23:52:08: [0] Invalid skill: -1 [3]
L 08/02/2024 - 23:52:25: [0] Invalid skill: -1 [3]
L 08/02/2024 - 23:52:34: [0] Invalid skill: -1 [3]
L 08/02/2024 - 23:52:34: [0] Invalid skill: -1 [3]
L 08/02/2024 - 23:52:43: [0] Invalid skill: -1 [3]
L 08/02/2024 - 23:52:44: [0] Invalid skill: -1 [3]
L 08/02/2024 - 23:52:53: [0] Invalid skill: -1 [3]
L 08/02/2024 - 23:52:54: [0] Invalid skill: -1 [3]
L 08/02/2024 - 23:53:51: [0] Invalid skill: -1 [3]
L 08/02/2024 - 23:53:56: [0] Invalid skill: -1 [3]
L 08/02/2024 - 23:54:01: [0] Invalid skill: -1 [3]
L 08/02/2024 - 23:54:56: [0] Invalid skill: -1 [3]
L 08/02/2024 - 23:55:22: [0] Invalid skill: -1 [3]
L 08/02/2024 - 23:55:23: [0] Invalid skill: -1 [3]
L 08/02/2024 - 23:56:00: [0] Invalid skill: -1 [3]
L 08/02/2024 - 23:56:01: [0] Invalid skill: -1 [3]
L 08/02/2024 - 23:56:12: [0] Invalid skill: -1 [3]
L 08/02/2024 - 23:56:17: [0] Invalid skill: -1 [3]
L 08/02/2024 - 23:56:47: [0] Invalid skill: -1 [3]
L 08/02/2024 - 23:56:47: [0] Invalid skill: -1 [3]
L 08/02/2024 - 23:57:07: [0] Invalid skill: -1 [3]
L 08/02/2024 - 23:57:38: [0] Invalid skill: -1 [3]
L 08/02/2024 - 23:57:39: [0] Invalid skill: -1 [3]
L 08/02/2024 - 23:59:04: [0] Invalid skill: -1 [3]
L 08/02/2024 - 23:59:10: ** Map 'cs_assault' ended
L 08/25/2024 - 20:00:47: ** Map cs_assault started, version: '1.0'
L 08/25/2024 - 20:01:21: [0] Invalid skill: -1 [3]
L 08/25/2024 - 20:01:23: [0] Invalid skill: -1 [3]
L 08/25/2024 - 20:01:23: [0] Invalid skill: -1 [3]
L 08/25/2024 - 20:01:24: [0] Invalid skill: -1 [3]
L 08/25/2024 - 20:01:24: [0] Invalid skill: -1 [3]
L 08/25/2024 - 20:01:25: [0] Invalid skill: -1 [3]
L 08/25/2024 - 20:01:51: [0] Invalid skill: -1 [3]
L 08/25/2024 - 20:01:56: [0] Invalid skill: -1 [3]
L 08/25/2024 - 20:01:56: [0] Invalid skill: -1 [3]
L 08/25/2024 - 20:02:02: [0] Invalid skill: -1 [3]
L 08/25/2024 - 20:02:04: [0] Invalid skill: -1 [3]
L 08/25/2024 - 20:02:06: [0] Invalid skill: -1 [3]
L 08/25/2024 - 20:02:06: [0] Invalid skill: -1 [3]
L 08/25/2024 - 20:02:08: [0] Invalid skill: -1 [3]
L 08/25/2024 - 20:02:40: [0] Invalid skill: -1 [3]
L 08/25/2024 - 20:03:00: [0] Invalid skill: -1 [3]
L 08/25/2024 - 20:03:07: [0] Invalid skill: -1 [3]
L 08/25/2024 - 20:03:31: [0] Invalid skill: -1 [3]
L 08/25/2024 - 20:04:53: [0] Invalid skill: -1 [3]
L 08/25/2024 - 20:04:53: [0] Invalid skill: -1 [3]
L 08/25/2024 - 20:05:19: [0] Invalid skill: -1 [3]
L 08/25/2024 - 20:05:30: [0] Invalid skill: -1 [3]
L 08/25/2024 - 20:06:26: [0] Invalid skill: -1 [3]
L 08/25/2024 - 20:06:27: [0] Invalid skill: -1 [3]
L 08/25/2024 - 20:06:28: [0] Invalid skill: -1 [3]
L 08/25/2024 - 20:06:28: [0] Invalid skill: -1 [3]
L 08/25/2024 - 20:06:56: [0] Invalid skill: -1 [3]
L 08/25/2024 - 20:07:17: [0] Invalid skill: -1 [3]
L 08/25/2024 - 20:07:44: [0] Invalid skill: -1 [3]
L 08/25/2024 - 20:07:44: [0] Invalid skill: -1 [3]
L 08/25/2024 - 20:07:45: [0] Invalid skill: -1 [3]
L 08/25/2024 - 20:07:49: [0] Invalid skill: -1 [3]
L 08/25/2024 - 20:07:51: [0] Invalid skill: -1 [3]
L 08/25/2024 - 20:08:21: [0] Invalid skill: -1 [3]
L 08/25/2024 - 20:08:39: [0] Invalid skill: -1 [3]
L 08/25/2024 - 20:08:56: [0] Invalid skill: -1 [3]
L 08/25/2024 - 20:10:06: [0] Invalid skill: -1 [3]
L 08/25/2024 - 20:10:07: [0] Invalid skill: -1 [3]
L 08/25/2024 - 20:10:12: [0] Invalid skill: -1 [3]
L 08/25/2024 - 20:10:13: [0] Invalid skill: -1 [3]
L 08/25/2024 - 20:11:02: [0] Invalid skill: -1 [3]
L 08/25/2024 - 20:11:02: [0] Invalid skill: -1 [3]
L 08/25/2024 - 20:11:04: [0] Invalid skill: -1 [3]
L 08/25/2024 - 20:11:08: [0] Invalid skill: -1 [3]
L 08/25/2024 - 20:11:39: [0] Invalid skill: -1 [3]
L 08/25/2024 - 20:11:40: [0] Invalid skill: -1 [3]
L 08/25/2024 - 20:11:44: [0] Invalid skill: -1 [3]
L 08/25/2024 - 20:12:28: [0] Invalid skill: -1 [3]
